TpTrace Verbose: 0 : 20084, 1, 2025/10/15, 11:16:08.600, 12498383113, vstest.console.dll, Version: 17.11.1-release-24455-02 Current process architecture: X64
TpTrace Verbose: 0 : 20084, 1, 2025/10/15, 11:16:08.602, 12498400995, vstest.console.dll, Runtime location: C:\Program Files\dotnet\shared\Microsoft.NETCore.App\8.0.10
TpTrace Verbose: 0 : 20084, 1, 2025/10/15, 11:16:08.603, 12498414823, vstest.console.dll, ArtifactProcessingPostProcessModeProcessorExecutor.Initialize: ArtifactProcessingMode.Collect
TpTrace Verbose: 0 : 20084, 1, 2025/10/15, 11:16:08.603, 12498415623, vstest.console.dll, TestSessionCorrelationIdProcessorModeProcessorExecutor.Initialize: TestSessionCorrelationId '6228_24199a4a-1163-4854-9bbb-9ec7affeff36'
TpTrace Information: 0 : 20084, 1, 2025/10/15, 11:16:08.607, 12498457164, vstest.console.dll, FilePatternParser: The given file C:\Users\Student3\Desktop\DevOps\08-Exercise-CI-CD-GitHub-Actions-Resources\08-Exercise-CI-CD-GitHub-Actions-Resources\06-SeleniumWebDriver\TestProject1\bin\Debug\net6.0\fine-code-coverage\build-output\TestProject1.dll is a full path.
TpTrace Verbose: 0 : 20084, 1, 2025/10/15, 11:16:08.610, 12498482015, vstest.console.dll, TestPluginCache.DiscoverTestExtensions: finding test extensions in assemblies ends with: RuntimeProvider.dll TPluginInfo: Microsoft.VisualStudio.TestPlatform.Common.ExtensionFramework.Utilities.TestRuntimePluginInformation TExtension: Microsoft.VisualStudio.TestPlatform.ObjectModel.Host.ITestRuntimeProvider
TpTrace Verbose: 0 : 20084, 1, 2025/10/15, 11:16:08.610, 12498483802, vstest.console.dll, TestPluginCache.GetExtensionPaths: Filtered extension paths: 
TpTrace Verbose: 0 : 20084, 1, 2025/10/15, 11:16:08.610, 12498484234, vstest.console.dll, TestPluginCache.GetExtensionPaths: Added default extension paths: C:\Program Files\dotnet\sdk\8.0.403\Extensions\Microsoft.Diagnostics.NETCore.Client.dll
C:\Program Files\dotnet\sdk\8.0.403\Extensions\Microsoft.TestPlatform.Extensions.BlameDataCollector.dll
C:\Program Files\dotnet\sdk\8.0.403\Extensions\Microsoft.TestPlatform.Extensions.EventLogCollector.dll
C:\Program Files\dotnet\sdk\8.0.403\Extensions\Microsoft.TestPlatform.TestHostRuntimeProvider.dll
C:\Program Files\dotnet\sdk\8.0.403\Extensions\Microsoft.VisualStudio.TestPlatform.Extensions.Html.TestLogger.dll
C:\Program Files\dotnet\sdk\8.0.403\Extensions\Microsoft.VisualStudio.TestPlatform.Extensions.Trx.TestLogger.dll
TpTrace Verbose: 0 : 20084, 1, 2025/10/15, 11:16:08.610, 12498484396, vstest.console.dll, TestPluginCache.GetExtensionPaths: Added unfilterableExtensionPaths: 
TpTrace Information: 0 : 20084, 1, 2025/10/15, 11:16:08.610, 12498487468, vstest.console.dll, AssemblyResolver.ctor: Creating AssemblyResolver with searchDirectories C:\Program Files\dotnet\sdk\8.0.403\Extensions,C:\Program Files\dotnet\sdk\8.0.403
TpTrace Verbose: 0 : 20084, 1, 2025/10/15, 11:16:08.611, 12498494708, vstest.console.dll, TestPluginCache.DiscoverTestExtensions: Discovering the extensions using extension path.
TpTrace Verbose: 0 : 20084, 1, 2025/10/15, 11:16:08.611, 12498495454, vstest.console.dll, TestPluginCache.GetExtensionPaths: Filtered extension paths: 
TpTrace Verbose: 0 : 20084, 1, 2025/10/15, 11:16:08.611, 12498495639, vstest.console.dll, TestPluginCache.GetExtensionPaths: Added default extension paths: C:\Program Files\dotnet\sdk\8.0.403\Extensions\Microsoft.Diagnostics.NETCore.Client.dll
C:\Program Files\dotnet\sdk\8.0.403\Extensions\Microsoft.TestPlatform.Extensions.BlameDataCollector.dll
C:\Program Files\dotnet\sdk\8.0.403\Extensions\Microsoft.TestPlatform.Extensions.EventLogCollector.dll
C:\Program Files\dotnet\sdk\8.0.403\Extensions\Microsoft.TestPlatform.TestHostRuntimeProvider.dll
C:\Program Files\dotnet\sdk\8.0.403\Extensions\Microsoft.VisualStudio.TestPlatform.Extensions.Html.TestLogger.dll
C:\Program Files\dotnet\sdk\8.0.403\Extensions\Microsoft.VisualStudio.TestPlatform.Extensions.Trx.TestLogger.dll
TpTrace Verbose: 0 : 20084, 1, 2025/10/15, 11:16:08.611, 12498495792, vstest.console.dll, TestPluginCache.GetExtensionPaths: Added unfilterableExtensionPaths: 
TpTrace Verbose: 0 : 20084, 1, 2025/10/15, 11:16:08.611, 12498496369, vstest.console.dll, TestPluginCache.DiscoverTestExtensions: Discovering the extensions using allExtensionPaths: C:\Program Files\dotnet\sdk\8.0.403\Extensions\Microsoft.Diagnostics.NETCore.Client.dll
C:\Program Files\dotnet\sdk\8.0.403\Extensions\Microsoft.TestPlatform.Extensions.BlameDataCollector.dll
C:\Program Files\dotnet\sdk\8.0.403\Extensions\Microsoft.TestPlatform.Extensions.EventLogCollector.dll
C:\Program Files\dotnet\sdk\8.0.403\Extensions\Microsoft.TestPlatform.TestHostRuntimeProvider.dll
C:\Program Files\dotnet\sdk\8.0.403\Extensions\Microsoft.VisualStudio.TestPlatform.Extensions.Html.TestLogger.dll
C:\Program Files\dotnet\sdk\8.0.403\Extensions\Microsoft.VisualStudio.TestPlatform.Extensions.Trx.TestLogger.dll
TpTrace Information: 0 : 20084, 1, 2025/10/15, 11:16:08.611, 12498496864, vstest.console.dll, AssemblyResolver.AddSearchDirectories: Adding more searchDirectories C:\Program Files\dotnet\sdk\8.0.403\Extensions,C:\Program Files\dotnet\sdk\8.0.403
TpTrace Information: 0 : 20084, 1, 2025/10/15, 11:16:08.611, 12498497054, vstest.console.dll, AssemblyResolver.AddSearchDirectories: Adding more searchDirectories C:\Program Files\dotnet\sdk\8.0.403\Extensions,C:\Program Files\dotnet\sdk\8.0.403
TpTrace Information: 0 : 20084, 1, 2025/10/15, 11:16:08.611, 12498497170, vstest.console.dll, AssemblyResolver.AddSearchDirectories: Adding more searchDirectories C:\Program Files\dotnet\sdk\8.0.403\Extensions,C:\Program Files\dotnet\sdk\8.0.403
TpTrace Information: 0 : 20084, 1, 2025/10/15, 11:16:08.611, 12498497300, vstest.console.dll, AssemblyResolver.AddSearchDirectories: Adding more searchDirectories C:\Program Files\dotnet\sdk\8.0.403\Extensions,C:\Program Files\dotnet\sdk\8.0.403
TpTrace Information: 0 : 20084, 1, 2025/10/15, 11:16:08.611, 12498497410, vstest.console.dll, AssemblyResolver.AddSearchDirectories: Adding more searchDirectories C:\Program Files\dotnet\sdk\8.0.403\Extensions,C:\Program Files\dotnet\sdk\8.0.403
TpTrace Information: 0 : 20084, 1, 2025/10/15, 11:16:08.611, 12498497517, vstest.console.dll, AssemblyResolver.AddSearchDirectories: Adding more searchDirectories C:\Program Files\dotnet\sdk\8.0.403\Extensions,C:\Program Files\dotnet\sdk\8.0.403
TpTrace Information: 0 : 20084, 1, 2025/10/15, 11:16:08.612, 12498500259, vstest.console.dll, AssemblyResolver.OnResolve: Microsoft.Diagnostics.NETCore.Client: Resolving assembly.
TpTrace Information: 0 : 20084, 1, 2025/10/15, 11:16:08.612, 12498500720, vstest.console.dll, AssemblyResolver.OnResolve: Microsoft.Diagnostics.NETCore.Client: Searching in: 'C:\Program Files\dotnet\sdk\8.0.403\Extensions'.
TpTrace Information: 0 : 20084, 1, 2025/10/15, 11:16:08.616, 12498542714, vstest.console.dll, AssemblyResolver.OnResolve: Microsoft.Diagnostics.NETCore.Client: Loading assembly 'C:\Program Files\dotnet\sdk\8.0.403\Extensions\Microsoft.Diagnostics.NETCore.Client.dll'.
TpTrace Information: 0 : 20084, 1, 2025/10/15, 11:16:08.616, 12498545786, vstest.console.dll, AssemblyResolver.OnResolve: Resolved assembly: Microsoft.Diagnostics.NETCore.Client, from path: C:\Program Files\dotnet\sdk\8.0.403\Extensions\Microsoft.Diagnostics.NETCore.Client.dll
TpTrace Verbose: 0 : 20084, 1, 2025/10/15, 11:16:08.619, 12498569852, vstest.console.dll, MetadataReaderExtensionsHelper: Discovering extensions inside assembly 'Microsoft.Diagnostics.NETCore.Client, Version=0.2.10.30701, Culture=neutral, PublicKeyToken=31bf3856ad364e35' file path 'C:\Program Files\dotnet\sdk\8.0.403\Extensions\Microsoft.Diagnostics.NETCore.Client.dll'
TpTrace Information: 0 : 20084, 1, 2025/10/15, 11:16:08.621, 12498592381, vstest.console.dll, AssemblyResolver.OnResolve: Microsoft.Bcl.AsyncInterfaces: Resolving assembly.
TpTrace Information: 0 : 20084, 1, 2025/10/15, 11:16:08.621, 12498592915, vstest.console.dll, AssemblyResolver.OnResolve: Microsoft.Bcl.AsyncInterfaces: Searching in: 'C:\Program Files\dotnet\sdk\8.0.403\Extensions'.
TpTrace Information: 0 : 20084, 1, 2025/10/15, 11:16:08.621, 12498593360, vstest.console.dll, AssemblyResolver.OnResolve: Microsoft.Bcl.AsyncInterfaces: Assembly path does not exist: 'C:\Program Files\dotnet\sdk\8.0.403\Extensions\Microsoft.Bcl.AsyncInterfaces.dll', returning.
TpTrace Information: 0 : 20084, 1, 2025/10/15, 11:16:08.621, 12498593961, vstest.console.dll, AssemblyResolver.OnResolve: Microsoft.Bcl.AsyncInterfaces: Assembly path does not exist: 'C:\Program Files\dotnet\sdk\8.0.403\Extensions\Microsoft.Bcl.AsyncInterfaces.exe', returning.
TpTrace Information: 0 : 20084, 1, 2025/10/15, 11:16:08.621, 12498594164, vstest.console.dll, AssemblyResolver.OnResolve: Microsoft.Bcl.AsyncInterfaces: Searching in: 'C:\Program Files\dotnet\sdk\8.0.403'.
TpTrace Information: 0 : 20084, 1, 2025/10/15, 11:16:08.621, 12498594443, vstest.console.dll, AssemblyResolver.OnResolve: Microsoft.Bcl.AsyncInterfaces: Assembly path does not exist: 'C:\Program Files\dotnet\sdk\8.0.403\Microsoft.Bcl.AsyncInterfaces.dll', returning.
TpTrace Information: 0 : 20084, 1, 2025/10/15, 11:16:08.621, 12498594643, vstest.console.dll, AssemblyResolver.OnResolve: Microsoft.Bcl.AsyncInterfaces: Assembly path does not exist: 'C:\Program Files\dotnet\sdk\8.0.403\Microsoft.Bcl.AsyncInterfaces.exe', returning.
TpTrace Information: 0 : 20084, 1, 2025/10/15, 11:16:08.621, 12498594786, vstest.console.dll, AssemblyResolver.OnResolve: Microsoft.Bcl.AsyncInterfaces: Failed to load assembly.
TpTrace Verbose: 0 : 20084, 1, 2025/10/15, 11:16:08.621, 12498594939, vstest.console.dll, CurrentDomainAssemblyResolve: Resolving assembly 'Microsoft.Bcl.AsyncInterfaces'.
TpTrace Information: 0 : 20084, 1, 2025/10/15, 11:16:08.621, 12498595204, vstest.console.dll, AssemblyResolver.OnResolve: Microsoft.Bcl.AsyncInterfaces: Resolving assembly.
TpTrace Information: 0 : 20084, 1, 2025/10/15, 11:16:08.621, 12498595343, vstest.console.dll, AssemblyResolver.OnResolve: Microsoft.Bcl.AsyncInterfaces: Resolved from cache.
TpTrace Verbose: 0 : 20084, 1, 2025/10/15, 11:16:08.621, 12498595444, vstest.console.dll, CurrentDomainAssemblyResolve: Resolving assembly 'Microsoft.Bcl.AsyncInterfaces'.
TpTrace Verbose: 0 : 20084, 1, 2025/10/15, 11:16:08.621, 12498595578, vstest.console.dll, CurrentDomainAssemblyResolve: Failed to resolve assembly 'Microsoft.Bcl.AsyncInterfaces'.
TpTrace Verbose: 0 : 20084, 1, 2025/10/15, 11:16:08.622, 12498600331, vstest.console.dll, CurrentDomainAssemblyResolve: Failed to resolve assembly 'Microsoft.Bcl.AsyncInterfaces'.
TpTrace Warning: 0 : 20084, 1, 2025/10/15, 11:16:08.627, 12498651119, vstest.console.dll, TestPluginDiscoverer: Failed to get types from assembly 'Microsoft.Diagnostics.NETCore.Client, Version=0.2.10.30701, Culture=neutral, PublicKeyToken=31bf3856ad364e35'. Error: System.Reflection.ReflectionTypeLoadException: Unable to load one or more of the requested types.
Could not load file or assembly 'Microsoft.Bcl.AsyncInterfaces, Version=6.0.0.0, Culture=neutral, PublicKeyToken=cc7b13ffcd2ddd51'. The system cannot find the file specified.
   at System.Reflection.RuntimeModule.GetTypes(RuntimeModule module)
   at System.Reflection.RuntimeModule.GetTypes()
   at Microsoft.VisualStudio.TestPlatform.Common.ExtensionFramework.TestPluginDiscoverer.GetTestExtensionsFromAssembly[TPluginInfo,TExtension](Assembly assembly, Dictionary`2 pluginInfos, String filePath) in /_/src/Microsoft.TestPlatform.Common/ExtensionFramework/TestPluginDiscoverer.cs:line 158
System.IO.FileNotFoundException: Could not load file or assembly 'Microsoft.Bcl.AsyncInterfaces, Version=6.0.0.0, Culture=neutral, PublicKeyToken=cc7b13ffcd2ddd51'. The system cannot find the file specified.
File name: 'Microsoft.Bcl.AsyncInterfaces, Version=6.0.0.0, Culture=neutral, PublicKeyToken=cc7b13ffcd2ddd51'
 ---> System.IO.FileNotFoundException: Could not load file or assembly 'Microsoft.Bcl.AsyncInterfaces, Culture=neutral, PublicKeyToken=null'. The system cannot find the file specified.
File name: 'Microsoft.Bcl.AsyncInterfaces, Culture=neutral, PublicKeyToken=null'
   at System.Reflection.RuntimeAssembly.InternalLoad(AssemblyName assemblyName, StackCrawlMark& stackMark, AssemblyLoadContext assemblyLoadContext, RuntimeAssembly requestingAssembly, Boolean throwOnFileNotFound)
   at System.Reflection.Assembly.Load(AssemblyName assemblyRef)
   at Microsoft.VisualStudio.TestPlatform.Common.ExtensionFramework.TestPluginCache.CurrentDomainAssemblyResolve(Object sender, AssemblyResolveEventArgs args) in /_/src/Microsoft.TestPlatform.Common/ExtensionFramework/TestPluginCache.cs:line 513
   at System.Runtime.Loader.AssemblyLoadContext.GetFirstResolvedAssemblyFromResolvingEvent(AssemblyName assemblyName)
   at System.Runtime.Loader.AssemblyLoadContext.ResolveUsingEvent(AssemblyName assemblyName)
   at System.Runtime.Loader.AssemblyLoadContext.ResolveUsingResolvingEvent(IntPtr gchManagedAssemblyLoadContext, AssemblyName assemblyName)
TpTrace Warning: 0 : 20084, 1, 2025/10/15, 11:16:08.627, 12498653276, vstest.console.dll, LoaderExceptions: System.IO.FileNotFoundException: Could not load file or assembly 'Microsoft.Bcl.AsyncInterfaces, Version=6.0.0.0, Culture=neutral, PublicKeyToken=cc7b13ffcd2ddd51'. The system cannot find the file specified.
File name: 'Microsoft.Bcl.AsyncInterfaces, Version=6.0.0.0, Culture=neutral, PublicKeyToken=cc7b13ffcd2ddd51'
 ---> System.IO.FileNotFoundException: Could not load file or assembly 'Microsoft.Bcl.AsyncInterfaces, Culture=neutral, PublicKeyToken=null'. The system cannot find the file specified.
File name: 'Microsoft.Bcl.AsyncInterfaces, Culture=neutral, PublicKeyToken=null'
   at System.Reflection.RuntimeAssembly.InternalLoad(AssemblyName assemblyName, StackCrawlMark& stackMark, AssemblyLoadContext assemblyLoadContext, RuntimeAssembly requestingAssembly, Boolean throwOnFileNotFound)
   at System.Reflection.Assembly.Load(AssemblyName assemblyRef)
   at Microsoft.VisualStudio.TestPlatform.Common.ExtensionFramework.TestPluginCache.CurrentDomainAssemblyResolve(Object sender, AssemblyResolveEventArgs args) in /_/src/Microsoft.TestPlatform.Common/ExtensionFramework/TestPluginCache.cs:line 513
   at System.Runtime.Loader.AssemblyLoadContext.GetFirstResolvedAssemblyFromResolvingEvent(AssemblyName assemblyName)
   at System.Runtime.Loader.AssemblyLoadContext.ResolveUsingEvent(AssemblyName assemblyName)
   at System.Runtime.Loader.AssemblyLoadContext.ResolveUsingResolvingEvent(IntPtr gchManagedAssemblyLoadContext, AssemblyName assemblyName)
TpTrace Information: 0 : 20084, 1, 2025/10/15, 11:16:08.627, 12498654060, vstest.console.dll, AssemblyResolver.OnResolve: Microsoft.TestPlatform.Extensions.BlameDataCollector: Resolving assembly.
TpTrace Information: 0 : 20084, 1, 2025/10/15, 11:16:08.627, 12498654241, vstest.console.dll, AssemblyResolver.OnResolve: Microsoft.TestPlatform.Extensions.BlameDataCollector: Searching in: 'C:\Program Files\dotnet\sdk\8.0.403\Extensions'.
TpTrace Information: 0 : 20084, 1, 2025/10/15, 11:16:08.627, 12498656069, vstest.console.dll, AssemblyResolver.OnResolve: Microsoft.TestPlatform.Extensions.BlameDataCollector: Loading assembly 'C:\Program Files\dotnet\sdk\8.0.403\Extensions\Microsoft.TestPlatform.Extensions.BlameDataCollector.dll'.
TpTrace Information: 0 : 20084, 1, 2025/10/15, 11:16:08.628, 12498658412, vstest.console.dll, AssemblyResolver.OnResolve: Resolved assembly: Microsoft.TestPlatform.Extensions.BlameDataCollector, from path: C:\Program Files\dotnet\sdk\8.0.403\Extensions\Microsoft.TestPlatform.Extensions.BlameDataCollector.dll
TpTrace Verbose: 0 : 20084, 1, 2025/10/15, 11:16:08.628, 12498658812, vstest.console.dll, MetadataReaderExtensionsHelper: Discovering extensions inside assembly 'Microsoft.TestPlatform.Extensions.BlameDataCollector, Version=15.0.0.0, Culture=neutral, PublicKeyToken=b03f5f7f11d50a3a' file path 'C:\Program Files\dotnet\sdk\8.0.403\Extensions\Microsoft.TestPlatform.Extensions.BlameDataCollector.dll'
TpTrace Information: 0 : 20084, 1, 2025/10/15, 11:16:08.628, 12498665337, vstest.console.dll, AssemblyResolver.OnResolve: Microsoft.TestPlatform.Extensions.EventLogCollector: Resolving assembly.
TpTrace Information: 0 : 20084, 1, 2025/10/15, 11:16:08.628, 12498665740, vstest.console.dll, AssemblyResolver.OnResolve: Microsoft.TestPlatform.Extensions.EventLogCollector: Searching in: 'C:\Program Files\dotnet\sdk\8.0.403\Extensions'.
TpTrace Information: 0 : 20084, 1, 2025/10/15, 11:16:08.628, 12498667370, vstest.console.dll, AssemblyResolver.OnResolve: Microsoft.TestPlatform.Extensions.EventLogCollector: Loading assembly 'C:\Program Files\dotnet\sdk\8.0.403\Extensions\Microsoft.TestPlatform.Extensions.EventLogCollector.dll'.
TpTrace Information: 0 : 20084, 1, 2025/10/15, 11:16:08.629, 12498669271, vstest.console.dll, AssemblyResolver.OnResolve: Resolved assembly: Microsoft.TestPlatform.Extensions.EventLogCollector, from path: C:\Program Files\dotnet\sdk\8.0.403\Extensions\Microsoft.TestPlatform.Extensions.EventLogCollector.dll
TpTrace Verbose: 0 : 20084, 1, 2025/10/15, 11:16:08.629, 12498670284, vstest.console.dll, MetadataReaderExtensionsHelper: Discovering extensions inside assembly 'Microsoft.TestPlatform.Extensions.EventLogCollector, Version=15.0.0.0, Culture=neutral, PublicKeyToken=b03f5f7f11d50a3a' file path 'C:\Program Files\dotnet\sdk\8.0.403\Extensions\Microsoft.TestPlatform.Extensions.EventLogCollector.dll'
TpTrace Information: 0 : 20084, 1, 2025/10/15, 11:16:08.630, 12498680429, vstest.console.dll, AssemblyResolver.OnResolve: Microsoft.TestPlatform.TestHostRuntimeProvider: Resolving assembly.
TpTrace Information: 0 : 20084, 1, 2025/10/15, 11:16:08.630, 12498680813, vstest.console.dll, AssemblyResolver.OnResolve: Microsoft.TestPlatform.TestHostRuntimeProvider: Searching in: 'C:\Program Files\dotnet\sdk\8.0.403\Extensions'.
TpTrace Information: 0 : 20084, 1, 2025/10/15, 11:16:08.630, 12498682430, vstest.console.dll, AssemblyResolver.OnResolve: Microsoft.TestPlatform.TestHostRuntimeProvider: Loading assembly 'C:\Program Files\dotnet\sdk\8.0.403\Extensions\Microsoft.TestPlatform.TestHostRuntimeProvider.dll'.
TpTrace Information: 0 : 20084, 1, 2025/10/15, 11:16:08.630, 12498684488, vstest.console.dll, AssemblyResolver.OnResolve: Resolved assembly: Microsoft.TestPlatform.TestHostRuntimeProvider, from path: C:\Program Files\dotnet\sdk\8.0.403\Extensions\Microsoft.TestPlatform.TestHostRuntimeProvider.dll
TpTrace Verbose: 0 : 20084, 1, 2025/10/15, 11:16:08.630, 12498684831, vstest.console.dll, MetadataReaderExtensionsHelper: Discovering extensions inside assembly 'Microsoft.TestPlatform.TestHostRuntimeProvider, Version=15.0.0.0, Culture=neutral, PublicKeyToken=b03f5f7f11d50a3a' file path 'C:\Program Files\dotnet\sdk\8.0.403\Extensions\Microsoft.TestPlatform.TestHostRuntimeProvider.dll'
TpTrace Information: 0 : 20084, 1, 2025/10/15, 11:16:08.631, 12498691833, vstest.console.dll, GetTestExtensionFromType: Register extension with identifier data 'HostProvider://DefaultTestHost' and type 'Microsoft.VisualStudio.TestPlatform.CrossPlatEngine.Hosting.DefaultTestHostManager, Microsoft.TestPlatform.TestHostRuntimeProvider, Version=15.0.0.0, Culture=neutral, PublicKeyToken=b03f5f7f11d50a3a' inside file 'C:\Program Files\dotnet\sdk\8.0.403\Extensions\Microsoft.TestPlatform.TestHostRuntimeProvider.dll'
TpTrace Information: 0 : 20084, 1, 2025/10/15, 11:16:08.631, 12498693302, vstest.console.dll, GetTestExtensionFromType: Register extension with identifier data 'HostProvider://DotnetTestHost' and type 'Microsoft.VisualStudio.TestPlatform.CrossPlatEngine.Hosting.DotnetTestHostManager, Microsoft.TestPlatform.TestHostRuntimeProvider, Version=15.0.0.0, Culture=neutral, PublicKeyToken=b03f5f7f11d50a3a' inside file 'C:\Program Files\dotnet\sdk\8.0.403\Extensions\Microsoft.TestPlatform.TestHostRuntimeProvider.dll'
TpTrace Information: 0 : 20084, 1, 2025/10/15, 11:16:08.631, 12498693788, vstest.console.dll, AssemblyResolver.OnResolve: Microsoft.VisualStudio.TestPlatform.Extensions.Html.TestLogger: Resolving assembly.
TpTrace Information: 0 : 20084, 1, 2025/10/15, 11:16:08.631, 12498693938, vstest.console.dll, AssemblyResolver.OnResolve: Microsoft.VisualStudio.TestPlatform.Extensions.Html.TestLogger: Searching in: 'C:\Program Files\dotnet\sdk\8.0.403\Extensions'.
TpTrace Information: 0 : 20084, 1, 2025/10/15, 11:16:08.631, 12498695603, vstest.console.dll, AssemblyResolver.OnResolve: Microsoft.VisualStudio.TestPlatform.Extensions.Html.TestLogger: Loading assembly 'C:\Program Files\dotnet\sdk\8.0.403\Extensions\Microsoft.VisualStudio.TestPlatform.Extensions.Html.TestLogger.dll'.
TpTrace Information: 0 : 20084, 1, 2025/10/15, 11:16:08.632, 12498698126, vstest.console.dll, AssemblyResolver.OnResolve: Resolved assembly: Microsoft.VisualStudio.TestPlatform.Extensions.Html.TestLogger, from path: C:\Program Files\dotnet\sdk\8.0.403\Extensions\Microsoft.VisualStudio.TestPlatform.Extensions.Html.TestLogger.dll
TpTrace Verbose: 0 : 20084, 1, 2025/10/15, 11:16:08.632, 12498698495, vstest.console.dll, MetadataReaderExtensionsHelper: Discovering extensions inside assembly 'Microsoft.VisualStudio.TestPlatform.Extensions.Html.TestLogger, Version=15.0.0.0, Culture=neutral, PublicKeyToken=b03f5f7f11d50a3a' file path 'C:\Program Files\dotnet\sdk\8.0.403\Extensions\Microsoft.VisualStudio.TestPlatform.Extensions.Html.TestLogger.dll'
TpTrace Information: 0 : 20084, 1, 2025/10/15, 11:16:08.632, 12498702310, vstest.console.dll, AssemblyResolver.OnResolve: Microsoft.VisualStudio.TestPlatform.Extensions.Trx.TestLogger: Resolving assembly.
TpTrace Information: 0 : 20084, 1, 2025/10/15, 11:16:08.632, 12498702728, vstest.console.dll, AssemblyResolver.OnResolve: Microsoft.VisualStudio.TestPlatform.Extensions.Trx.TestLogger: Searching in: 'C:\Program Files\dotnet\sdk\8.0.403\Extensions'.
TpTrace Information: 0 : 20084, 1, 2025/10/15, 11:16:08.632, 12498704234, vstest.console.dll, AssemblyResolver.OnResolve: Microsoft.VisualStudio.TestPlatform.Extensions.Trx.TestLogger: Loading assembly 'C:\Program Files\dotnet\sdk\8.0.403\Extensions\Microsoft.VisualStudio.TestPlatform.Extensions.Trx.TestLogger.dll'.
TpTrace Information: 0 : 20084, 1, 2025/10/15, 11:16:08.632, 12498706437, vstest.console.dll, AssemblyResolver.OnResolve: Resolved assembly: Microsoft.VisualStudio.TestPlatform.Extensions.Trx.TestLogger, from path: C:\Program Files\dotnet\sdk\8.0.403\Extensions\Microsoft.VisualStudio.TestPlatform.Extensions.Trx.TestLogger.dll
TpTrace Verbose: 0 : 20084, 1, 2025/10/15, 11:16:08.632, 12498706757, vstest.console.dll, MetadataReaderExtensionsHelper: Discovering extensions inside assembly 'Microsoft.VisualStudio.TestPlatform.Extensions.Trx.TestLogger, Version=15.0.0.0, Culture=neutral, PublicKeyToken=b03f5f7f11d50a3a' file path 'C:\Program Files\dotnet\sdk\8.0.403\Extensions\Microsoft.VisualStudio.TestPlatform.Extensions.Trx.TestLogger.dll'
TpTrace Verbose: 0 : 20084, 1, 2025/10/15, 11:16:08.633, 12498711464, vstest.console.dll, TestPluginCache: Discovered the extensions using extension path ''.
TpTrace Verbose: 0 : 20084, 1, 2025/10/15, 11:16:08.633, 12498711816, vstest.console.dll, TestPluginCache: Discoverers are ''.
TpTrace Verbose: 0 : 20084, 1, 2025/10/15, 11:16:08.633, 12498711933, vstest.console.dll, TestPluginCache: Executors are ''.
TpTrace Verbose: 0 : 20084, 1, 2025/10/15, 11:16:08.633, 12498712068, vstest.console.dll, TestPluginCache: Executors2 are ''.
TpTrace Verbose: 0 : 20084, 1, 2025/10/15, 11:16:08.633, 12498712163, vstest.console.dll, TestPluginCache: Setting providers are ''.
TpTrace Verbose: 0 : 20084, 1, 2025/10/15, 11:16:08.633, 12498712258, vstest.console.dll, TestPluginCache: Loggers are ''.
TpTrace Verbose: 0 : 20084, 1, 2025/10/15, 11:16:08.633, 12498713105, vstest.console.dll, TestPluginCache: TestHosts are 'HostProvider://DefaultTestHost,HostProvider://DotnetTestHost'.
TpTrace Verbose: 0 : 20084, 1, 2025/10/15, 11:16:08.633, 12498713278, vstest.console.dll, TestPluginCache: DataCollectors are ''.
TpTrace Information: 0 : 20084, 1, 2025/10/15, 11:16:08.639, 12498777074, vstest.console.dll, RunTestsArgumentProcessor:Execute: Test run is starting.
TpTrace Verbose: 0 : 20084, 1, 2025/10/15, 11:16:08.639, 12498777452, vstest.console.dll, RunTestsArgumentProcessor:Execute: Queuing Test run.
TpTrace Information: 0 : 20084, 1, 2025/10/15, 11:16:08.640, 12498778443, vstest.console.dll, TestRequestManager.RunTests: run tests started.
TpTrace Information: 0 : 20084, 1, 2025/10/15, 11:16:08.640, 12498785007, vstest.console.dll, AssemblyMetadataProvider.GetFrameworkName: Determined framework:'.NETCoreApp,Version=v6.0' for source: 'C:\Users\Student3\Desktop\DevOps\08-Exercise-CI-CD-GitHub-Actions-Resources\08-Exercise-CI-CD-GitHub-Actions-Resources\06-SeleniumWebDriver\TestProject1\bin\Debug\net6.0\fine-code-coverage\build-output\TestProject1.dll'
TpTrace Information: 0 : 20084, 1, 2025/10/15, 11:16:08.640, 12498785911, vstest.console.dll, Determined framework for all sources: .NETCoreApp,Version=v6.0
TpTrace Verbose: 0 : 20084, 1, 2025/10/15, 11:16:08.640, 12498787611, vstest.console.dll, TestRequestManager.UpdateRunSettingsIfRequired: Default architecture: X64 IsDefaultTargetArchitecture: True, Current process architecture: X64 OperatingSystem: Windows.
TpTrace Information: 0 : 20084, 1, 2025/10/15, 11:16:08.642, 12498798929, vstest.console.dll, AssemblyMetadataProvider.GetArchitecture: Determined architecture:AnyCPU info for assembly: C:\Users\Student3\Desktop\DevOps\08-Exercise-CI-CD-GitHub-Actions-Resources\08-Exercise-CI-CD-GitHub-Actions-Resources\06-SeleniumWebDriver\TestProject1\bin\Debug\net6.0\fine-code-coverage\build-output\TestProject1.dll
TpTrace Information: 0 : 20084, 1, 2025/10/15, 11:16:08.642, 12498799281, vstest.console.dll, Determined platform for source 'C:\Users\Student3\Desktop\DevOps\08-Exercise-CI-CD-GitHub-Actions-Resources\08-Exercise-CI-CD-GitHub-Actions-Resources\06-SeleniumWebDriver\TestProject1\bin\Debug\net6.0\fine-code-coverage\build-output\TestProject1.dll' was AnyCPU and it will use the default plaform X64.
TpTrace Information: 0 : 20084, 1, 2025/10/15, 11:16:08.642, 12498799410, vstest.console.dll, None of the sources provided any runnable platform, using the default platform: X64
TpTrace Information: 0 : 20084, 1, 2025/10/15, 11:16:08.642, 12498799979, vstest.console.dll, Platform was updated to 'X64'.
TpTrace Information: 0 : 20084, 1, 2025/10/15, 11:16:08.643, 12498816672, vstest.console.dll, InferRunSettingsHelper.IsTestSettingsEnabled: Unable to navigate to RunSettings/MSTest. Current node: RunSettings
TpTrace Information: 0 : 20084, 1, 2025/10/15, 11:16:08.644, 12498819890, vstest.console.dll, AssemblyResolver.OnResolve: Microsoft.VisualStudio.TestPlatform.Fakes: Resolving assembly.
TpTrace Information: 0 : 20084, 1, 2025/10/15, 11:16:08.644, 12498820273, vstest.console.dll, AssemblyResolver.OnResolve: Microsoft.VisualStudio.TestPlatform.Fakes: Searching in: 'C:\Program Files\dotnet\sdk\8.0.403\Extensions'.
TpTrace Information: 0 : 20084, 1, 2025/10/15, 11:16:08.644, 12498820719, vstest.console.dll, AssemblyResolver.OnResolve: Microsoft.VisualStudio.TestPlatform.Fakes: Assembly path does not exist: 'C:\Program Files\dotnet\sdk\8.0.403\Extensions\Microsoft.VisualStudio.TestPlatform.Fakes.dll', returning.
TpTrace Information: 0 : 20084, 1, 2025/10/15, 11:16:08.644, 12498820971, vstest.console.dll, AssemblyResolver.OnResolve: Microsoft.VisualStudio.TestPlatform.Fakes: Assembly path does not exist: 'C:\Program Files\dotnet\sdk\8.0.403\Extensions\Microsoft.VisualStudio.TestPlatform.Fakes.exe', returning.
TpTrace Information: 0 : 20084, 1, 2025/10/15, 11:16:08.644, 12498821113, vstest.console.dll, AssemblyResolver.OnResolve: Microsoft.VisualStudio.TestPlatform.Fakes: Searching in: 'C:\Program Files\dotnet\sdk\8.0.403'.
TpTrace Information: 0 : 20084, 1, 2025/10/15, 11:16:08.644, 12498821365, vstest.console.dll, AssemblyResolver.OnResolve: Microsoft.VisualStudio.TestPlatform.Fakes: Assembly path does not exist: 'C:\Program Files\dotnet\sdk\8.0.403\Microsoft.VisualStudio.TestPlatform.Fakes.dll', returning.
TpTrace Information: 0 : 20084, 1, 2025/10/15, 11:16:08.644, 12498821590, vstest.console.dll, AssemblyResolver.OnResolve: Microsoft.VisualStudio.TestPlatform.Fakes: Assembly path does not exist: 'C:\Program Files\dotnet\sdk\8.0.403\Microsoft.VisualStudio.TestPlatform.Fakes.exe', returning.
TpTrace Information: 0 : 20084, 1, 2025/10/15, 11:16:08.644, 12498821694, vstest.console.dll, AssemblyResolver.OnResolve: Microsoft.VisualStudio.TestPlatform.Fakes: Failed to load assembly.
TpTrace Information: 0 : 20084, 1, 2025/10/15, 11:16:08.644, 12498823037, vstest.console.dll, Failed to load assembly Microsoft.VisualStudio.TestPlatform.Fakes, Version=17.0.0.0, Culture=neutral. Reason:System.IO.FileNotFoundException: Could not load file or assembly 'Microsoft.VisualStudio.TestPlatform.Fakes, Version=17.0.0.0, Culture=neutral, PublicKeyToken=null'. The system cannot find the file specified.
File name: 'Microsoft.VisualStudio.TestPlatform.Fakes, Version=17.0.0.0, Culture=neutral, PublicKeyToken=null'
   at System.Reflection.RuntimeAssembly.InternalLoad(AssemblyName assemblyName, StackCrawlMark& stackMark, AssemblyLoadContext assemblyLoadContext, RuntimeAssembly requestingAssembly, Boolean throwOnFileNotFound)
   at System.Reflection.Assembly.Load(AssemblyName assemblyRef)
   at Microsoft.VisualStudio.TestPlatform.Common.Utilities.FakesUtilities.LoadTestPlatformAssembly() in /_/src/Microsoft.TestPlatform.Common/Utilities/FakesUtilities.cs:line 272
TpTrace Verbose: 0 : 20084, 1, 2025/10/15, 11:16:08.646, 12498843470, vstest.console.dll, TestPluginCache.DiscoverTestExtensions: finding test extensions in assemblies ends with: TestLogger.dll TPluginInfo: Microsoft.VisualStudio.TestPlatform.Common.ExtensionFramework.Utilities.TestLoggerPluginInformation TExtension: Microsoft.VisualStudio.TestPlatform.ObjectModel.Client.ITestLogger
TpTrace Verbose: 0 : 20084, 1, 2025/10/15, 11:16:08.646, 12498844077, vstest.console.dll, TestPluginCache.GetExtensionPaths: Filtered extension paths: 
TpTrace Verbose: 0 : 20084, 1, 2025/10/15, 11:16:08.646, 12498844225, vstest.console.dll, TestPluginCache.GetExtensionPaths: Added default extension paths: C:\Program Files\dotnet\sdk\8.0.403\Extensions\Microsoft.Diagnostics.NETCore.Client.dll
C:\Program Files\dotnet\sdk\8.0.403\Extensions\Microsoft.TestPlatform.Extensions.BlameDataCollector.dll
C:\Program Files\dotnet\sdk\8.0.403\Extensions\Microsoft.TestPlatform.Extensions.EventLogCollector.dll
C:\Program Files\dotnet\sdk\8.0.403\Extensions\Microsoft.TestPlatform.TestHostRuntimeProvider.dll
C:\Program Files\dotnet\sdk\8.0.403\Extensions\Microsoft.VisualStudio.TestPlatform.Extensions.Html.TestLogger.dll
C:\Program Files\dotnet\sdk\8.0.403\Extensions\Microsoft.VisualStudio.TestPlatform.Extensions.Trx.TestLogger.dll
TpTrace Verbose: 0 : 20084, 1, 2025/10/15, 11:16:08.646, 12498844343, vstest.console.dll, TestPluginCache.GetExtensionPaths: Added unfilterableExtensionPaths: 
TpTrace Information: 0 : 20084, 1, 2025/10/15, 11:16:08.646, 12498845058, vstest.console.dll, AssemblyResolver.AddSearchDirectories: Adding more searchDirectories C:\Program Files\dotnet\sdk\8.0.403\Extensions,C:\Program Files\dotnet\sdk\8.0.403
TpTrace Verbose: 0 : 20084, 1, 2025/10/15, 11:16:08.646, 12498845237, vstest.console.dll, TestPluginCache.DiscoverTestExtensions: Discovering the extensions using extension path.
TpTrace Verbose: 0 : 20084, 1, 2025/10/15, 11:16:08.646, 12498845471, vstest.console.dll, TestPluginCache.GetExtensionPaths: Filtered extension paths: 
TpTrace Verbose: 0 : 20084, 1, 2025/10/15, 11:16:08.646, 12498845596, vstest.console.dll, TestPluginCache.GetExtensionPaths: Added default extension paths: C:\Program Files\dotnet\sdk\8.0.403\Extensions\Microsoft.Diagnostics.NETCore.Client.dll
C:\Program Files\dotnet\sdk\8.0.403\Extensions\Microsoft.TestPlatform.Extensions.BlameDataCollector.dll
C:\Program Files\dotnet\sdk\8.0.403\Extensions\Microsoft.TestPlatform.Extensions.EventLogCollector.dll
C:\Program Files\dotnet\sdk\8.0.403\Extensions\Microsoft.TestPlatform.TestHostRuntimeProvider.dll
C:\Program Files\dotnet\sdk\8.0.403\Extensions\Microsoft.VisualStudio.TestPlatform.Extensions.Html.TestLogger.dll
C:\Program Files\dotnet\sdk\8.0.403\Extensions\Microsoft.VisualStudio.TestPlatform.Extensions.Trx.TestLogger.dll
TpTrace Verbose: 0 : 20084, 1, 2025/10/15, 11:16:08.646, 12498845708, vstest.console.dll, TestPluginCache.GetExtensionPaths: Added unfilterableExtensionPaths: 
TpTrace Verbose: 0 : 20084, 1, 2025/10/15, 11:16:08.646, 12498846151, vstest.console.dll, TestPluginCache.DiscoverTestExtensions: Discovering the extensions using allExtensionPaths: C:\Program Files\dotnet\sdk\8.0.403\Extensions\Microsoft.Diagnostics.NETCore.Client.dll
C:\Program Files\dotnet\sdk\8.0.403\Extensions\Microsoft.TestPlatform.Extensions.BlameDataCollector.dll
C:\Program Files\dotnet\sdk\8.0.403\Extensions\Microsoft.TestPlatform.Extensions.EventLogCollector.dll
C:\Program Files\dotnet\sdk\8.0.403\Extensions\Microsoft.TestPlatform.TestHostRuntimeProvider.dll
C:\Program Files\dotnet\sdk\8.0.403\Extensions\Microsoft.VisualStudio.TestPlatform.Extensions.Html.TestLogger.dll
C:\Program Files\dotnet\sdk\8.0.403\Extensions\Microsoft.VisualStudio.TestPlatform.Extensions.Trx.TestLogger.dll
TpTrace Information: 0 : 20084, 1, 2025/10/15, 11:16:08.646, 12498846356, vstest.console.dll, AssemblyResolver.AddSearchDirectories: Adding more searchDirectories C:\Program Files\dotnet\sdk\8.0.403\Extensions,C:\Program Files\dotnet\sdk\8.0.403
TpTrace Information: 0 : 20084, 1, 2025/10/15, 11:16:08.646, 12498846485, vstest.console.dll, AssemblyResolver.AddSearchDirectories: Adding more searchDirectories C:\Program Files\dotnet\sdk\8.0.403\Extensions,C:\Program Files\dotnet\sdk\8.0.403
TpTrace Information: 0 : 20084, 1, 2025/10/15, 11:16:08.646, 12498846596, vstest.console.dll, AssemblyResolver.AddSearchDirectories: Adding more searchDirectories C:\Program Files\dotnet\sdk\8.0.403\Extensions,C:\Program Files\dotnet\sdk\8.0.403
TpTrace Information: 0 : 20084, 1, 2025/10/15, 11:16:08.646, 12498846704, vstest.console.dll, AssemblyResolver.AddSearchDirectories: Adding more searchDirectories C:\Program Files\dotnet\sdk\8.0.403\Extensions,C:\Program Files\dotnet\sdk\8.0.403
TpTrace Information: 0 : 20084, 1, 2025/10/15, 11:16:08.646, 12498846813, vstest.console.dll, AssemblyResolver.AddSearchDirectories: Adding more searchDirectories C:\Program Files\dotnet\sdk\8.0.403\Extensions,C:\Program Files\dotnet\sdk\8.0.403
TpTrace Information: 0 : 20084, 1, 2025/10/15, 11:16:08.646, 12498846932, vstest.console.dll, AssemblyResolver.AddSearchDirectories: Adding more searchDirectories C:\Program Files\dotnet\sdk\8.0.403\Extensions,C:\Program Files\dotnet\sdk\8.0.403
TpTrace Verbose: 0 : 20084, 1, 2025/10/15, 11:16:08.646, 12498847478, vstest.console.dll, MetadataReaderExtensionsHelper: Discovering extensions inside assembly 'Microsoft.Diagnostics.NETCore.Client, Version=0.2.10.30701, Culture=neutral, PublicKeyToken=31bf3856ad364e35' file path 'C:\Program Files\dotnet\sdk\8.0.403\Extensions\Microsoft.Diagnostics.NETCore.Client.dll'
TpTrace Information: 0 : 20084, 1, 2025/10/15, 11:16:08.647, 12498851808, vstest.console.dll, AssemblyResolver.OnResolve: Microsoft.Bcl.AsyncInterfaces: Resolving assembly.
TpTrace Information: 0 : 20084, 1, 2025/10/15, 11:16:08.647, 12498852222, vstest.console.dll, AssemblyResolver.OnResolve: Microsoft.Bcl.AsyncInterfaces: Resolved from cache.
TpTrace Verbose: 0 : 20084, 1, 2025/10/15, 11:16:08.647, 12498852436, vstest.console.dll, CurrentDomainAssemblyResolve: Resolving assembly 'Microsoft.Bcl.AsyncInterfaces'.
TpTrace Information: 0 : 20084, 1, 2025/10/15, 11:16:08.647, 12498852639, vstest.console.dll, AssemblyResolver.OnResolve: Microsoft.Bcl.AsyncInterfaces: Resolving assembly.
TpTrace Information: 0 : 20084, 1, 2025/10/15, 11:16:08.647, 12498852747, vstest.console.dll, AssemblyResolver.OnResolve: Microsoft.Bcl.AsyncInterfaces: Resolved from cache.
TpTrace Verbose: 0 : 20084, 1, 2025/10/15, 11:16:08.647, 12498852848, vstest.console.dll, CurrentDomainAssemblyResolve: Resolving assembly 'Microsoft.Bcl.AsyncInterfaces'.
TpTrace Verbose: 0 : 20084, 1, 2025/10/15, 11:16:08.647, 12498852946, vstest.console.dll, CurrentDomainAssemblyResolve: Failed to resolve assembly 'Microsoft.Bcl.AsyncInterfaces'.
TpTrace Verbose: 0 : 20084, 1, 2025/10/15, 11:16:08.647, 12498853668, vstest.console.dll, CurrentDomainAssemblyResolve: Failed to resolve assembly 'Microsoft.Bcl.AsyncInterfaces'.
TpTrace Warning: 0 : 20084, 1, 2025/10/15, 11:16:08.647, 12498855401, vstest.console.dll, TestPluginDiscoverer: Failed to get types from assembly 'Microsoft.Diagnostics.NETCore.Client, Version=0.2.10.30701, Culture=neutral, PublicKeyToken=31bf3856ad364e35'. Error: System.Reflection.ReflectionTypeLoadException: Unable to load one or more of the requested types.
Could not load file or assembly 'Microsoft.Bcl.AsyncInterfaces, Version=6.0.0.0, Culture=neutral, PublicKeyToken=cc7b13ffcd2ddd51'. The system cannot find the file specified.
   at System.Reflection.RuntimeModule.GetTypes(RuntimeModule module)
   at System.Reflection.RuntimeModule.GetTypes()
   at Microsoft.VisualStudio.TestPlatform.Common.ExtensionFramework.TestPluginDiscoverer.GetTestExtensionsFromAssembly[TPluginInfo,TExtension](Assembly assembly, Dictionary`2 pluginInfos, String filePath) in /_/src/Microsoft.TestPlatform.Common/ExtensionFramework/TestPluginDiscoverer.cs:line 158
System.IO.FileNotFoundException: Could not load file or assembly 'Microsoft.Bcl.AsyncInterfaces, Version=6.0.0.0, Culture=neutral, PublicKeyToken=cc7b13ffcd2ddd51'. The system cannot find the file specified.
File name: 'Microsoft.Bcl.AsyncInterfaces, Version=6.0.0.0, Culture=neutral, PublicKeyToken=cc7b13ffcd2ddd51'
 ---> System.IO.FileNotFoundException: Could not load file or assembly 'Microsoft.Bcl.AsyncInterfaces, Culture=neutral, PublicKeyToken=null'. The system cannot find the file specified.
File name: 'Microsoft.Bcl.AsyncInterfaces, Culture=neutral, PublicKeyToken=null'
   at System.Reflection.RuntimeAssembly.InternalLoad(AssemblyName assemblyName, StackCrawlMark& stackMark, AssemblyLoadContext assemblyLoadContext, RuntimeAssembly requestingAssembly, Boolean throwOnFileNotFound)
   at System.Reflection.Assembly.Load(AssemblyName assemblyRef)
   at Microsoft.VisualStudio.TestPlatform.Common.ExtensionFramework.TestPluginCache.CurrentDomainAssemblyResolve(Object sender, AssemblyResolveEventArgs args) in /_/src/Microsoft.TestPlatform.Common/ExtensionFramework/TestPluginCache.cs:line 513
   at System.Runtime.Loader.AssemblyLoadContext.GetFirstResolvedAssemblyFromResolvingEvent(AssemblyName assemblyName)
   at System.Runtime.Loader.AssemblyLoadContext.ResolveUsingEvent(AssemblyName assemblyName)
   at System.Runtime.Loader.AssemblyLoadContext.ResolveUsingResolvingEvent(IntPtr gchManagedAssemblyLoadContext, AssemblyName assemblyName)
TpTrace Warning: 0 : 20084, 1, 2025/10/15, 11:16:08.647, 12498856138, vstest.console.dll, LoaderExceptions: System.IO.FileNotFoundException: Could not load file or assembly 'Microsoft.Bcl.AsyncInterfaces, Version=6.0.0.0, Culture=neutral, PublicKeyToken=cc7b13ffcd2ddd51'. The system cannot find the file specified.
File name: 'Microsoft.Bcl.AsyncInterfaces, Version=6.0.0.0, Culture=neutral, PublicKeyToken=cc7b13ffcd2ddd51'
 ---> System.IO.FileNotFoundException: Could not load file or assembly 'Microsoft.Bcl.AsyncInterfaces, Culture=neutral, PublicKeyToken=null'. The system cannot find the file specified.
File name: 'Microsoft.Bcl.AsyncInterfaces, Culture=neutral, PublicKeyToken=null'
   at System.Reflection.RuntimeAssembly.InternalLoad(AssemblyName assemblyName, StackCrawlMark& stackMark, AssemblyLoadContext assemblyLoadContext, RuntimeAssembly requestingAssembly, Boolean throwOnFileNotFound)
   at System.Reflection.Assembly.Load(AssemblyName assemblyRef)
   at Microsoft.VisualStudio.TestPlatform.Common.ExtensionFramework.TestPluginCache.CurrentDomainAssemblyResolve(Object sender, AssemblyResolveEventArgs args) in /_/src/Microsoft.TestPlatform.Common/ExtensionFramework/TestPluginCache.cs:line 513
   at System.Runtime.Loader.AssemblyLoadContext.GetFirstResolvedAssemblyFromResolvingEvent(AssemblyName assemblyName)
   at System.Runtime.Loader.AssemblyLoadContext.ResolveUsingEvent(AssemblyName assemblyName)
   at System.Runtime.Loader.AssemblyLoadContext.ResolveUsingResolvingEvent(IntPtr gchManagedAssemblyLoadContext, AssemblyName assemblyName)
TpTrace Verbose: 0 : 20084, 1, 2025/10/15, 11:16:08.647, 12498856475, vstest.console.dll, MetadataReaderExtensionsHelper: Discovering extensions inside assembly 'Microsoft.TestPlatform.Extensions.BlameDataCollector, Version=15.0.0.0, Culture=neutral, PublicKeyToken=b03f5f7f11d50a3a' file path 'C:\Program Files\dotnet\sdk\8.0.403\Extensions\Microsoft.TestPlatform.Extensions.BlameDataCollector.dll'
TpTrace Information: 0 : 20084, 1, 2025/10/15, 11:16:08.648, 12498859143, vstest.console.dll, GetTestExtensionFromType: Register extension with identifier data 'logger://Microsoft/TestPlatform/Extensions/Blame/v1' and type 'Microsoft.TestPlatform.Extensions.BlameDataCollector.BlameLogger, Microsoft.TestPlatform.Extensions.BlameDataCollector, Version=15.0.0.0, Culture=neutral, PublicKeyToken=b03f5f7f11d50a3a' inside file 'C:\Program Files\dotnet\sdk\8.0.403\Extensions\Microsoft.TestPlatform.Extensions.BlameDataCollector.dll'
TpTrace Verbose: 0 : 20084, 1, 2025/10/15, 11:16:08.648, 12498859679, vstest.console.dll, MetadataReaderExtensionsHelper: Discovering extensions inside assembly 'Microsoft.TestPlatform.Extensions.EventLogCollector, Version=15.0.0.0, Culture=neutral, PublicKeyToken=b03f5f7f11d50a3a' file path 'C:\Program Files\dotnet\sdk\8.0.403\Extensions\Microsoft.TestPlatform.Extensions.EventLogCollector.dll'
TpTrace Verbose: 0 : 20084, 1, 2025/10/15, 11:16:08.648, 12498861706, vstest.console.dll, MetadataReaderExtensionsHelper: Discovering extensions inside assembly 'Microsoft.TestPlatform.TestHostRuntimeProvider, Version=15.0.0.0, Culture=neutral, PublicKeyToken=b03f5f7f11d50a3a' file path 'C:\Program Files\dotnet\sdk\8.0.403\Extensions\Microsoft.TestPlatform.TestHostRuntimeProvider.dll'
TpTrace Verbose: 0 : 20084, 1, 2025/10/15, 11:16:08.648, 12498864087, vstest.console.dll, MetadataReaderExtensionsHelper: Discovering extensions inside assembly 'Microsoft.VisualStudio.TestPlatform.Extensions.Html.TestLogger, Version=15.0.0.0, Culture=neutral, PublicKeyToken=b03f5f7f11d50a3a' file path 'C:\Program Files\dotnet\sdk\8.0.403\Extensions\Microsoft.VisualStudio.TestPlatform.Extensions.Html.TestLogger.dll'
TpTrace Information: 0 : 20084, 1, 2025/10/15, 11:16:08.648, 12498867060, vstest.console.dll, GetTestExtensionFromType: Register extension with identifier data 'logger://Microsoft/TestPlatform/HtmlLogger/v1' and type 'Microsoft.VisualStudio.TestPlatform.Extensions.HtmlLogger.HtmlLogger, Microsoft.VisualStudio.TestPlatform.Extensions.Html.TestLogger, Version=15.0.0.0, Culture=neutral, PublicKeyToken=b03f5f7f11d50a3a' inside file 'C:\Program Files\dotnet\sdk\8.0.403\Extensions\Microsoft.VisualStudio.TestPlatform.Extensions.Html.TestLogger.dll'
TpTrace Verbose: 0 : 20084, 1, 2025/10/15, 11:16:08.648, 12498867485, vstest.console.dll, MetadataReaderExtensionsHelper: Discovering extensions inside assembly 'Microsoft.VisualStudio.TestPlatform.Extensions.Trx.TestLogger, Version=15.0.0.0, Culture=neutral, PublicKeyToken=b03f5f7f11d50a3a' file path 'C:\Program Files\dotnet\sdk\8.0.403\Extensions\Microsoft.VisualStudio.TestPlatform.Extensions.Trx.TestLogger.dll'
TpTrace Information: 0 : 20084, 1, 2025/10/15, 11:16:08.649, 12498869654, vstest.console.dll, GetTestExtensionFromType: Register extension with identifier data 'logger://Microsoft/TestPlatform/TrxLogger/v1' and type 'Microsoft.VisualStudio.TestPlatform.Extensions.TrxLogger.TrxLogger, Microsoft.VisualStudio.TestPlatform.Extensions.Trx.TestLogger, Version=15.0.0.0, Culture=neutral, PublicKeyToken=b03f5f7f11d50a3a' inside file 'C:\Program Files\dotnet\sdk\8.0.403\Extensions\Microsoft.VisualStudio.TestPlatform.Extensions.Trx.TestLogger.dll'
TpTrace Verbose: 0 : 20084, 1, 2025/10/15, 11:16:08.649, 12498870034, vstest.console.dll, TestPluginCache: Discovered the extensions using extension path ''.
TpTrace Verbose: 0 : 20084, 1, 2025/10/15, 11:16:08.649, 12498870163, vstest.console.dll, TestPluginCache: Discoverers are ''.
TpTrace Verbose: 0 : 20084, 1, 2025/10/15, 11:16:08.649, 12498870265, vstest.console.dll, TestPluginCache: Executors are ''.
TpTrace Verbose: 0 : 20084, 1, 2025/10/15, 11:16:08.649, 12498870362, vstest.console.dll, TestPluginCache: Executors2 are ''.
TpTrace Verbose: 0 : 20084, 1, 2025/10/15, 11:16:08.649, 12498870459, vstest.console.dll, TestPluginCache: Setting providers are ''.
TpTrace Verbose: 0 : 20084, 1, 2025/10/15, 11:16:08.649, 12498870840, vstest.console.dll, TestPluginCache: Loggers are 'logger://Microsoft/TestPlatform/Extensions/Blame/v1,logger://Microsoft/TestPlatform/HtmlLogger/v1,logger://Microsoft/TestPlatform/TrxLogger/v1'.
TpTrace Verbose: 0 : 20084, 1, 2025/10/15, 11:16:08.649, 12498871011, vstest.console.dll, TestPluginCache: TestHosts are 'HostProvider://DefaultTestHost,HostProvider://DotnetTestHost'.
TpTrace Verbose: 0 : 20084, 1, 2025/10/15, 11:16:08.649, 12498871111, vstest.console.dll, TestPluginCache: DataCollectors are ''.
TpTrace Information: 0 : 20084, 1, 2025/10/15, 11:16:08.649, 12498875137, vstest.console.dll, TestPluginManager.CreateTestExtension: Attempting to load test extension: Microsoft.TestPlatform.Extensions.BlameDataCollector.BlameLogger
TpTrace Verbose: 0 : 20084, 1, 2025/10/15, 11:16:08.653, 12498910286, vstest.console.dll, TestEngine: Initializing Parallel Execution as MaxCpuCount is set to: 1
TpTrace Information: 0 : 20084, 1, 2025/10/15, 11:16:08.653, 12498917862, vstest.console.dll, TestPluginManager.CreateTestExtension: Attempting to load test extension: Microsoft.VisualStudio.TestPlatform.CrossPlatEngine.Hosting.DefaultTestHostManager
TpTrace Information: 0 : 20084, 1, 2025/10/15, 11:16:08.654, 12498921726, vstest.console.dll, TestPluginManager.CreateTestExtension: Attempting to load test extension: Microsoft.VisualStudio.TestPlatform.CrossPlatEngine.Hosting.DotnetTestHostManager
TpTrace Verbose: 0 : 20084, 1, 2025/10/15, 11:16:08.654, 12498922913, vstest.console.dll, TestHostManagerCallbacks.ctor: Forwarding output is enabled.
TpTrace Information: 0 : 20084, 1, 2025/10/15, 11:16:08.654, 12498924945, vstest.console.dll, InferRunSettingsHelper.IsTestSettingsEnabled: Unable to navigate to RunSettings/MSTest. Current node: RunSettings
TpTrace Verbose: 0 : 20084, 1, 2025/10/15, 11:16:08.654, 12498927653, vstest.console.dll, ParallelOperationManager.ClearSlots: Clearing all slots. Slots should accept more work: True
TpTrace Verbose: 0 : 20084, 1, 2025/10/15, 11:16:08.655, 12498930711, vstest.console.dll, ParallelOperationManager.SetOccupiedSlotCount: Setting slot counts AvailableSlotCount = 1, OccupiedSlotCount = 0.
TpTrace Verbose: 0 : 20084, 1, 2025/10/15, 11:16:08.655, 12498932198, vstest.console.dll, Occupied slots:

TpTrace Verbose: 0 : 20084, 1, 2025/10/15, 11:16:08.657, 12498949636, vstest.console.dll, TestEngine.GetExecutionManager: Chosen execution manager 'Microsoft.VisualStudio.TestPlatform.CrossPlatEngine.Client.Parallel.ParallelProxyExecutionManager, Microsoft.TestPlatform.CrossPlatEngine, Version=15.0.0.0, Culture=neutral, PublicKeyToken=b03f5f7f11d50a3a' ParallelLevel '1'.
TpTrace Verbose: 0 : 20084, 1, 2025/10/15, 11:16:08.657, 12498950615, vstest.console.dll, TestPlatform.GetSkipDefaultAdapters: Not skipping default adapters SkipDefaultAdapters was false.
TpTrace Verbose: 0 : 20084, 1, 2025/10/15, 11:16:08.657, 12498951033, vstest.console.dll, TestRunRequest.ExecuteAsync: Creating test run request.
TpTrace Verbose: 0 : 20084, 1, 2025/10/15, 11:16:08.657, 12498952040, vstest.console.dll, TestRunRequest.ExecuteAsync: Starting.
TpTrace Information: 0 : 20084, 1, 2025/10/15, 11:16:08.657, 12498957966, vstest.console.dll, TestRunRequest.ExecuteAsync: Starting run with settings:TestRunCriteria:
   KeepAlive=False,FrequencyOfRunStatsChangeEvent=10,RunStatsChangeEventTimeout=00:00:01.5000000,TestCaseFilter=,TestExecutorLauncher=
   Settingsxml=<RunSettings>
  <RunConfiguration>
    <ResultsDirectory>C:\Users\Student3\Desktop\DevOps\08-Exercise-CI-CD-GitHub-Actions-Resources\08-Exercise-CI-CD-GitHub-Actions-Resources\06-SeleniumWebDriver\TestProject1\bin\Debug\net6.0\fine-code-coverage\coverage-tool-output</ResultsDirectory>
    <TargetPlatform>X64</TargetPlatform>
    <TargetFrameworkVersion>.NETCoreApp,Version=v6.0</TargetFrameworkVersion>
    <DesignMode>False</DesignMode>
    <CollectSourceInformation>False</CollectSourceInformation>
  </RunConfiguration>
  <LoggerRunSettings>
    <Loggers>
      <Logger friendlyName="blame" enabled="True" />
      <Logger friendlyName="Console" uri="logger://microsoft/TestPlatform/ConsoleLogger/v1" assemblyQualifiedName="Microsoft.VisualStudio.TestPlatform.CommandLine.Internal.ConsoleLogger, vstest.console, Version=15.0.0.0, Culture=neutral, PublicKeyToken=b03f5f7f11d50a3a" codeBase="C:\Program Files\dotnet\sdk\8.0.403\vstest.console.dll" enabled="True" />
    </Loggers>
  </LoggerRunSettings>
  <DataCollectionRunSettings>
    <DataCollectors>
      <DataCollector friendlyName="blame" enabled="True">
        <Configuration>
          <ResultsDirectory>C:\Users\Student3\Desktop\DevOps\08-Exercise-CI-CD-GitHub-Actions-Resources\08-Exercise-CI-CD-GitHub-Actions-Resources\06-SeleniumWebDriver\TestProject1\bin\Debug\net6.0\fine-code-coverage\coverage-tool-output</ResultsDirectory>
        </Configuration>
      </DataCollector>
    </DataCollectors>
  </DataCollectionRunSettings>
</RunSettings>

TpTrace Verbose: 0 : 20084, 1, 2025/10/15, 11:16:08.658, 12498958308, vstest.console.dll, TestRunRequest.ExecuteAsync: Wait for the first run request is over.
TpTrace Verbose: 0 : 20084, 1, 2025/10/15, 11:16:08.658, 12498959604, vstest.console.dll, MulticastDelegateUtilities.SafeInvoke: TestRun.TestRunStart: Invoking callbacks was skipped because there are no subscribers.
TpTrace Verbose: 0 : 20084, 4, 2025/10/15, 11:16:08.658, 12498961569, vstest.console.dll, MulticastDelegateUtilities.SafeInvoke: InternalTestLoggerEvents.SendTestRunStart: Invoking callback 1/1 for Microsoft.VisualStudio.TestPlatform.CommandLine.Internal.ConsoleLogger., took 0 ms.
TpTrace Verbose: 0 : 20084, 1, 2025/10/15, 11:16:08.658, 12498965607, vstest.console.dll, ParallelProxyExecutionManager: Start execution. Total sources: 1
TpTrace Verbose: 0 : 20084, 1, 2025/10/15, 11:16:08.658, 12498967381, vstest.console.dll, ParallelOperationManager.StartWork: Starting adding 1 workloads.
TpTrace Verbose: 0 : 20084, 1, 2025/10/15, 11:16:08.658, 12498967751, vstest.console.dll, ParallelOperationManager.ClearSlots: Clearing all slots. Slots should accept more work: True
TpTrace Verbose: 0 : 20084, 1, 2025/10/15, 11:16:08.659, 12498968056, vstest.console.dll, ParallelOperationManager.SetOccupiedSlotCount: Setting slot counts AvailableSlotCount = 1, OccupiedSlotCount = 0.
TpTrace Verbose: 0 : 20084, 1, 2025/10/15, 11:16:08.659, 12498968203, vstest.console.dll, Occupied slots:

TpTrace Verbose: 0 : 20084, 1, 2025/10/15, 11:16:08.659, 12498973848, vstest.console.dll, TestHostManagerCallbacks.ctor: Forwarding output is enabled.
TpTrace Verbose: 0 : 20084, 1, 2025/10/15, 11:16:08.659, 12498975131, vstest.console.dll, TestRequestSender is acting as server.
TpTrace Verbose: 0 : 20084, 1, 2025/10/15, 11:16:08.660, 12498980206, vstest.console.dll, ParallelOperationManager.RunWorkInParallel: Adding 1 workload to slot, remaining workloads 0.
TpTrace Verbose: 0 : 20084, 1, 2025/10/15, 11:16:08.660, 12498980525, vstest.console.dll, ParallelOperationManager.SetOccupiedSlotCount: Setting slot counts AvailableSlotCount = 0, OccupiedSlotCount = 1.
TpTrace Verbose: 0 : 20084, 1, 2025/10/15, 11:16:08.660, 12498980983, vstest.console.dll, Occupied slots:
0: C:\Users\Student3\Desktop\DevOps\08-Exercise-CI-CD-GitHub-Actions-Resources\08-Exercise-CI-CD-GitHub-Actions-Resources\06-SeleniumWebDriver\TestProject1\bin\Debug\net6.0\fine-code-coverage\build-output\TestProject1.dll
TpTrace Verbose: 0 : 20084, 1, 2025/10/15, 11:16:08.660, 12498986765, vstest.console.dll, ParallelOperationManager.RunWorkInParallel: Started host in slot number 0 for work (source): C:\Users\Student3\Desktop\DevOps\08-Exercise-CI-CD-GitHub-Actions-Resources\08-Exercise-CI-CD-GitHub-Actions-Resources\06-SeleniumWebDriver\TestProject1\bin\Debug\net6.0\fine-code-coverage\build-output\TestProject1.dll.
TpTrace Verbose: 0 : 20084, 1, 2025/10/15, 11:16:08.661, 12498994447, vstest.console.dll, ParallelOperationManager.RunWorkInParallel: We started 1 work items, which is the max parallel level. Won't start more work.
TpTrace Verbose: 0 : 20084, 5, 2025/10/15, 11:16:08.661, 12498994820, vstest.console.dll, ParallelProxyExecutionManager.StartTestRunOnConcurrentManager: Initializing uninitialized client. Started clients: 0
TpTrace Verbose: 0 : 20084, 1, 2025/10/15, 11:16:08.661, 12498994952, vstest.console.dll, ParallelOperationManager.RunWorkInParallel: We started 1 work items in here, returning True.
TpTrace Information: 0 : 20084, 1, 2025/10/15, 11:16:08.661, 12498995582, vstest.console.dll, TestRunRequest.ExecuteAsync: Started.
TpTrace Verbose: 0 : 20084, 5, 2025/10/15, 11:16:08.661, 12498995820, vstest.console.dll, DataCollectionRequestSender.InitializeCommunication : Initialize communication. 
TpTrace Verbose: 0 : 20084, 1, 2025/10/15, 11:16:08.662, 12498998500, vstest.console.dll, TestRunRequest.WaitForCompletion: Waiting with timeout -1.
TpTrace Information: 0 : 20084, 5, 2025/10/15, 11:16:08.666, 12499041472, vstest.console.dll, Listening on Endpoint : 127.0.0.1:60606
TpTrace Verbose: 0 : 20084, 5, 2025/10/15, 11:16:08.669, 12499073484, vstest.console.dll, DotnetDataCollectionLauncher: Adding  --runtimeconfig "C:\Program Files\dotnet\sdk\8.0.403\datacollector.runtimeconfig.json" in args
TpTrace Verbose: 0 : 20084, 5, 2025/10/15, 11:16:08.669, 12499074083, vstest.console.dll, DotnetDataCollectionLauncher: Adding  --depsfile "C:\Program Files\dotnet\sdk\8.0.403\datacollector.deps.json" in args
TpTrace Verbose: 0 : 20084, 5, 2025/10/15, 11:16:08.669, 12499075118, vstest.console.dll, DotnetDataCollectionLauncher: Full path of dotnet.exe is C:\Program Files\dotnet\dotnet.exe
TpTrace Information: 0 : 20084, 5, 2025/10/15, 11:16:08.771, 12500089384, vstest.console.dll, ProxyDataCollectionManager.Initialize: Launched datacollector processId: 20000 port: 60606
TpTrace Information: 0 : 20084, 5, 2025/10/15, 11:16:08.771, 12500090299, vstest.console.dll, ProxyDataCollectionManager.Initialize: waiting for connection with timeout: 90 seconds
TpTrace Verbose: 0 : 20084, 5, 2025/10/15, 11:16:08.771, 12500090573, vstest.console.dll, DataCollectionRequestSender.WaitForRequestHandlerConnection : Waiting for connection with timeout: 90000
TpTrace Verbose: 0 : 20084, 5, 2025/10/15, 11:16:08.848, 12500859393, vstest.console.dll, SocketCommunicationManager.WaitForClientConnection took: 76 ms, with 90000 ms timeout, and finished with True.
TpTrace Information: 0 : 20084, 7, 2025/10/15, 11:16:08.848, 12500859567, vstest.console.dll, Using the buffer size of 16384 bytes
TpTrace Verbose: 0 : 20084, 5, 2025/10/15, 11:16:08.848, 12500860237, vstest.console.dll, ProxyDataCollectionManager.InvokeDataCollectionServiceAction: Starting.
TpTrace Information: 0 : 20084, 7, 2025/10/15, 11:16:08.848, 12500860755, vstest.console.dll, Accepted Client request and set the flag
TpTrace Information: 0 : 20084, 5, 2025/10/15, 11:16:08.848, 12500861226, vstest.console.dll, ProxyDataCollectionManager.BeforeTestRunStart: Get environment variable and port for datacollector processId: 20000 port: 60606
TpTrace Verbose: 0 : 20084, 5, 2025/10/15, 11:16:08.848, 12500861809, vstest.console.dll, DataCollectionRequestSender.SendBeforeTestRunStartAndGetResult: Send BeforeTestRunStart message with settingsXml <RunSettings><RunConfiguration><ResultsDirectory>C:\Users\Student3\Desktop\DevOps\08-Exercise-CI-CD-GitHub-Actions-Resources\08-Exercise-CI-CD-GitHub-Actions-Resources\06-SeleniumWebDriver\TestProject1\bin\Debug\net6.0\fine-code-coverage\coverage-tool-output</ResultsDirectory><TargetPlatform>X64</TargetPlatform><TargetFrameworkVersion>.NETCoreApp,Version=v6.0</TargetFrameworkVersion><DesignMode>False</DesignMode><CollectSourceInformation>False</CollectSourceInformation><TestAdaptersPaths>C:\Program Files\dotnet\sdk\8.0.403\Extensions</TestAdaptersPaths></RunConfiguration><LoggerRunSettings><Loggers><Logger friendlyName="blame" enabled="True" /><Logger friendlyName="Console" uri="logger://microsoft/TestPlatform/ConsoleLogger/v1" assemblyQualifiedName="Microsoft.VisualStudio.TestPlatform.CommandLine.Internal.ConsoleLogger, vstest.console, Version=15.0.0.0, Culture=neutral, PublicKeyToken=b03f5f7f11d50a3a" codeBase="C:\Program Files\dotnet\sdk\8.0.403\vstest.console.dll" enabled="True" /></Loggers></LoggerRunSettings><DataCollectionRunSettings><DataCollectors><DataCollector friendlyName="blame" enabled="True"><Configuration><ResultsDirectory>C:\Users\Student3\Desktop\DevOps\08-Exercise-CI-CD-GitHub-Actions-Resources\08-Exercise-CI-CD-GitHub-Actions-Resources\06-SeleniumWebDriver\TestProject1\bin\Debug\net6.0\fine-code-coverage\coverage-tool-output</ResultsDirectory></Configuration></DataCollector></DataCollectors></DataCollectionRunSettings></RunSettings> and sources System.Collections.Generic.List`1[System.String]: 
TpTrace Verbose: 0 : 20084, 5, 2025/10/15, 11:16:08.874, 12501124379, vstest.console.dll, DataCollectionRequestSender.SendBeforeTestRunStartAndGetResult: Received message: (DataCollection.SendMessage) -> {"MessageType":"DataCollection.SendMessage","Payload":{"FriendlyName":null,"Uri":null,"TestCaseId":"00000000-0000-0000-0000-000000000000","Message":"Logging DataCollector Diagnostics in file: C:\\Users\\Student3\\Desktop\\DevOps\\08-Exercise-CI-CD-GitHub-Actions-Resources\\08-Exercise-CI-CD-GitHub-Actions-Resources\\06-SeleniumWebDriver\\TestProject1\\bin\\Debug\\net6.0\\fine-code-coverage\\coverage-tool-output\\diagnostics.datacollector.25-10-15_11-16-08_66941_5.log","Level":0}}
TpTrace Verbose: 0 : 20084, 5, 2025/10/15, 11:16:08.915, 12501532967, vstest.console.dll, DataCollectionRequestSender.SendBeforeTestRunStartAndGetResult: Received message: (DataCollection.BeforeTestRunStartResult) -> {"MessageType":"DataCollection.BeforeTestRunStartResult","Payload":{"EnvironmentVariables":{},"DataCollectionEventsPort":60608}}
TpTrace Information: 0 : 20084, 5, 2025/10/15, 11:16:08.917, 12501557958, vstest.console.dll, ProxyDataCollectionManager.BeforeTestRunStart: SendBeforeTestRunStartAndGetResult successful, env variable from datacollector:   and testhost port: 60608
TpTrace Information: 0 : 20084, 5, 2025/10/15, 11:16:08.918, 12501558422, vstest.console.dll, ProxyDataCollectionManager.InvokeDataCollectionServiceAction: Completed.
TpTrace Verbose: 0 : 20084, 5, 2025/10/15, 11:16:08.918, 12501558620, vstest.console.dll, ParallelProxyExecutionManager.StartTestRunOnConcurrentManager: Initializing test run. Started clients: 0
TpTrace Verbose: 0 : 20084, 5, 2025/10/15, 11:16:08.918, 12501559049, vstest.console.dll, ProxyExecutionManager: Test host is always Lazy initialize.
TpTrace Verbose: 0 : 20084, 5, 2025/10/15, 11:16:08.918, 12501560257, vstest.console.dll, TestRequestSender.InitializeCommunication: initialize communication. 
TpTrace Information: 0 : 20084, 5, 2025/10/15, 11:16:08.918, 12501562789, vstest.console.dll, SocketServer.Start: Listening on endpoint : 127.0.0.1:60609
TpTrace Verbose: 0 : 20084, 5, 2025/10/15, 11:16:08.918, 12501566549, vstest.console.dll, DotnetTestHostmanager.GetTestHostProcessStartInfo: Platform environment 'X64' target architecture 'X64' framework '.NETCoreApp,Version=v6.0' OS 'Windows'
TpTrace Verbose: 0 : 20084, 5, 2025/10/15, 11:16:08.918, 12501567727, vstest.console.dll, DotnetTestHostmanager: Adding  --runtimeconfig "C:\Users\Student3\Desktop\DevOps\08-Exercise-CI-CD-GitHub-Actions-Resources\08-Exercise-CI-CD-GitHub-Actions-Resources\06-SeleniumWebDriver\TestProject1\bin\Debug\net6.0\fine-code-coverage\build-output\TestProject1.runtimeconfig.json" in args
TpTrace Verbose: 0 : 20084, 5, 2025/10/15, 11:16:08.919, 12501568150, vstest.console.dll, DotnetTestHostmanager: Adding  --depsfile "C:\Users\Student3\Desktop\DevOps\08-Exercise-CI-CD-GitHub-Actions-Resources\08-Exercise-CI-CD-GitHub-Actions-Resources\06-SeleniumWebDriver\TestProject1\bin\Debug\net6.0\fine-code-coverage\build-output\TestProject1.deps.json" in args
TpTrace Verbose: 0 : 20084, 5, 2025/10/15, 11:16:08.919, 12501569153, vstest.console.dll, DotnetTestHostmanager.IsWinOnArm: Current PROCESSOR_ARCHITECTURE from environment variable 'AMD64'
TpTrace Verbose: 0 : 20084, 5, 2025/10/15, 11:16:08.919, 12501569405, vstest.console.dll, DotnetTestHostmanager.IsWinOnArm: Is Windows on ARM 'False'
TpTrace Verbose: 0 : 20084, 5, 2025/10/15, 11:16:08.919, 12501569950, vstest.console.dll, DotnetTestHostManager: testhost.exe found at path: C:\Users\Student3\Desktop\DevOps\08-Exercise-CI-CD-GitHub-Actions-Resources\08-Exercise-CI-CD-GitHub-Actions-Resources\06-SeleniumWebDriver\TestProject1\bin\Debug\net6.0\fine-code-coverage\build-output\testhost.exe
TpTrace Verbose: 0 : 20084, 5, 2025/10/15, 11:16:08.919, 12501570192, vstest.console.dll, DotnetTestHostmanager: Full path of host exe is C:\Users\Student3\Desktop\DevOps\08-Exercise-CI-CD-GitHub-Actions-Resources\08-Exercise-CI-CD-GitHub-Actions-Resources\06-SeleniumWebDriver\TestProject1\bin\Debug\net6.0\fine-code-coverage\build-output\testhost.exe
TpTrace Verbose: 0 : 20084, 5, 2025/10/15, 11:16:08.919, 12501570794, vstest.console.dll, DotnetTestHostmanager.LaunchTestHostAsync: Found 'VSTEST_WINAPPHOST_DOTNET_ROOT' in env variables, value 'C:\Program Files\dotnet', forwarding to 'DOTNET_ROOT'
TpTrace Verbose: 0 : 20084, 5, 2025/10/15, 11:16:08.919, 12501571426, vstest.console.dll, DotnetTestHostManager: Starting process 'C:\Users\Student3\Desktop\DevOps\08-Exercise-CI-CD-GitHub-Actions-Resources\08-Exercise-CI-CD-GitHub-Actions-Resources\06-SeleniumWebDriver\TestProject1\bin\Debug\net6.0\fine-code-coverage\build-output\testhost.exe' with command line ' --runtimeconfig "C:\Users\Student3\Desktop\DevOps\08-Exercise-CI-CD-GitHub-Actions-Resources\08-Exercise-CI-CD-GitHub-Actions-Resources\06-SeleniumWebDriver\TestProject1\bin\Debug\net6.0\fine-code-coverage\build-output\TestProject1.runtimeconfig.json" --depsfile "C:\Users\Student3\Desktop\DevOps\08-Exercise-CI-CD-GitHub-Actions-Resources\08-Exercise-CI-CD-GitHub-Actions-Resources\06-SeleniumWebDriver\TestProject1\bin\Debug\net6.0\fine-code-coverage\build-output\TestProject1.deps.json" --port 60609 --endpoint 127.0.0.1:060609 --role client --parentprocessid 20084 --diag "C:\Users\Student3\Desktop\DevOps\08-Exercise-CI-CD-GitHub-Actions-Resources\08-Exercise-CI-CD-GitHub-Actions-Resources\06-SeleniumWebDriver\TestProject1\bin\Debug\net6.0\fine-code-coverage\coverage-tool-output\diagnostics.host.25-10-15_11-16-08_91866_5.log" --tracelevel 4 --datacollectionport 60608 --telemetryoptedin false'
TpTrace Verbose: 0 : 20084, 5, 2025/10/15, 11:16:09.074, 12503120574, vstest.console.dll, MulticastDelegateUtilities.SafeInvoke: HostProviderEvents.OnHostLaunched: Invoking callback 1/2 for Microsoft.VisualStudio.TestPlatform.CrossPlatEngine.Client.ProxyExecutionManagerWithDataCollection., took 0 ms.
TpTrace Verbose: 0 : 20084, 5, 2025/10/15, 11:16:09.074, 12503123512, vstest.console.dll, Test Runtime launched
TpTrace Verbose: 0 : 20084, 5, 2025/10/15, 11:16:09.074, 12503124347, vstest.console.dll, MulticastDelegateUtilities.SafeInvoke: HostProviderEvents.OnHostLaunched: Invoking callback 2/2 for Microsoft.VisualStudio.TestPlatform.CrossPlatEngine.Client.ProxyOperationManager., took 0 ms.
TpTrace Verbose: 0 : 20084, 5, 2025/10/15, 11:16:09.074, 12503125512, vstest.console.dll, TestRequestSender.WaitForRequestHandlerConnection: waiting for connection with timeout: 90000.
TpTrace Verbose: 0 : 20084, 14, 2025/10/15, 11:16:09.168, 12504067731, vstest.console.dll, MulticastDelegateUtilities.SafeInvoke: SocketServer: ClientConnected: Invoking callback 1/1 for Microsoft.VisualStudio.TestPlatform.CommunicationUtilities.TestRequestSender., took 0 ms.
TpTrace Verbose: 0 : 20084, 5, 2025/10/15, 11:16:09.168, 12504067731, vstest.console.dll, TestRequestSender.WaitForRequestHandlerConnection: waiting took 94 ms, with timeout 90000 ms, and result 0, which is success.
TpTrace Verbose: 0 : 20084, 14, 2025/10/15, 11:16:09.169, 12504068439, vstest.console.dll, SocketServer.OnClientConnected: Client connected for endPoint: 127.0.0.1:60609, starting MessageLoopAsync:
TpTrace Verbose: 0 : 20084, 14, 2025/10/15, 11:16:09.169, 12504071590, vstest.console.dll, TcpClientExtensions.MessageLoopAsync: Polling on remoteEndPoint: 127.0.0.1:60610 localEndPoint: 127.0.0.1:60609 after 0 ms
TpTrace Verbose: 0 : 20084, 5, 2025/10/15, 11:16:09.169, 12504073137, vstest.console.dll, TestRequestSender.CheckVersionWithTestHost: Sending check version message: {"MessageType":"ProtocolVersion","Payload":7}
TpTrace Verbose: 0 : 20084, 14, 2025/10/15, 11:16:09.251, 12504893968, vstest.console.dll, TcpClientExtensions.MessageLoopAsync: NotifyDataAvailable remoteEndPoint: 127.0.0.1:60610 localEndPoint: 127.0.0.1:60609
TpTrace Verbose: 0 : 20084, 14, 2025/10/15, 11:16:09.251, 12504895890, vstest.console.dll, TestRequestSender.CheckVersionWithTestHost: onMessageReceived received message: (ProtocolVersion) -> {"MessageType":"ProtocolVersion","Payload":5}
TpTrace Verbose: 0 : 20084, 14, 2025/10/15, 11:16:09.252, 12504900216, vstest.console.dll, MulticastDelegateUtilities.SafeInvoke: LengthPrefixCommunicationChannel: MessageReceived: Invoking callback 1/1 for Microsoft.VisualStudio.TestPlatform.CommunicationUtilities.TestRequestSender+<>c__DisplayClass29_0., took 0 ms.
TpTrace Verbose: 0 : 20084, 14, 2025/10/15, 11:16:09.252, 12504900912, vstest.console.dll, TcpClientExtensions.MessageLoopAsync: Polling on remoteEndPoint: 127.0.0.1:60610 localEndPoint: 127.0.0.1:60609 after 82 ms
TpTrace Verbose: 0 : 20084, 5, 2025/10/15, 11:16:09.252, 12504901782, vstest.console.dll, TestPluginCache.GetExtensionPaths: Filtered extension paths: 
TpTrace Verbose: 0 : 20084, 5, 2025/10/15, 11:16:09.252, 12504902711, vstest.console.dll, TestPluginCache.GetExtensionPaths: Added default extension paths: C:\Program Files\dotnet\sdk\8.0.403\Extensions\Microsoft.Diagnostics.NETCore.Client.dll
C:\Program Files\dotnet\sdk\8.0.403\Extensions\Microsoft.TestPlatform.Extensions.BlameDataCollector.dll
C:\Program Files\dotnet\sdk\8.0.403\Extensions\Microsoft.TestPlatform.Extensions.EventLogCollector.dll
C:\Program Files\dotnet\sdk\8.0.403\Extensions\Microsoft.TestPlatform.TestHostRuntimeProvider.dll
C:\Program Files\dotnet\sdk\8.0.403\Extensions\Microsoft.VisualStudio.TestPlatform.Extensions.Html.TestLogger.dll
C:\Program Files\dotnet\sdk\8.0.403\Extensions\Microsoft.VisualStudio.TestPlatform.Extensions.Trx.TestLogger.dll
TpTrace Verbose: 0 : 20084, 5, 2025/10/15, 11:16:09.252, 12504903005, vstest.console.dll, TestPluginCache.GetExtensionPaths: Added unfilterableExtensionPaths: 
TpTrace Verbose: 0 : 20084, 5, 2025/10/15, 11:16:09.254, 12504918053, vstest.console.dll, TestRequestSender.InitializeExecution: Sending initialize execution with message: {"Version":5,"MessageType":"TestExecution.Initialize","Payload":["C:\\Users\\Student3\\Desktop\\DevOps\\08-Exercise-CI-CD-GitHub-Actions-Resources\\08-Exercise-CI-CD-GitHub-Actions-Resources\\06-SeleniumWebDriver\\TestProject1\\bin\\Debug\\net6.0\\fine-code-coverage\\build-output\\NUnit3.TestAdapter.dll"]}
TpTrace Verbose: 0 : 20084, 5, 2025/10/15, 11:16:09.254, 12504919249, vstest.console.dll, ParallelProxyExecutionManager.StartTestRunOnConcurrentManager: Execution starting. Started clients: 1
TpTrace Verbose: 0 : 20084, 5, 2025/10/15, 11:16:09.254, 12504920672, vstest.console.dll, TestRunRequest:SendTestRunMessage: Starting.
TpTrace Verbose: 0 : 20084, 5, 2025/10/15, 11:16:09.254, 12504921529, vstest.console.dll, MulticastDelegateUtilities.SafeInvoke: TestRun.LogMessages: Invoking callback 1/1 for Microsoft.VisualStudio.TestPlatform.CommandLine.TestRunResultAggregator., took 0 ms.
TpTrace Information: 0 : 20084, 5, 2025/10/15, 11:16:09.254, 12504921721, vstest.console.dll, TestRunRequest:SendTestRunMessage: Completed.
TpTrace Verbose: 0 : 20084, 4, 2025/10/15, 11:16:09.254, 12504922848, vstest.console.dll, MulticastDelegateUtilities.SafeInvoke: InternalTestLoggerEvents.SendTestRunMessage: Invoking callback 1/1 for Microsoft.VisualStudio.TestPlatform.CommandLine.Internal.ConsoleLogger., took 0 ms.
TpTrace Warning: 0 : 20084, 5, 2025/10/15, 11:16:09.254, 12504924400, vstest.console.dll, InferRunSettingsHelper.MakeRunsettingsCompatible: Removing the following settings: TargetPlatform from RunSettings file. To use those settings please move to latest version of Microsoft.NET.Test.Sdk
TpTrace Verbose: 0 : 20084, 14, 2025/10/15, 11:16:09.257, 12504950265, vstest.console.dll, TcpClientExtensions.MessageLoopAsync: NotifyDataAvailable remoteEndPoint: 127.0.0.1:60610 localEndPoint: 127.0.0.1:60609
TpTrace Verbose: 0 : 20084, 5, 2025/10/15, 11:16:09.257, 12504951851, vstest.console.dll, TestRequestSender.StartTestRun: Sending test run with message: {"Version":5,"MessageType":"TestExecution.StartWithSources","Payload":{"AdapterSourceMap":{"_none_":["C:\\Users\\Student3\\Desktop\\DevOps\\08-Exercise-CI-CD-GitHub-Actions-Resources\\08-Exercise-CI-CD-GitHub-Actions-Resources\\06-SeleniumWebDriver\\TestProject1\\bin\\Debug\\net6.0\\fine-code-coverage\\build-output\\TestProject1.dll"]},"RunSettings":"<RunSettings>\r\n  <RunConfiguration>\r\n    <ResultsDirectory>C:\\Users\\Student3\\Desktop\\DevOps\\08-Exercise-CI-CD-GitHub-Actions-Resources\\08-Exercise-CI-CD-GitHub-Actions-Resources\\06-SeleniumWebDriver\\TestProject1\\bin\\Debug\\net6.0\\fine-code-coverage\\coverage-tool-output</ResultsDirectory>\r\n    <TargetFrameworkVersion>.NETCoreApp,Version=v6.0</TargetFrameworkVersion>\r\n    <DesignMode>False</DesignMode>\r\n    <CollectSourceInformation>False</CollectSourceInformation>\r\n  </RunConfiguration>\r\n  <LoggerRunSettings>\r\n    <Loggers>\r\n      <Logger friendlyName=\"blame\" enabled=\"True\" />\r\n      <Logger friendlyName=\"Console\" uri=\"logger://microsoft/TestPlatform/ConsoleLogger/v1\" assemblyQualifiedName=\"Microsoft.VisualStudio.TestPlatform.CommandLine.Internal.ConsoleLogger, vstest.console, Version=15.0.0.0, Culture=neutral, PublicKeyToken=b03f5f7f11d50a3a\" codeBase=\"C:\\Program Files\\dotnet\\sdk\\8.0.403\\vstest.console.dll\" enabled=\"True\" />\r\n    </Loggers>\r\n  </LoggerRunSettings>\r\n  <DataCollectionRunSettings>\r\n    <DataCollectors>\r\n      <DataCollector friendlyName=\"blame\" enabled=\"True\">\r\n        <Configuration>\r\n          <ResultsDirectory>C:\\Users\\Student3\\Desktop\\DevOps\\08-Exercise-CI-CD-GitHub-Actions-Resources\\08-Exercise-CI-CD-GitHub-Actions-Resources\\06-SeleniumWebDriver\\TestProject1\\bin\\Debug\\net6.0\\fine-code-coverage\\coverage-tool-output</ResultsDirectory>\r\n        </Configuration>\r\n      </DataCollector>\r\n    </DataCollectors>\r\n  </DataCollectionRunSettings>\r\n</RunSettings>","TestExecutionContext":{"FrequencyOfRunStatsChangeEvent":10,"RunStatsChangeEventTimeout":"00:00:01.5000000","InIsolation":false,"KeepAlive":false,"AreTestCaseLevelEventsRequired":false,"IsDebug":false,"TestCaseFilter":null,"FilterOptions":null},"Package":null}}
TpTrace Verbose: 0 : 20084, 14, 2025/10/15, 11:16:09.257, 12504952486, vstest.console.dll, TestRequestSender.OnExecutionMessageReceived: Received message: {"Version":5,"MessageType":"TestSession.Message","Payload":{"MessageLevel":0,"Message":"Logging TestHost Diagnostics in file: C:\\Users\\Student3\\Desktop\\DevOps\\08-Exercise-CI-CD-GitHub-Actions-Resources\\08-Exercise-CI-CD-GitHub-Actions-Resources\\06-SeleniumWebDriver\\TestProject1\\bin\\Debug\\net6.0\\fine-code-coverage\\coverage-tool-output\\diagnostics.host.25-10-15_11-16-08_91866_5.log"}}
TpTrace Verbose: 0 : 20084, 5, 2025/10/15, 11:16:09.257, 12504952728, vstest.console.dll, ParallelProxyExecutionManager.StartTestRunOnConcurrentManager: Execution started. Started clients: 1
TpTrace Verbose: 0 : 20084, 14, 2025/10/15, 11:16:09.258, 12504964643, vstest.console.dll, TestRunRequest:SendTestRunMessage: Starting.
TpTrace Verbose: 0 : 20084, 14, 2025/10/15, 11:16:09.258, 12504965284, vstest.console.dll, MulticastDelegateUtilities.SafeInvoke: TestRun.LogMessages: Invoking callback 1/1 for Microsoft.VisualStudio.TestPlatform.CommandLine.TestRunResultAggregator., took 0 ms.
TpTrace Information: 0 : 20084, 14, 2025/10/15, 11:16:09.258, 12504965501, vstest.console.dll, TestRunRequest:SendTestRunMessage: Completed.
TpTrace Verbose: 0 : 20084, 14, 2025/10/15, 11:16:09.258, 12504965663, vstest.console.dll, MulticastDelegateUtilities.SafeInvoke: LengthPrefixCommunicationChannel: MessageReceived: Invoking callback 1/1 for Microsoft.VisualStudio.TestPlatform.CommunicationUtilities.TestRequestSender+<>c__DisplayClass34_0., took 1 ms.
TpTrace Verbose: 0 : 20084, 4, 2025/10/15, 11:16:09.258, 12504965829, vstest.console.dll, MulticastDelegateUtilities.SafeInvoke: InternalTestLoggerEvents.SendTestRunMessage: Invoking callback 1/1 for Microsoft.VisualStudio.TestPlatform.CommandLine.Internal.ConsoleLogger., took 0 ms.
TpTrace Verbose: 0 : 20084, 14, 2025/10/15, 11:16:09.258, 12504966100, vstest.console.dll, TcpClientExtensions.MessageLoopAsync: Polling on remoteEndPoint: 127.0.0.1:60610 localEndPoint: 127.0.0.1:60609 after 6 ms
TpTrace Verbose: 0 : 20084, 14, 2025/10/15, 11:16:09.350, 12505886128, vstest.console.dll, TcpClientExtensions.MessageLoopAsync: NotifyDataAvailable remoteEndPoint: 127.0.0.1:60610 localEndPoint: 127.0.0.1:60609
TpTrace Verbose: 0 : 20084, 14, 2025/10/15, 11:16:09.350, 12505887447, vstest.console.dll, TestRequestSender.OnExecutionMessageReceived: Received message: {"Version":5,"MessageType":"TestSession.Message","Payload":{"MessageLevel":0,"Message":"NUnit Adapter 4.2.0.0: Test execution started"}}
TpTrace Verbose: 0 : 20084, 14, 2025/10/15, 11:16:09.351, 12505888735, vstest.console.dll, TestRunRequest:SendTestRunMessage: Starting.
TpTrace Verbose: 0 : 20084, 14, 2025/10/15, 11:16:09.351, 12505889137, vstest.console.dll, MulticastDelegateUtilities.SafeInvoke: TestRun.LogMessages: Invoking callback 1/1 for Microsoft.VisualStudio.TestPlatform.CommandLine.TestRunResultAggregator., took 0 ms.
TpTrace Information: 0 : 20084, 14, 2025/10/15, 11:16:09.351, 12505889353, vstest.console.dll, TestRunRequest:SendTestRunMessage: Completed.
TpTrace Verbose: 0 : 20084, 4, 2025/10/15, 11:16:09.351, 12505889388, vstest.console.dll, MulticastDelegateUtilities.SafeInvoke: InternalTestLoggerEvents.SendTestRunMessage: Invoking callback 1/1 for Microsoft.VisualStudio.TestPlatform.CommandLine.Internal.ConsoleLogger., took 0 ms.
TpTrace Verbose: 0 : 20084, 14, 2025/10/15, 11:16:09.351, 12505889478, vstest.console.dll, MulticastDelegateUtilities.SafeInvoke: LengthPrefixCommunicationChannel: MessageReceived: Invoking callback 1/1 for Microsoft.VisualStudio.TestPlatform.CommunicationUtilities.TestRequestSender+<>c__DisplayClass34_0., took 0 ms.
TpTrace Verbose: 0 : 20084, 14, 2025/10/15, 11:16:09.351, 12505890164, vstest.console.dll, TcpClientExtensions.MessageLoopAsync: Polling on remoteEndPoint: 127.0.0.1:60610 localEndPoint: 127.0.0.1:60609 after 92 ms
TpTrace Verbose: 0 : 20084, 14, 2025/10/15, 11:16:09.369, 12506072445, vstest.console.dll, TcpClientExtensions.MessageLoopAsync: NotifyDataAvailable remoteEndPoint: 127.0.0.1:60610 localEndPoint: 127.0.0.1:60609
TpTrace Verbose: 0 : 20084, 14, 2025/10/15, 11:16:09.369, 12506073345, vstest.console.dll, TestRequestSender.OnExecutionMessageReceived: Received message: {"Version":5,"MessageType":"TestSession.Message","Payload":{"MessageLevel":0,"Message":"Running all tests in C:\\Users\\Student3\\Desktop\\DevOps\\08-Exercise-CI-CD-GitHub-Actions-Resources\\08-Exercise-CI-CD-GitHub-Actions-Resources\\06-SeleniumWebDriver\\TestProject1\\bin\\Debug\\net6.0\\fine-code-coverage\\build-output\\TestProject1.dll"}}
TpTrace Verbose: 0 : 20084, 14, 2025/10/15, 11:16:09.369, 12506074084, vstest.console.dll, TestRunRequest:SendTestRunMessage: Starting.
TpTrace Verbose: 0 : 20084, 14, 2025/10/15, 11:16:09.369, 12506074384, vstest.console.dll, MulticastDelegateUtilities.SafeInvoke: TestRun.LogMessages: Invoking callback 1/1 for Microsoft.VisualStudio.TestPlatform.CommandLine.TestRunResultAggregator., took 0 ms.
TpTrace Information: 0 : 20084, 14, 2025/10/15, 11:16:09.369, 12506074537, vstest.console.dll, TestRunRequest:SendTestRunMessage: Completed.
TpTrace Verbose: 0 : 20084, 14, 2025/10/15, 11:16:09.369, 12506074660, vstest.console.dll, MulticastDelegateUtilities.SafeInvoke: LengthPrefixCommunicationChannel: MessageReceived: Invoking callback 1/1 for Microsoft.VisualStudio.TestPlatform.CommunicationUtilities.TestRequestSender+<>c__DisplayClass34_0., took 0 ms.
TpTrace Verbose: 0 : 20084, 14, 2025/10/15, 11:16:09.369, 12506074794, vstest.console.dll, TcpClientExtensions.MessageLoopAsync: Polling on remoteEndPoint: 127.0.0.1:60610 localEndPoint: 127.0.0.1:60609 after 18 ms
TpTrace Verbose: 0 : 20084, 4, 2025/10/15, 11:16:09.369, 12506075154, vstest.console.dll, MulticastDelegateUtilities.SafeInvoke: InternalTestLoggerEvents.SendTestRunMessage: Invoking callback 1/1 for Microsoft.VisualStudio.TestPlatform.CommandLine.Internal.ConsoleLogger., took 0 ms.
TpTrace Verbose: 0 : 20084, 14, 2025/10/15, 11:16:09.446, 12506845428, vstest.console.dll, TcpClientExtensions.MessageLoopAsync: NotifyDataAvailable remoteEndPoint: 127.0.0.1:60610 localEndPoint: 127.0.0.1:60609
TpTrace Verbose: 0 : 20084, 14, 2025/10/15, 11:16:09.446, 12506846650, vstest.console.dll, TestRequestSender.OnExecutionMessageReceived: Received message: {"Version":5,"MessageType":"TestSession.Message","Payload":{"MessageLevel":0,"Message":"   NUnit3TestExecutor discovered 5 of 5 NUnit test cases using Current Discovery mode, Non-Explicit run"}}
TpTrace Verbose: 0 : 20084, 14, 2025/10/15, 11:16:09.446, 12506847593, vstest.console.dll, TestRunRequest:SendTestRunMessage: Starting.
TpTrace Verbose: 0 : 20084, 14, 2025/10/15, 11:16:09.446, 12506847957, vstest.console.dll, MulticastDelegateUtilities.SafeInvoke: TestRun.LogMessages: Invoking callback 1/1 for Microsoft.VisualStudio.TestPlatform.CommandLine.TestRunResultAggregator., took 0 ms.
TpTrace Information: 0 : 20084, 14, 2025/10/15, 11:16:09.447, 12506848133, vstest.console.dll, TestRunRequest:SendTestRunMessage: Completed.
TpTrace Verbose: 0 : 20084, 4, 2025/10/15, 11:16:09.447, 12506848179, vstest.console.dll, MulticastDelegateUtilities.SafeInvoke: InternalTestLoggerEvents.SendTestRunMessage: Invoking callback 1/1 for Microsoft.VisualStudio.TestPlatform.CommandLine.Internal.ConsoleLogger., took 0 ms.
TpTrace Verbose: 0 : 20084, 14, 2025/10/15, 11:16:09.447, 12506848307, vstest.console.dll, MulticastDelegateUtilities.SafeInvoke: LengthPrefixCommunicationChannel: MessageReceived: Invoking callback 1/1 for Microsoft.VisualStudio.TestPlatform.CommunicationUtilities.TestRequestSender+<>c__DisplayClass34_0., took 0 ms.
TpTrace Verbose: 0 : 20084, 14, 2025/10/15, 11:16:09.447, 12506848991, vstest.console.dll, TcpClientExtensions.MessageLoopAsync: Polling on remoteEndPoint: 127.0.0.1:60610 localEndPoint: 127.0.0.1:60609 after 77 ms
TpTrace Verbose: 0 : 20084, 14, 2025/10/15, 11:16:10.447, 12516850203, vstest.console.dll, TcpClientExtensions.MessageLoopAsync: Polling on remoteEndPoint: 127.0.0.1:60610 localEndPoint: 127.0.0.1:60609 after 1000 ms
TpTrace Verbose: 0 : 20084, 12, 2025/10/15, 11:16:10.948, 12521859068, vstest.console.dll, TestHostManagerCallbacks.StandardOutputReceivedCallback Test host standard output line: Starting ChromeDriver 141.0.7390.78 (2b53b0e231fc1be9d07dd91143c7eae0ffbfcab5-refs/branch-heads/7390_65@{#5}) on port 60612
TpTrace Verbose: 0 : 20084, 12, 2025/10/15, 11:16:10.948, 12521861047, vstest.console.dll, MulticastDelegateUtilities.SafeInvoke: TestRunMessageLoggerProxy.SendMessage: Invoking callback 1/1 for Microsoft.VisualStudio.TestPlatform.Common.Logging.InternalTestLoggerEvents., took 0 ms.
TpTrace Verbose: 0 : 20084, 12, 2025/10/15, 11:16:10.948, 12521861437, vstest.console.dll, TestHostManagerCallbacks.StandardOutputReceivedCallback Test host standard output line: Only local connections are allowed.
TpTrace Verbose: 0 : 20084, 12, 2025/10/15, 11:16:10.948, 12521861771, vstest.console.dll, MulticastDelegateUtilities.SafeInvoke: TestRunMessageLoggerProxy.SendMessage: Invoking callback 1/1 for Microsoft.VisualStudio.TestPlatform.Common.Logging.InternalTestLoggerEvents., took 0 ms.
TpTrace Verbose: 0 : 20084, 4, 2025/10/15, 11:16:10.948, 12521861853, vstest.console.dll, MulticastDelegateUtilities.SafeInvoke: InternalTestLoggerEvents.SendMessage: Invoking callback 1/1 for Microsoft.VisualStudio.TestPlatform.CommandLine.Internal.ConsoleLogger., took 0 ms.
TpTrace Verbose: 0 : 20084, 12, 2025/10/15, 11:16:10.948, 12521861986, vstest.console.dll, TestHostManagerCallbacks.StandardOutputReceivedCallback Test host standard output line: Please see https://chromedriver.chromium.org/security-considerations for suggestions on keeping ChromeDriver safe.
TpTrace Verbose: 0 : 20084, 12, 2025/10/15, 11:16:10.948, 12521863643, vstest.console.dll, MulticastDelegateUtilities.SafeInvoke: TestRunMessageLoggerProxy.SendMessage: Invoking callback 1/1 for Microsoft.VisualStudio.TestPlatform.Common.Logging.InternalTestLoggerEvents., took 0 ms.
TpTrace Verbose: 0 : 20084, 4, 2025/10/15, 11:16:10.948, 12521862558, vstest.console.dll, MulticastDelegateUtilities.SafeInvoke: InternalTestLoggerEvents.SendMessage: Invoking callback 1/1 for Microsoft.VisualStudio.TestPlatform.CommandLine.Internal.ConsoleLogger., took 0 ms.
TpTrace Verbose: 0 : 20084, 4, 2025/10/15, 11:16:10.948, 12521865146, vstest.console.dll, MulticastDelegateUtilities.SafeInvoke: InternalTestLoggerEvents.SendMessage: Invoking callback 1/1 for Microsoft.VisualStudio.TestPlatform.CommandLine.Internal.ConsoleLogger., took 0 ms.
TpTrace Verbose: 0 : 20084, 12, 2025/10/15, 11:16:10.953, 12521913646, vstest.console.dll, TestHostManagerCallbacks.StandardOutputReceivedCallback Test host standard output line: ChromeDriver was started successfully on port 60612.
TpTrace Verbose: 0 : 20084, 12, 2025/10/15, 11:16:10.953, 12521914509, vstest.console.dll, MulticastDelegateUtilities.SafeInvoke: TestRunMessageLoggerProxy.SendMessage: Invoking callback 1/1 for Microsoft.VisualStudio.TestPlatform.Common.Logging.InternalTestLoggerEvents., took 0 ms.
TpTrace Verbose: 0 : 20084, 4, 2025/10/15, 11:16:10.953, 12521915100, vstest.console.dll, MulticastDelegateUtilities.SafeInvoke: InternalTestLoggerEvents.SendMessage: Invoking callback 1/1 for Microsoft.VisualStudio.TestPlatform.CommandLine.Internal.ConsoleLogger., took 0 ms.
TpTrace Verbose: 0 : 20084, 14, 2025/10/15, 11:16:11.455, 12526936089, vstest.console.dll, TcpClientExtensions.MessageLoopAsync: Polling on remoteEndPoint: 127.0.0.1:60610 localEndPoint: 127.0.0.1:60609 after 1008 ms
TpTrace Verbose: 0 : 20084, 14, 2025/10/15, 11:16:12.456, 12536944623, vstest.console.dll, TcpClientExtensions.MessageLoopAsync: Polling on remoteEndPoint: 127.0.0.1:60610 localEndPoint: 127.0.0.1:60609 after 1000 ms
TpTrace Verbose: 0 : 20084, 14, 2025/10/15, 11:16:13.017, 12542552632, vstest.console.dll, TcpClientExtensions.MessageLoopAsync: NotifyDataAvailable remoteEndPoint: 127.0.0.1:60610 localEndPoint: 127.0.0.1:60609
TpTrace Verbose: 0 : 20084, 14, 2025/10/15, 11:16:13.017, 12542554174, vstest.console.dll, TestRequestSender.OnExecutionMessageReceived: Received message: {"Version":5,"MessageType":"TestExecution.StatsChange","Payload":{"NewTestResults":[],"TestRunStatistics":{"ExecutedTests":0,"Stats":{}},"ActiveTests":[{"Id":"ea7677c4-81b0-3802-898d-f102635e57c4","FullyQualifiedName":"TestProject1.TestCalculator.TestNumberCalculator(\"5\",\"+ (sum)\",\"10\",\"Result: 15\")","DisplayName":"TestNumberCalculator(\"5\",\"+ (sum)\",\"10\",\"Result: 15\")","ExecutorUri":"executor://NUnit3TestExecutor","Source":"C:\\Users\\Student3\\Desktop\\DevOps\\08-Exercise-CI-CD-GitHub-Actions-Resources\\08-Exercise-CI-CD-GitHub-Actions-Resources\\06-SeleniumWebDriver\\TestProject1\\bin\\Debug\\net6.0\\fine-code-coverage\\build-output\\TestProject1.dll","CodeFilePath":null,"LineNumber":0,"Properties":[{"Key":{"Id":"NUnit.Seed","Label":"Seed","Category":"","Description":"","Attributes":0,"ValueType":"System.String"},"Value":"108446457"}]}]}}
TpTrace Verbose: 0 : 20084, 14, 2025/10/15, 11:16:13.027, 12542649341, vstest.console.dll, TestRunRequest:SendTestRunStatsChange: Starting.
TpTrace Verbose: 0 : 20084, 14, 2025/10/15, 11:16:13.027, 12542650552, vstest.console.dll, InProgress is TestNumberCalculator("5","+ (sum)","10","Result: 15")
TpTrace Verbose: 0 : 20084, 14, 2025/10/15, 11:16:13.027, 12542651124, vstest.console.dll, MulticastDelegateUtilities.SafeInvoke: TestRun.RunStatsChanged: Invoking callbacks was skipped because there are no subscribers.
TpTrace Information: 0 : 20084, 14, 2025/10/15, 11:16:13.027, 12542651347, vstest.console.dll, TestRunRequest:SendTestRunStatsChange: Completed.
TpTrace Verbose: 0 : 20084, 14, 2025/10/15, 11:16:13.027, 12542651607, vstest.console.dll, MulticastDelegateUtilities.SafeInvoke: LengthPrefixCommunicationChannel: MessageReceived: Invoking callback 1/1 for Microsoft.VisualStudio.TestPlatform.CommunicationUtilities.TestRequestSender+<>c__DisplayClass34_0., took 9 ms.
TpTrace Verbose: 0 : 20084, 14, 2025/10/15, 11:16:13.027, 12542651920, vstest.console.dll, TcpClientExtensions.MessageLoopAsync: Polling on remoteEndPoint: 127.0.0.1:60610 localEndPoint: 127.0.0.1:60609 after 570 ms
TpTrace Verbose: 0 : 20084, 14, 2025/10/15, 11:16:13.877, 12551153648, vstest.console.dll, TcpClientExtensions.MessageLoopAsync: NotifyDataAvailable remoteEndPoint: 127.0.0.1:60610 localEndPoint: 127.0.0.1:60609
TpTrace Verbose: 0 : 20084, 14, 2025/10/15, 11:16:13.877, 12551155118, vstest.console.dll, TestRequestSender.OnExecutionMessageReceived: Received message: {"Version":5,"MessageType":"TestSession.Message","Payload":{"MessageLevel":0,"Message":"NUnit Adapter 4.2.0.0: Test execution complete"}}
TpTrace Verbose: 0 : 20084, 14, 2025/10/15, 11:16:13.877, 12551156227, vstest.console.dll, TestRunRequest:SendTestRunMessage: Starting.
TpTrace Verbose: 0 : 20084, 14, 2025/10/15, 11:16:13.877, 12551156634, vstest.console.dll, MulticastDelegateUtilities.SafeInvoke: TestRun.LogMessages: Invoking callback 1/1 for Microsoft.VisualStudio.TestPlatform.CommandLine.TestRunResultAggregator., took 0 ms.
TpTrace Information: 0 : 20084, 14, 2025/10/15, 11:16:13.877, 12551156799, vstest.console.dll, TestRunRequest:SendTestRunMessage: Completed.
TpTrace Verbose: 0 : 20084, 14, 2025/10/15, 11:16:13.877, 12551157045, vstest.console.dll, MulticastDelegateUtilities.SafeInvoke: LengthPrefixCommunicationChannel: MessageReceived: Invoking callback 1/1 for Microsoft.VisualStudio.TestPlatform.CommunicationUtilities.TestRequestSender+<>c__DisplayClass34_0., took 0 ms.
TpTrace Verbose: 0 : 20084, 14, 2025/10/15, 11:16:13.877, 12551157198, vstest.console.dll, TcpClientExtensions.MessageLoopAsync: Polling on remoteEndPoint: 127.0.0.1:60610 localEndPoint: 127.0.0.1:60609 after 850 ms
TpTrace Verbose: 0 : 20084, 4, 2025/10/15, 11:16:13.877, 12551157294, vstest.console.dll, MulticastDelegateUtilities.SafeInvoke: InternalTestLoggerEvents.SendTestRunMessage: Invoking callback 1/1 for Microsoft.VisualStudio.TestPlatform.CommandLine.Internal.ConsoleLogger., took 0 ms.
TpTrace Verbose: 0 : 20084, 14, 2025/10/15, 11:16:13.891, 12551291319, vstest.console.dll, TcpClientExtensions.MessageLoopAsync: NotifyDataAvailable remoteEndPoint: 127.0.0.1:60610 localEndPoint: 127.0.0.1:60609
TpTrace Verbose: 0 : 20084, 14, 2025/10/15, 11:16:13.891, 12551293153, vstest.console.dll, TestRequestSender.OnExecutionMessageReceived: Received message: {"Version":5,"MessageType":"TestExecution.Completed","Payload":{"TestRunCompleteArgs":{"TestRunStatistics":{"ExecutedTests":5,"Stats":{"Passed":5}},"IsCanceled":false,"IsAborted":false,"Error":null,"AttachmentSets":[],"ElapsedTimeInRunningTests":"00:00:04.5401770","Metrics":{}},"LastRunTests":{"NewTestResults":[{"TestCase":{"Id":"ea7677c4-81b0-3802-898d-f102635e57c4","FullyQualifiedName":"TestProject1.TestCalculator.TestNumberCalculator(\"5\",\"+ (sum)\",\"10\",\"Result: 15\")","DisplayName":"TestNumberCalculator(\"5\",\"+ (sum)\",\"10\",\"Result: 15\")","ExecutorUri":"executor://NUnit3TestExecutor","Source":"C:\\Users\\Student3\\Desktop\\DevOps\\08-Exercise-CI-CD-GitHub-Actions-Resources\\08-Exercise-CI-CD-GitHub-Actions-Resources\\06-SeleniumWebDriver\\TestProject1\\bin\\Debug\\net6.0\\fine-code-coverage\\build-output\\TestProject1.dll","CodeFilePath":null,"LineNumber":0,"Properties":[{"Key":{"Id":"NUnit.Seed","Label":"Seed","Category":"","Description":"","Attributes":0,"ValueType":"System.String"},"Value":"108446457"}]},"Attachments":[],"Outcome":1,"ErrorMessage":null,"ErrorStackTrace":null,"DisplayName":"TestNumberCalculator(\"5\",\"+ (sum)\",\"10\",\"Result: 15\")","Messages":[],"ComputerName":"STUDENT3","Duration":"00:00:00.1828650","StartTime":"2025-10-15T08:16:12.9976832+00:00","EndTime":"2025-10-15T08:16:13.1805022+00:00","Properties":[{"Key":{"Id":"NUnit.Seed","Label":"Seed","Category":"","Description":"","Attributes":0,"ValueType":"System.String"},"Value":"108446457"}]},{"TestCase":{"Id":"39de9d3b-d851-5575-847e-661c7a8919c8","FullyQualifiedName":"TestProject1.TestCalculator.TestNumberCalculator(\"3.5\",\"- (subtract)\",\"1.2\",\"Result: 2.3\")","DisplayName":"TestNumberCalculator(\"3.5\",\"- (subtract)\",\"1.2\",\"Result: 2.3\")","ExecutorUri":"executor://NUnit3TestExecutor","Source":"C:\\Users\\Student3\\Desktop\\DevOps\\08-Exercise-CI-CD-GitHub-Actions-Resources\\08-Exercise-CI-CD-GitHub-Actions-Resources\\06-SeleniumWebDriver\\TestProject1\\bin\\Debug\\net6.0\\fine-code-coverage\\build-output\\TestProject1.dll","CodeFilePath":null,"LineNumber":0,"Properties":[{"Key":{"Id":"NUnit.Seed","Label":"Seed","Category":"","Description":"","Attributes":0,"ValueType":"System.String"},"Value":"339815626"}]},"Attachments":[],"Outcome":1,"ErrorMessage":null,"ErrorStackTrace":null,"DisplayName":"TestNumberCalculator(\"3.5\",\"- (subtract)\",\"1.2\",\"Result: 2.3\")","Messages":[],"ComputerName":"STUDENT3","Duration":"00:00:00.1313510","StartTime":"2025-10-15T08:16:13.1813296+00:00","EndTime":"2025-10-15T08:16:13.31268+00:00","Properties":[{"Key":{"Id":"NUnit.Seed","Label":"Seed","Category":"","Description":"","Attributes":0,"ValueType":"System.String"},"Value":"339815626"}]},{"TestCase":{"Id":"dd89cbca-58a0-4c38-e869-82fe18971ae5","FullyQualifiedName":"TestProject1.TestCalculator.TestNumberCalculator(\"2e2\",\"* (multiply)\",\"1.5\",\"Result: 300\")","DisplayName":"TestNumberCalculator(\"2e2\",\"* (multiply)\",\"1.5\",\"Result: 300\")","ExecutorUri":"executor://NUnit3TestExecutor","Source":"C:\\Users\\Student3\\Desktop\\DevOps\\08-Exercise-CI-CD-GitHub-Actions-Resources\\08-Exercise-CI-CD-GitHub-Actions-Resources\\06-SeleniumWebDriver\\TestProject1\\bin\\Debug\\net6.0\\fine-code-coverage\\build-output\\TestProject1.dll","CodeFilePath":null,"LineNumber":0,"Properties":[{"Key":{"Id":"NUnit.Seed","Label":"Seed","Category":"","Description":"","Attributes":0,"ValueType":"System.String"},"Value":"473767878"}]},"Attachments":[],"Outcome":1,"ErrorMessage":null,"ErrorStackTrace":null,"DisplayName":"TestNumberCalculator(\"2e2\",\"* (multiply)\",\"1.5\",\"Result: 300\")","Messages":[],"ComputerName":"STUDENT3","Duration":"00:00:00.1440060","StartTime":"2025-10-15T08:16:13.3127143+00:00","EndTime":"2025-10-15T08:16:13.4567196+00:00","Properties":[{"Key":{"Id":"NUnit.Seed","Label":"Seed","Category":"","Description":"","Attributes":0,"ValueType":"System.String"},"Value":"473767878"}]},{"TestCase":{"Id":"f81b492d-c0a0-de9c-664c-fff3b9b90c36","FullyQualifiedName":"TestProject1.TestCalculator.TestNumberCalculator(\"5\",\"/ (divide)\",\"0\",\"Result: Infinity\")","DisplayName":"TestNumberCalculator(\"5\",\"/ (divide)\",\"0\",\"Result: Infinity\")","ExecutorUri":"executor://NUnit3TestExecutor","Source":"C:\\Users\\Student3\\Desktop\\DevOps\\08-Exercise-CI-CD-GitHub-Actions-Resources\\08-Exercise-CI-CD-GitHub-Actions-Resources\\06-SeleniumWebDriver\\TestProject1\\bin\\Debug\\net6.0\\fine-code-coverage\\build-output\\TestProject1.dll","CodeFilePath":null,"LineNumber":0,"Properties":[{"Key":{"Id":"NUnit.Seed","Label":"Seed","Category":"","Description":"","Attributes":0,"ValueType":"System.String"},"Value":"1704009736"}]},"Attachments":[],"Outcome":1,"ErrorMessage":null,"ErrorStackTrace":null,"DisplayName":"TestNumberCalculator(\"5\",\"/ (divide)\",\"0\",\"Result: Infinity\")","Messages":[],"ComputerName":"STUDENT3","Duration":"00:00:00.1182660","StartTime":"2025-10-15T08:16:13.4567442+00:00","EndTime":"2025-10-15T08:16:13.575009+00:00","Properties":[{"Key":{"Id":"NUnit.Seed","Label":"Seed","Category":"","Description":"","Attributes":0,"ValueType":"System.String"},"Value":"1704009736"}]},{"TestCase":{"Id":"0cc8adee-e7d3-e71e-1120-cbd9a711862d","FullyQualifiedName":"TestProject1.TestCalculator.TestNumberCalculator(\"invalid\",\"+ (sum)\",\"10\",\"Result: invalid input\")","DisplayName":"TestNumberCalculator(\"invalid\",\"+ (sum)\",\"10\",\"Result: invalid input\")","ExecutorUri":"executor://NUnit3TestExecutor","Source":"C:\\Users\\Student3\\Desktop\\DevOps\\08-Exercise-CI-CD-GitHub-Actions-Resources\\08-Exercise-CI-CD-GitHub-Actions-Resources\\06-SeleniumWebDriver\\TestProject1\\bin\\Debug\\net6.0\\fine-code-coverage\\build-output\\TestProject1.dll","CodeFilePath":null,"LineNumber":0,"Properties":[{"Key":{"Id":"NUnit.Seed","Label":"Seed","Category":"","Description":"","Attributes":0,"ValueType":"System.String"},"Value":"1201764082"}]},"Attachments":[],"Outcome":1,"ErrorMessage":null,"ErrorStackTrace":null,"DisplayName":"TestNumberCalculator(\"invalid\",\"+ (sum)\",\"10\",\"Result: invalid input\")","Messages":[],"ComputerName":"STUDENT3","Duration":"00:00:00.1513970","StartTime":"2025-10-15T08:16:13.5750357+00:00","EndTime":"2025-10-15T08:16:13.7264316+00:00","Properties":[{"Key":{"Id":"NUnit.Seed","Label":"Seed","Category":"","Description":"","Attributes":0,"ValueType":"System.String"},"Value":"1201764082"}]}],"TestRunStatistics":{"ExecutedTests":5,"Stats":{"Passed":5}},"ActiveTests":[]},"RunAttachments":[],"ExecutorUris":["executor://nunit3testexecutor/"]}}
TpTrace Verbose: 0 : 20084, 14, 2025/10/15, 11:16:13.891, 12551294017, vstest.console.dll, TestRequestSender.EndSession: Sending end session.
TpTrace Verbose: 0 : 20084, 14, 2025/10/15, 11:16:13.891, 12551295179, vstest.console.dll, ProxyOperationManager.Close: waiting for test host to exit for 100 ms
TpTrace Verbose: 0 : 20084, 12, 2025/10/15, 11:16:13.900, 12551378799, vstest.console.dll, TestHostManagerCallbacks.StandardOutputReceivedCallback Test host standard output line: 
TpTrace Warning: 0 : 20084, 13, 2025/10/15, 11:16:13.900, 12551378972, vstest.console.dll, TestHostManagerCallbacks.ErrorReceivedCallback Test host standard error line: 
TpTrace Verbose: 0 : 20084, 13, 2025/10/15, 11:16:13.906, 12551446981, vstest.console.dll, TestHostProvider.ExitCallBack: Host exited starting callback.
TpTrace Information: 0 : 20084, 13, 2025/10/15, 11:16:13.906, 12551447952, vstest.console.dll, TestHostManagerCallbacks.ExitCallBack: Testhost processId: 6840 exited with exitcode: 0 error: ''
TpTrace Verbose: 0 : 20084, 13, 2025/10/15, 11:16:13.907, 12551448183, vstest.console.dll, DotnetTestHostManager.OnHostExited: invoking OnHostExited callback
TpTrace Verbose: 0 : 20084, 13, 2025/10/15, 11:16:13.907, 12551448484, vstest.console.dll, CrossPlatEngine.TestHostManagerHostExited: calling on client process exit callback.
TpTrace Information: 0 : 20084, 13, 2025/10/15, 11:16:13.907, 12551448766, vstest.console.dll, TestRequestSender.OnClientProcessExit: Test host process exited. Standard error: 
TpTrace Information: 0 : 20084, 13, 2025/10/15, 11:16:13.907, 12551448969, vstest.console.dll, SocketServer.Stop: Stop server endPoint: 127.0.0.1:60609
TpTrace Information: 0 : 20084, 14, 2025/10/15, 11:16:13.907, 12551449011, vstest.console.dll, SocketServer.Stop: Stop server endPoint: 127.0.0.1:60609
TpTrace Information: 0 : 20084, 13, 2025/10/15, 11:16:13.907, 12551449088, vstest.console.dll, SocketServer.Stop: Cancellation requested. Stopping message loop.
TpTrace Information: 0 : 20084, 14, 2025/10/15, 11:16:13.907, 12551449491, vstest.console.dll, SocketServer.Stop: Cancellation requested. Stopping message loop.
TpTrace Information: 0 : 20084, 14, 2025/10/15, 11:16:13.907, 12551450126, vstest.console.dll, Closing the connection
TpTrace Verbose: 0 : 20084, 13, 2025/10/15, 11:16:13.907, 12551450422, vstest.console.dll, MulticastDelegateUtilities.SafeInvoke: HostProviderEvents.OnHostExited: Invoking callback 1/1 for Microsoft.VisualStudio.TestPlatform.CrossPlatEngine.Client.ProxyOperationManager., took 0 ms.
TpTrace Verbose: 0 : 20084, 14, 2025/10/15, 11:16:13.907, 12551451826, vstest.console.dll, ProxyDataCollectionManager.InvokeDataCollectionServiceAction: Starting.
TpTrace Information: 0 : 20084, 14, 2025/10/15, 11:16:13.907, 12551452105, vstest.console.dll, ProxyDataCollectionManager.AfterTestRunEnd: Get attachment set and invoked data collectors processId: 20000 port: 60606
TpTrace Verbose: 0 : 20084, 14, 2025/10/15, 11:16:13.907, 12551452368, vstest.console.dll, DataCollectionRequestSender.SendAfterTestRunStartAndGetResult: Send AfterTestRunEnd message with isCancelled: False
TpTrace Verbose: 0 : 20084, 14, 2025/10/15, 11:16:13.911, 12551491303, vstest.console.dll, DataCollectionRequestSender.SendAfterTestRunStartAndGetResult: Received message: (DataCollection.AfterTestRunEndResult) -> {"MessageType":"DataCollection.AfterTestRunEndResult","Payload":{"AttachmentSets":[],"InvokedDataCollectors":[{"Uri":"datacollector://Microsoft/TestPlatform/Extensions/Blame/v1","FriendlyName":"Blame","AssemblyQualifiedName":"Microsoft.TestPlatform.Extensions.BlameDataCollector.BlameCollector, Microsoft.TestPlatform.Extensions.BlameDataCollector, Version=15.0.0.0, Culture=neutral, PublicKeyToken=b03f5f7f11d50a3a","FilePath":"C:\\Program Files\\dotnet\\sdk\\8.0.403\\Extensions\\Microsoft.TestPlatform.Extensions.BlameDataCollector.dll","HasAttachmentProcessor":false}],"Metrics":{}}}
TpTrace Information: 0 : 20084, 14, 2025/10/15, 11:16:13.914, 12551527399, vstest.console.dll, ProxyDataCollectionManager.InvokeDataCollectionServiceAction: Completed.
TpTrace Warning: 0 : 20084, 11, 2025/10/15, 11:16:13.916, 12551543940, vstest.console.dll, DataCollectionLauncher.ErrorReceivedCallback datacollector standard error line: 
TpTrace Information: 0 : 20084, 11, 2025/10/15, 11:16:13.921, 12551591242, vstest.console.dll, DataCollectionLauncher.ExitCallBack: Data collector exited with exitcode: 0 error: ''
TpTrace Verbose: 0 : 20084, 14, 2025/10/15, 11:16:13.937, 12551750048, vstest.console.dll, TestRunRequest:SendTestRunStatsChange: Starting.
TpTrace Verbose: 0 : 20084, 14, 2025/10/15, 11:16:13.937, 12551751470, vstest.console.dll, MulticastDelegateUtilities.SafeInvoke: TestRun.RunStatsChanged: Invoking callbacks was skipped because there are no subscribers.
TpTrace Information: 0 : 20084, 14, 2025/10/15, 11:16:13.937, 12551751748, vstest.console.dll, TestRunRequest:SendTestRunStatsChange: Completed.
TpTrace Verbose: 0 : 20084, 14, 2025/10/15, 11:16:13.937, 12551753119, vstest.console.dll, ParallelProxyExecutionManager: HandlePartialRunComplete: Total workloads = 1, Total started clients = 1 Total completed clients = 1, Run complete = True, Run canceled: False.
TpTrace Verbose: 0 : 20084, 14, 2025/10/15, 11:16:13.937, 12551753302, vstest.console.dll, ParallelProxyExecutionManager: HandlePartialRunComplete: All runs completed stopping all managers.
TpTrace Verbose: 0 : 20084, 14, 2025/10/15, 11:16:13.937, 12551753468, vstest.console.dll, ParallelOperationManager.StopAllManagers: Stopping all managers.
TpTrace Verbose: 0 : 20084, 14, 2025/10/15, 11:16:13.937, 12551753595, vstest.console.dll, ParallelOperationManager.ClearSlots: Clearing all slots. Slots should accept more work: False
TpTrace Verbose: 0 : 20084, 14, 2025/10/15, 11:16:13.937, 12551753812, vstest.console.dll, ParallelOperationManager.SetOccupiedSlotCount: Setting slot counts AvailableSlotCount = 1, OccupiedSlotCount = 0.
TpTrace Verbose: 0 : 20084, 14, 2025/10/15, 11:16:13.937, 12551754093, vstest.console.dll, Occupied slots:

TpTrace Verbose: 0 : 20084, 4, 2025/10/15, 11:16:13.938, 12551760323, vstest.console.dll, MulticastDelegateUtilities.SafeInvoke: InternalTestLoggerEvents.SendTestResult: Invoking callback 1/1 for Microsoft.VisualStudio.TestPlatform.CommandLine.Internal.ConsoleLogger., took 0 ms.
TpTrace Verbose: 0 : 20084, 4, 2025/10/15, 11:16:13.938, 12551762301, vstest.console.dll, MulticastDelegateUtilities.SafeInvoke: InternalTestLoggerEvents.SendTestResult: Invoking callback 1/1 for Microsoft.VisualStudio.TestPlatform.CommandLine.Internal.ConsoleLogger., took 0 ms.
TpTrace Verbose: 0 : 20084, 4, 2025/10/15, 11:16:13.938, 12551762853, vstest.console.dll, MulticastDelegateUtilities.SafeInvoke: InternalTestLoggerEvents.SendTestResult: Invoking callback 1/1 for Microsoft.VisualStudio.TestPlatform.CommandLine.Internal.ConsoleLogger., took 0 ms.
TpTrace Verbose: 0 : 20084, 4, 2025/10/15, 11:16:13.938, 12551763099, vstest.console.dll, MulticastDelegateUtilities.SafeInvoke: InternalTestLoggerEvents.SendTestResult: Invoking callback 1/1 for Microsoft.VisualStudio.TestPlatform.CommandLine.Internal.ConsoleLogger., took 0 ms.
TpTrace Verbose: 0 : 20084, 4, 2025/10/15, 11:16:13.938, 12551763396, vstest.console.dll, MulticastDelegateUtilities.SafeInvoke: InternalTestLoggerEvents.SendTestResult: Invoking callback 1/1 for Microsoft.VisualStudio.TestPlatform.CommandLine.Internal.ConsoleLogger., took 0 ms.
TpTrace Verbose: 0 : 20084, 4, 2025/10/15, 11:16:13.942, 12551803643, vstest.console.dll, MulticastDelegateUtilities.SafeInvoke: InternalTestLoggerEvents.SendTestRunComplete: Invoking callback 1/2 for Microsoft.TestPlatform.Extensions.BlameDataCollector.BlameLogger., took 0 ms.
TpTrace Verbose: 0 : 20084, 4, 2025/10/15, 11:16:13.945, 12551832162, vstest.console.dll, MulticastDelegateUtilities.SafeInvoke: InternalTestLoggerEvents.SendTestRunComplete: Invoking callback 2/2 for Microsoft.VisualStudio.TestPlatform.CommandLine.Internal.ConsoleLogger., took 2 ms.
TpTrace Verbose: 0 : 20084, 14, 2025/10/15, 11:16:13.945, 12551833673, vstest.console.dll, TestRunRequest:TestRunComplete: Starting. IsAborted:False IsCanceled:False.
TpTrace Verbose: 0 : 20084, 14, 2025/10/15, 11:16:13.945, 12551834831, vstest.console.dll, ParallelOperationManager.DoActionOnAllManagers: Calling an action on all managers.
TpTrace Verbose: 0 : 20084, 14, 2025/10/15, 11:16:13.946, 12551839932, vstest.console.dll, TestLoggerManager.HandleTestRunComplete: Ignoring as the object is disposed.
TpTrace Verbose: 0 : 20084, 14, 2025/10/15, 11:16:13.946, 12551841011, vstest.console.dll, MulticastDelegateUtilities.SafeInvoke: TestRun.TestRunComplete: Invoking callback 1/2 for Microsoft.VisualStudio.TestPlatform.CommandLine.TestRunResultAggregator., took 0 ms.
TpTrace Verbose: 0 : 20084, 14, 2025/10/15, 11:16:13.946, 12551841611, vstest.console.dll, MulticastDelegateUtilities.SafeInvoke: TestRun.TestRunComplete: Invoking callback 2/2 for Microsoft.VisualStudio.TestPlatform.CommandLine.Processors.RunTestsArgumentExecutor+TestRunRequestEventsRegistrar., took 0 ms.
TpTrace Information: 0 : 20084, 14, 2025/10/15, 11:16:13.946, 12551842081, vstest.console.dll, TestRunRequest:TestRunComplete: Completed.
TpTrace Verbose: 0 : 20084, 1, 2025/10/15, 11:16:13.946, 12551842237, vstest.console.dll, TestRunRequest.Dispose: Starting.
TpTrace Information: 0 : 20084, 1, 2025/10/15, 11:16:13.946, 12551842818, vstest.console.dll, TestRunRequest.Dispose: Completed.
TpTrace Information: 0 : 20084, 1, 2025/10/15, 11:16:13.946, 12551843109, vstest.console.dll, TestRequestManager.RunTests: run tests completed.
TpTrace Verbose: 0 : 20084, 14, 2025/10/15, 11:16:13.946, 12551842286, vstest.console.dll, TestRequestSender.SetOperationComplete: Setting operation complete.
TpTrace Information: 0 : 20084, 1, 2025/10/15, 11:16:13.946, 12551843727, vstest.console.dll, RunTestsArgumentProcessor:Execute: Test run is completed.
TpTrace Information: 0 : 20084, 14, 2025/10/15, 11:16:13.946, 12551843994, vstest.console.dll, SocketServer.Stop: Stop server endPoint: 127.0.0.1:60609
TpTrace Information: 0 : 20084, 14, 2025/10/15, 11:16:13.946, 12551844242, vstest.console.dll, SocketServer.Stop: Cancellation requested. Stopping message loop.
TpTrace Verbose: 0 : 20084, 14, 2025/10/15, 11:16:13.946, 12551844741, vstest.console.dll, MulticastDelegateUtilities.SafeInvoke: LengthPrefixCommunicationChannel: MessageReceived: Invoking callback 1/1 for Microsoft.VisualStudio.TestPlatform.CommunicationUtilities.TestRequestSender+<>c__DisplayClass34_0., took 55 ms.
TpTrace Information: 0 : 20084, 14, 2025/10/15, 11:16:13.946, 12551845065, vstest.console.dll, SocketServer.PrivateStop: Stopping server endPoint: 127.0.0.1:60609 error: 
TpTrace Verbose: 0 : 20084, 1, 2025/10/15, 11:16:13.946, 12551845364, vstest.console.dll, Executor.Execute: Exiting with exit code of 0
TpTrace Verbose: 0 : 20084, 14, 2025/10/15, 11:16:13.946, 12551847723, vstest.console.dll, LengthPrefixCommunicationChannel.Dispose: Dispose reader and writer.
TpTrace Information: 0 : 20084, 14, 2025/10/15, 11:16:13.947, 12551848160, vstest.console.dll, SocketServer.Stop: Raise disconnected event endPoint: 127.0.0.1:60609 error: 
TpTrace Verbose: 0 : 20084, 14, 2025/10/15, 11:16:13.947, 12551848624, vstest.console.dll, TestRequestSender: OnTestRunAbort: Operation is already complete. Skip error message.
TpTrace Verbose: 0 : 20084, 14, 2025/10/15, 11:16:13.947, 12551848834, vstest.console.dll, MulticastDelegateUtilities.SafeInvoke: SocketServer: ClientDisconnected: Invoking callback 1/1 for Microsoft.VisualStudio.TestPlatform.CommunicationUtilities.TestRequestSender., took 0 ms.
