TpTrace Verbose: 0 : 4628, 1, 2025/10/15, 11:01:40.040, 3812780076, vstest.console.dll, Version: 17.11.1-release-24455-02 Current process architecture: X64
TpTrace Verbose: 0 : 4628, 1, 2025/10/15, 11:01:40.041, 3812796623, vstest.console.dll, Runtime location: C:\Program Files\dotnet\shared\Microsoft.NETCore.App\8.0.10
TpTrace Verbose: 0 : 4628, 1, 2025/10/15, 11:01:40.042, 3812807291, vstest.console.dll, ArtifactProcessingPostProcessModeProcessorExecutor.Initialize: ArtifactProcessingMode.Collect
TpTrace Verbose: 0 : 4628, 1, 2025/10/15, 11:01:40.042, 3812807942, vstest.console.dll, TestSessionCorrelationIdProcessorModeProcessorExecutor.Initialize: TestSessionCorrelationId '8260_e5082c8d-4df4-40c9-8b84-7efd944b3a93'
TpTrace Information: 0 : 4628, 1, 2025/10/15, 11:01:40.046, 3812844420, vstest.console.dll, FilePatternParser: The given file C:\Users\Student3\Desktop\DevOps\08-Exercise-CI-CD-GitHub-Actions-Resources\08-Exercise-CI-CD-GitHub-Actions-Resources\06-SeleniumWebDriver\TestProject3\bin\Debug\net6.0\fine-code-coverage\build-output\TestProject3.dll is a full path.
TpTrace Verbose: 0 : 4628, 1, 2025/10/15, 11:01:40.049, 3812868751, vstest.console.dll, TestPluginCache.DiscoverTestExtensions: finding test extensions in assemblies ends with: RuntimeProvider.dll TPluginInfo: Microsoft.VisualStudio.TestPlatform.Common.ExtensionFramework.Utilities.TestRuntimePluginInformation TExtension: Microsoft.VisualStudio.TestPlatform.ObjectModel.Host.ITestRuntimeProvider
TpTrace Verbose: 0 : 4628, 1, 2025/10/15, 11:01:40.049, 3812870378, vstest.console.dll, TestPluginCache.GetExtensionPaths: Filtered extension paths: 
TpTrace Verbose: 0 : 4628, 1, 2025/10/15, 11:01:40.049, 3812870799, vstest.console.dll, TestPluginCache.GetExtensionPaths: Added default extension paths: C:\Program Files\dotnet\sdk\8.0.403\Extensions\Microsoft.Diagnostics.NETCore.Client.dll
C:\Program Files\dotnet\sdk\8.0.403\Extensions\Microsoft.TestPlatform.Extensions.BlameDataCollector.dll
C:\Program Files\dotnet\sdk\8.0.403\Extensions\Microsoft.TestPlatform.Extensions.EventLogCollector.dll
C:\Program Files\dotnet\sdk\8.0.403\Extensions\Microsoft.TestPlatform.TestHostRuntimeProvider.dll
C:\Program Files\dotnet\sdk\8.0.403\Extensions\Microsoft.VisualStudio.TestPlatform.Extensions.Html.TestLogger.dll
C:\Program Files\dotnet\sdk\8.0.403\Extensions\Microsoft.VisualStudio.TestPlatform.Extensions.Trx.TestLogger.dll
TpTrace Verbose: 0 : 4628, 1, 2025/10/15, 11:01:40.049, 3812870948, vstest.console.dll, TestPluginCache.GetExtensionPaths: Added unfilterableExtensionPaths: 
TpTrace Information: 0 : 4628, 1, 2025/10/15, 11:01:40.049, 3812874377, vstest.console.dll, AssemblyResolver.ctor: Creating AssemblyResolver with searchDirectories C:\Program Files\dotnet\sdk\8.0.403\Extensions,C:\Program Files\dotnet\sdk\8.0.403
TpTrace Verbose: 0 : 4628, 1, 2025/10/15, 11:01:40.050, 3812881968, vstest.console.dll, TestPluginCache.DiscoverTestExtensions: Discovering the extensions using extension path.
TpTrace Verbose: 0 : 4628, 1, 2025/10/15, 11:01:40.050, 3812882701, vstest.console.dll, TestPluginCache.GetExtensionPaths: Filtered extension paths: 
TpTrace Verbose: 0 : 4628, 1, 2025/10/15, 11:01:40.050, 3812882878, vstest.console.dll, TestPluginCache.GetExtensionPaths: Added default extension paths: C:\Program Files\dotnet\sdk\8.0.403\Extensions\Microsoft.Diagnostics.NETCore.Client.dll
C:\Program Files\dotnet\sdk\8.0.403\Extensions\Microsoft.TestPlatform.Extensions.BlameDataCollector.dll
C:\Program Files\dotnet\sdk\8.0.403\Extensions\Microsoft.TestPlatform.Extensions.EventLogCollector.dll
C:\Program Files\dotnet\sdk\8.0.403\Extensions\Microsoft.TestPlatform.TestHostRuntimeProvider.dll
C:\Program Files\dotnet\sdk\8.0.403\Extensions\Microsoft.VisualStudio.TestPlatform.Extensions.Html.TestLogger.dll
C:\Program Files\dotnet\sdk\8.0.403\Extensions\Microsoft.VisualStudio.TestPlatform.Extensions.Trx.TestLogger.dll
TpTrace Verbose: 0 : 4628, 1, 2025/10/15, 11:01:40.050, 3812883075, vstest.console.dll, TestPluginCache.GetExtensionPaths: Added unfilterableExtensionPaths: 
TpTrace Verbose: 0 : 4628, 1, 2025/10/15, 11:01:40.050, 3812883617, vstest.console.dll, TestPluginCache.DiscoverTestExtensions: Discovering the extensions using allExtensionPaths: C:\Program Files\dotnet\sdk\8.0.403\Extensions\Microsoft.Diagnostics.NETCore.Client.dll
C:\Program Files\dotnet\sdk\8.0.403\Extensions\Microsoft.TestPlatform.Extensions.BlameDataCollector.dll
C:\Program Files\dotnet\sdk\8.0.403\Extensions\Microsoft.TestPlatform.Extensions.EventLogCollector.dll
C:\Program Files\dotnet\sdk\8.0.403\Extensions\Microsoft.TestPlatform.TestHostRuntimeProvider.dll
C:\Program Files\dotnet\sdk\8.0.403\Extensions\Microsoft.VisualStudio.TestPlatform.Extensions.Html.TestLogger.dll
C:\Program Files\dotnet\sdk\8.0.403\Extensions\Microsoft.VisualStudio.TestPlatform.Extensions.Trx.TestLogger.dll
TpTrace Information: 0 : 4628, 1, 2025/10/15, 11:01:40.050, 3812884089, vstest.console.dll, AssemblyResolver.AddSearchDirectories: Adding more searchDirectories C:\Program Files\dotnet\sdk\8.0.403\Extensions,C:\Program Files\dotnet\sdk\8.0.403
TpTrace Information: 0 : 4628, 1, 2025/10/15, 11:01:40.050, 3812884280, vstest.console.dll, AssemblyResolver.AddSearchDirectories: Adding more searchDirectories C:\Program Files\dotnet\sdk\8.0.403\Extensions,C:\Program Files\dotnet\sdk\8.0.403
TpTrace Information: 0 : 4628, 1, 2025/10/15, 11:01:40.050, 3812884394, vstest.console.dll, AssemblyResolver.AddSearchDirectories: Adding more searchDirectories C:\Program Files\dotnet\sdk\8.0.403\Extensions,C:\Program Files\dotnet\sdk\8.0.403
TpTrace Information: 0 : 4628, 1, 2025/10/15, 11:01:40.050, 3812884520, vstest.console.dll, AssemblyResolver.AddSearchDirectories: Adding more searchDirectories C:\Program Files\dotnet\sdk\8.0.403\Extensions,C:\Program Files\dotnet\sdk\8.0.403
TpTrace Information: 0 : 4628, 1, 2025/10/15, 11:01:40.050, 3812884624, vstest.console.dll, AssemblyResolver.AddSearchDirectories: Adding more searchDirectories C:\Program Files\dotnet\sdk\8.0.403\Extensions,C:\Program Files\dotnet\sdk\8.0.403
TpTrace Information: 0 : 4628, 1, 2025/10/15, 11:01:40.050, 3812884727, vstest.console.dll, AssemblyResolver.AddSearchDirectories: Adding more searchDirectories C:\Program Files\dotnet\sdk\8.0.403\Extensions,C:\Program Files\dotnet\sdk\8.0.403
TpTrace Information: 0 : 4628, 1, 2025/10/15, 11:01:40.050, 3812887247, vstest.console.dll, AssemblyResolver.OnResolve: Microsoft.Diagnostics.NETCore.Client: Resolving assembly.
TpTrace Information: 0 : 4628, 1, 2025/10/15, 11:01:40.050, 3812887680, vstest.console.dll, AssemblyResolver.OnResolve: Microsoft.Diagnostics.NETCore.Client: Searching in: 'C:\Program Files\dotnet\sdk\8.0.403\Extensions'.
TpTrace Information: 0 : 4628, 1, 2025/10/15, 11:01:40.054, 3812922386, vstest.console.dll, AssemblyResolver.OnResolve: Microsoft.Diagnostics.NETCore.Client: Loading assembly 'C:\Program Files\dotnet\sdk\8.0.403\Extensions\Microsoft.Diagnostics.NETCore.Client.dll'.
TpTrace Information: 0 : 4628, 1, 2025/10/15, 11:01:40.054, 3812925470, vstest.console.dll, AssemblyResolver.OnResolve: Resolved assembly: Microsoft.Diagnostics.NETCore.Client, from path: C:\Program Files\dotnet\sdk\8.0.403\Extensions\Microsoft.Diagnostics.NETCore.Client.dll
TpTrace Verbose: 0 : 4628, 1, 2025/10/15, 11:01:40.057, 3812949037, vstest.console.dll, MetadataReaderExtensionsHelper: Discovering extensions inside assembly 'Microsoft.Diagnostics.NETCore.Client, Version=0.2.10.30701, Culture=neutral, PublicKeyToken=31bf3856ad364e35' file path 'C:\Program Files\dotnet\sdk\8.0.403\Extensions\Microsoft.Diagnostics.NETCore.Client.dll'
TpTrace Information: 0 : 4628, 1, 2025/10/15, 11:01:40.058, 3812967629, vstest.console.dll, AssemblyResolver.OnResolve: Microsoft.Bcl.AsyncInterfaces: Resolving assembly.
TpTrace Information: 0 : 4628, 1, 2025/10/15, 11:01:40.059, 3812968073, vstest.console.dll, AssemblyResolver.OnResolve: Microsoft.Bcl.AsyncInterfaces: Searching in: 'C:\Program Files\dotnet\sdk\8.0.403\Extensions'.
TpTrace Information: 0 : 4628, 1, 2025/10/15, 11:01:40.059, 3812968472, vstest.console.dll, AssemblyResolver.OnResolve: Microsoft.Bcl.AsyncInterfaces: Assembly path does not exist: 'C:\Program Files\dotnet\sdk\8.0.403\Extensions\Microsoft.Bcl.AsyncInterfaces.dll', returning.
TpTrace Information: 0 : 4628, 1, 2025/10/15, 11:01:40.059, 3812968925, vstest.console.dll, AssemblyResolver.OnResolve: Microsoft.Bcl.AsyncInterfaces: Assembly path does not exist: 'C:\Program Files\dotnet\sdk\8.0.403\Extensions\Microsoft.Bcl.AsyncInterfaces.exe', returning.
TpTrace Information: 0 : 4628, 1, 2025/10/15, 11:01:40.059, 3812969055, vstest.console.dll, AssemblyResolver.OnResolve: Microsoft.Bcl.AsyncInterfaces: Searching in: 'C:\Program Files\dotnet\sdk\8.0.403'.
TpTrace Information: 0 : 4628, 1, 2025/10/15, 11:01:40.059, 3812969342, vstest.console.dll, AssemblyResolver.OnResolve: Microsoft.Bcl.AsyncInterfaces: Assembly path does not exist: 'C:\Program Files\dotnet\sdk\8.0.403\Microsoft.Bcl.AsyncInterfaces.dll', returning.
TpTrace Information: 0 : 4628, 1, 2025/10/15, 11:01:40.059, 3812969538, vstest.console.dll, AssemblyResolver.OnResolve: Microsoft.Bcl.AsyncInterfaces: Assembly path does not exist: 'C:\Program Files\dotnet\sdk\8.0.403\Microsoft.Bcl.AsyncInterfaces.exe', returning.
TpTrace Information: 0 : 4628, 1, 2025/10/15, 11:01:40.059, 3812969640, vstest.console.dll, AssemblyResolver.OnResolve: Microsoft.Bcl.AsyncInterfaces: Failed to load assembly.
TpTrace Verbose: 0 : 4628, 1, 2025/10/15, 11:01:40.059, 3812969783, vstest.console.dll, CurrentDomainAssemblyResolve: Resolving assembly 'Microsoft.Bcl.AsyncInterfaces'.
TpTrace Information: 0 : 4628, 1, 2025/10/15, 11:01:40.059, 3812970022, vstest.console.dll, AssemblyResolver.OnResolve: Microsoft.Bcl.AsyncInterfaces: Resolving assembly.
TpTrace Information: 0 : 4628, 1, 2025/10/15, 11:01:40.059, 3812970210, vstest.console.dll, AssemblyResolver.OnResolve: Microsoft.Bcl.AsyncInterfaces: Resolved from cache.
TpTrace Verbose: 0 : 4628, 1, 2025/10/15, 11:01:40.059, 3812970311, vstest.console.dll, CurrentDomainAssemblyResolve: Resolving assembly 'Microsoft.Bcl.AsyncInterfaces'.
TpTrace Verbose: 0 : 4628, 1, 2025/10/15, 11:01:40.059, 3812970445, vstest.console.dll, CurrentDomainAssemblyResolve: Failed to resolve assembly 'Microsoft.Bcl.AsyncInterfaces'.
TpTrace Verbose: 0 : 4628, 1, 2025/10/15, 11:01:40.059, 3812976315, vstest.console.dll, CurrentDomainAssemblyResolve: Failed to resolve assembly 'Microsoft.Bcl.AsyncInterfaces'.
TpTrace Warning: 0 : 4628, 1, 2025/10/15, 11:01:40.065, 3813030741, vstest.console.dll, TestPluginDiscoverer: Failed to get types from assembly 'Microsoft.Diagnostics.NETCore.Client, Version=0.2.10.30701, Culture=neutral, PublicKeyToken=31bf3856ad364e35'. Error: System.Reflection.ReflectionTypeLoadException: Unable to load one or more of the requested types.
Could not load file or assembly 'Microsoft.Bcl.AsyncInterfaces, Version=6.0.0.0, Culture=neutral, PublicKeyToken=cc7b13ffcd2ddd51'. The system cannot find the file specified.
   at System.Reflection.RuntimeModule.GetTypes(RuntimeModule module)
   at System.Reflection.RuntimeModule.GetTypes()
   at Microsoft.VisualStudio.TestPlatform.Common.ExtensionFramework.TestPluginDiscoverer.GetTestExtensionsFromAssembly[TPluginInfo,TExtension](Assembly assembly, Dictionary`2 pluginInfos, String filePath) in /_/src/Microsoft.TestPlatform.Common/ExtensionFramework/TestPluginDiscoverer.cs:line 158
System.IO.FileNotFoundException: Could not load file or assembly 'Microsoft.Bcl.AsyncInterfaces, Version=6.0.0.0, Culture=neutral, PublicKeyToken=cc7b13ffcd2ddd51'. The system cannot find the file specified.
File name: 'Microsoft.Bcl.AsyncInterfaces, Version=6.0.0.0, Culture=neutral, PublicKeyToken=cc7b13ffcd2ddd51'
 ---> System.IO.FileNotFoundException: Could not load file or assembly 'Microsoft.Bcl.AsyncInterfaces, Culture=neutral, PublicKeyToken=null'. The system cannot find the file specified.
File name: 'Microsoft.Bcl.AsyncInterfaces, Culture=neutral, PublicKeyToken=null'
   at System.Reflection.RuntimeAssembly.InternalLoad(AssemblyName assemblyName, StackCrawlMark& stackMark, AssemblyLoadContext assemblyLoadContext, RuntimeAssembly requestingAssembly, Boolean throwOnFileNotFound)
   at System.Reflection.Assembly.Load(AssemblyName assemblyRef)
   at Microsoft.VisualStudio.TestPlatform.Common.ExtensionFramework.TestPluginCache.CurrentDomainAssemblyResolve(Object sender, AssemblyResolveEventArgs args) in /_/src/Microsoft.TestPlatform.Common/ExtensionFramework/TestPluginCache.cs:line 513
   at System.Runtime.Loader.AssemblyLoadContext.GetFirstResolvedAssemblyFromResolvingEvent(AssemblyName assemblyName)
   at System.Runtime.Loader.AssemblyLoadContext.ResolveUsingEvent(AssemblyName assemblyName)
   at System.Runtime.Loader.AssemblyLoadContext.ResolveUsingResolvingEvent(IntPtr gchManagedAssemblyLoadContext, AssemblyName assemblyName)
TpTrace Warning: 0 : 4628, 1, 2025/10/15, 11:01:40.065, 3813032405, vstest.console.dll, LoaderExceptions: System.IO.FileNotFoundException: Could not load file or assembly 'Microsoft.Bcl.AsyncInterfaces, Version=6.0.0.0, Culture=neutral, PublicKeyToken=cc7b13ffcd2ddd51'. The system cannot find the file specified.
File name: 'Microsoft.Bcl.AsyncInterfaces, Version=6.0.0.0, Culture=neutral, PublicKeyToken=cc7b13ffcd2ddd51'
 ---> System.IO.FileNotFoundException: Could not load file or assembly 'Microsoft.Bcl.AsyncInterfaces, Culture=neutral, PublicKeyToken=null'. The system cannot find the file specified.
File name: 'Microsoft.Bcl.AsyncInterfaces, Culture=neutral, PublicKeyToken=null'
   at System.Reflection.RuntimeAssembly.InternalLoad(AssemblyName assemblyName, StackCrawlMark& stackMark, AssemblyLoadContext assemblyLoadContext, RuntimeAssembly requestingAssembly, Boolean throwOnFileNotFound)
   at System.Reflection.Assembly.Load(AssemblyName assemblyRef)
   at Microsoft.VisualStudio.TestPlatform.Common.ExtensionFramework.TestPluginCache.CurrentDomainAssemblyResolve(Object sender, AssemblyResolveEventArgs args) in /_/src/Microsoft.TestPlatform.Common/ExtensionFramework/TestPluginCache.cs:line 513
   at System.Runtime.Loader.AssemblyLoadContext.GetFirstResolvedAssemblyFromResolvingEvent(AssemblyName assemblyName)
   at System.Runtime.Loader.AssemblyLoadContext.ResolveUsingEvent(AssemblyName assemblyName)
   at System.Runtime.Loader.AssemblyLoadContext.ResolveUsingResolvingEvent(IntPtr gchManagedAssemblyLoadContext, AssemblyName assemblyName)
TpTrace Information: 0 : 4628, 1, 2025/10/15, 11:01:40.065, 3813033058, vstest.console.dll, AssemblyResolver.OnResolve: Microsoft.TestPlatform.Extensions.BlameDataCollector: Resolving assembly.
TpTrace Information: 0 : 4628, 1, 2025/10/15, 11:01:40.065, 3813033238, vstest.console.dll, AssemblyResolver.OnResolve: Microsoft.TestPlatform.Extensions.BlameDataCollector: Searching in: 'C:\Program Files\dotnet\sdk\8.0.403\Extensions'.
TpTrace Information: 0 : 4628, 1, 2025/10/15, 11:01:40.065, 3813035255, vstest.console.dll, AssemblyResolver.OnResolve: Microsoft.TestPlatform.Extensions.BlameDataCollector: Loading assembly 'C:\Program Files\dotnet\sdk\8.0.403\Extensions\Microsoft.TestPlatform.Extensions.BlameDataCollector.dll'.
TpTrace Information: 0 : 4628, 1, 2025/10/15, 11:01:40.065, 3813037861, vstest.console.dll, AssemblyResolver.OnResolve: Resolved assembly: Microsoft.TestPlatform.Extensions.BlameDataCollector, from path: C:\Program Files\dotnet\sdk\8.0.403\Extensions\Microsoft.TestPlatform.Extensions.BlameDataCollector.dll
TpTrace Verbose: 0 : 4628, 1, 2025/10/15, 11:01:40.066, 3813038243, vstest.console.dll, MetadataReaderExtensionsHelper: Discovering extensions inside assembly 'Microsoft.TestPlatform.Extensions.BlameDataCollector, Version=15.0.0.0, Culture=neutral, PublicKeyToken=b03f5f7f11d50a3a' file path 'C:\Program Files\dotnet\sdk\8.0.403\Extensions\Microsoft.TestPlatform.Extensions.BlameDataCollector.dll'
TpTrace Information: 0 : 4628, 1, 2025/10/15, 11:01:40.066, 3813044667, vstest.console.dll, AssemblyResolver.OnResolve: Microsoft.TestPlatform.Extensions.EventLogCollector: Resolving assembly.
TpTrace Information: 0 : 4628, 1, 2025/10/15, 11:01:40.066, 3813045052, vstest.console.dll, AssemblyResolver.OnResolve: Microsoft.TestPlatform.Extensions.EventLogCollector: Searching in: 'C:\Program Files\dotnet\sdk\8.0.403\Extensions'.
TpTrace Information: 0 : 4628, 1, 2025/10/15, 11:01:40.066, 3813046886, vstest.console.dll, AssemblyResolver.OnResolve: Microsoft.TestPlatform.Extensions.EventLogCollector: Loading assembly 'C:\Program Files\dotnet\sdk\8.0.403\Extensions\Microsoft.TestPlatform.Extensions.EventLogCollector.dll'.
TpTrace Information: 0 : 4628, 1, 2025/10/15, 11:01:40.067, 3813048865, vstest.console.dll, AssemblyResolver.OnResolve: Resolved assembly: Microsoft.TestPlatform.Extensions.EventLogCollector, from path: C:\Program Files\dotnet\sdk\8.0.403\Extensions\Microsoft.TestPlatform.Extensions.EventLogCollector.dll
TpTrace Verbose: 0 : 4628, 1, 2025/10/15, 11:01:40.067, 3813049195, vstest.console.dll, MetadataReaderExtensionsHelper: Discovering extensions inside assembly 'Microsoft.TestPlatform.Extensions.EventLogCollector, Version=15.0.0.0, Culture=neutral, PublicKeyToken=b03f5f7f11d50a3a' file path 'C:\Program Files\dotnet\sdk\8.0.403\Extensions\Microsoft.TestPlatform.Extensions.EventLogCollector.dll'
TpTrace Information: 0 : 4628, 1, 2025/10/15, 11:01:40.068, 3813058595, vstest.console.dll, AssemblyResolver.OnResolve: Microsoft.TestPlatform.TestHostRuntimeProvider: Resolving assembly.
TpTrace Information: 0 : 4628, 1, 2025/10/15, 11:01:40.068, 3813058976, vstest.console.dll, AssemblyResolver.OnResolve: Microsoft.TestPlatform.TestHostRuntimeProvider: Searching in: 'C:\Program Files\dotnet\sdk\8.0.403\Extensions'.
TpTrace Information: 0 : 4628, 1, 2025/10/15, 11:01:40.068, 3813060688, vstest.console.dll, AssemblyResolver.OnResolve: Microsoft.TestPlatform.TestHostRuntimeProvider: Loading assembly 'C:\Program Files\dotnet\sdk\8.0.403\Extensions\Microsoft.TestPlatform.TestHostRuntimeProvider.dll'.
TpTrace Information: 0 : 4628, 1, 2025/10/15, 11:01:40.068, 3813062832, vstest.console.dll, AssemblyResolver.OnResolve: Resolved assembly: Microsoft.TestPlatform.TestHostRuntimeProvider, from path: C:\Program Files\dotnet\sdk\8.0.403\Extensions\Microsoft.TestPlatform.TestHostRuntimeProvider.dll
TpTrace Verbose: 0 : 4628, 1, 2025/10/15, 11:01:40.068, 3813063276, vstest.console.dll, MetadataReaderExtensionsHelper: Discovering extensions inside assembly 'Microsoft.TestPlatform.TestHostRuntimeProvider, Version=15.0.0.0, Culture=neutral, PublicKeyToken=b03f5f7f11d50a3a' file path 'C:\Program Files\dotnet\sdk\8.0.403\Extensions\Microsoft.TestPlatform.TestHostRuntimeProvider.dll'
TpTrace Information: 0 : 4628, 1, 2025/10/15, 11:01:40.069, 3813070331, vstest.console.dll, GetTestExtensionFromType: Register extension with identifier data 'HostProvider://DefaultTestHost' and type 'Microsoft.VisualStudio.TestPlatform.CrossPlatEngine.Hosting.DefaultTestHostManager, Microsoft.TestPlatform.TestHostRuntimeProvider, Version=15.0.0.0, Culture=neutral, PublicKeyToken=b03f5f7f11d50a3a' inside file 'C:\Program Files\dotnet\sdk\8.0.403\Extensions\Microsoft.TestPlatform.TestHostRuntimeProvider.dll'
TpTrace Information: 0 : 4628, 1, 2025/10/15, 11:01:40.069, 3813071793, vstest.console.dll, GetTestExtensionFromType: Register extension with identifier data 'HostProvider://DotnetTestHost' and type 'Microsoft.VisualStudio.TestPlatform.CrossPlatEngine.Hosting.DotnetTestHostManager, Microsoft.TestPlatform.TestHostRuntimeProvider, Version=15.0.0.0, Culture=neutral, PublicKeyToken=b03f5f7f11d50a3a' inside file 'C:\Program Files\dotnet\sdk\8.0.403\Extensions\Microsoft.TestPlatform.TestHostRuntimeProvider.dll'
TpTrace Information: 0 : 4628, 1, 2025/10/15, 11:01:40.069, 3813072234, vstest.console.dll, AssemblyResolver.OnResolve: Microsoft.VisualStudio.TestPlatform.Extensions.Html.TestLogger: Resolving assembly.
TpTrace Information: 0 : 4628, 1, 2025/10/15, 11:01:40.069, 3813072385, vstest.console.dll, AssemblyResolver.OnResolve: Microsoft.VisualStudio.TestPlatform.Extensions.Html.TestLogger: Searching in: 'C:\Program Files\dotnet\sdk\8.0.403\Extensions'.
TpTrace Information: 0 : 4628, 1, 2025/10/15, 11:01:40.069, 3813074013, vstest.console.dll, AssemblyResolver.OnResolve: Microsoft.VisualStudio.TestPlatform.Extensions.Html.TestLogger: Loading assembly 'C:\Program Files\dotnet\sdk\8.0.403\Extensions\Microsoft.VisualStudio.TestPlatform.Extensions.Html.TestLogger.dll'.
TpTrace Information: 0 : 4628, 1, 2025/10/15, 11:01:40.069, 3813076423, vstest.console.dll, AssemblyResolver.OnResolve: Resolved assembly: Microsoft.VisualStudio.TestPlatform.Extensions.Html.TestLogger, from path: C:\Program Files\dotnet\sdk\8.0.403\Extensions\Microsoft.VisualStudio.TestPlatform.Extensions.Html.TestLogger.dll
TpTrace Verbose: 0 : 4628, 1, 2025/10/15, 11:01:40.069, 3813076813, vstest.console.dll, MetadataReaderExtensionsHelper: Discovering extensions inside assembly 'Microsoft.VisualStudio.TestPlatform.Extensions.Html.TestLogger, Version=15.0.0.0, Culture=neutral, PublicKeyToken=b03f5f7f11d50a3a' file path 'C:\Program Files\dotnet\sdk\8.0.403\Extensions\Microsoft.VisualStudio.TestPlatform.Extensions.Html.TestLogger.dll'
TpTrace Information: 0 : 4628, 1, 2025/10/15, 11:01:40.070, 3813080332, vstest.console.dll, AssemblyResolver.OnResolve: Microsoft.VisualStudio.TestPlatform.Extensions.Trx.TestLogger: Resolving assembly.
TpTrace Information: 0 : 4628, 1, 2025/10/15, 11:01:40.070, 3813080728, vstest.console.dll, AssemblyResolver.OnResolve: Microsoft.VisualStudio.TestPlatform.Extensions.Trx.TestLogger: Searching in: 'C:\Program Files\dotnet\sdk\8.0.403\Extensions'.
TpTrace Information: 0 : 4628, 1, 2025/10/15, 11:01:40.070, 3813082295, vstest.console.dll, AssemblyResolver.OnResolve: Microsoft.VisualStudio.TestPlatform.Extensions.Trx.TestLogger: Loading assembly 'C:\Program Files\dotnet\sdk\8.0.403\Extensions\Microsoft.VisualStudio.TestPlatform.Extensions.Trx.TestLogger.dll'.
TpTrace Information: 0 : 4628, 1, 2025/10/15, 11:01:40.070, 3813084937, vstest.console.dll, AssemblyResolver.OnResolve: Resolved assembly: Microsoft.VisualStudio.TestPlatform.Extensions.Trx.TestLogger, from path: C:\Program Files\dotnet\sdk\8.0.403\Extensions\Microsoft.VisualStudio.TestPlatform.Extensions.Trx.TestLogger.dll
TpTrace Verbose: 0 : 4628, 1, 2025/10/15, 11:01:40.070, 3813085292, vstest.console.dll, MetadataReaderExtensionsHelper: Discovering extensions inside assembly 'Microsoft.VisualStudio.TestPlatform.Extensions.Trx.TestLogger, Version=15.0.0.0, Culture=neutral, PublicKeyToken=b03f5f7f11d50a3a' file path 'C:\Program Files\dotnet\sdk\8.0.403\Extensions\Microsoft.VisualStudio.TestPlatform.Extensions.Trx.TestLogger.dll'
TpTrace Verbose: 0 : 4628, 1, 2025/10/15, 11:01:40.071, 3813089932, vstest.console.dll, TestPluginCache: Discovered the extensions using extension path ''.
TpTrace Verbose: 0 : 4628, 1, 2025/10/15, 11:01:40.071, 3813090290, vstest.console.dll, TestPluginCache: Discoverers are ''.
TpTrace Verbose: 0 : 4628, 1, 2025/10/15, 11:01:40.071, 3813090405, vstest.console.dll, TestPluginCache: Executors are ''.
TpTrace Verbose: 0 : 4628, 1, 2025/10/15, 11:01:40.071, 3813090541, vstest.console.dll, TestPluginCache: Executors2 are ''.
TpTrace Verbose: 0 : 4628, 1, 2025/10/15, 11:01:40.071, 3813090637, vstest.console.dll, TestPluginCache: Setting providers are ''.
TpTrace Verbose: 0 : 4628, 1, 2025/10/15, 11:01:40.071, 3813090732, vstest.console.dll, TestPluginCache: Loggers are ''.
TpTrace Verbose: 0 : 4628, 1, 2025/10/15, 11:01:40.071, 3813091583, vstest.console.dll, TestPluginCache: TestHosts are 'HostProvider://DefaultTestHost,HostProvider://DotnetTestHost'.
TpTrace Verbose: 0 : 4628, 1, 2025/10/15, 11:01:40.071, 3813091715, vstest.console.dll, TestPluginCache: DataCollectors are ''.
TpTrace Information: 0 : 4628, 1, 2025/10/15, 11:01:40.077, 3813155856, vstest.console.dll, RunTestsArgumentProcessor:Execute: Test run is starting.
TpTrace Verbose: 0 : 4628, 1, 2025/10/15, 11:01:40.077, 3813156229, vstest.console.dll, RunTestsArgumentProcessor:Execute: Queuing Test run.
TpTrace Information: 0 : 4628, 1, 2025/10/15, 11:01:40.077, 3813157269, vstest.console.dll, TestRequestManager.RunTests: run tests started.
TpTrace Information: 0 : 4628, 1, 2025/10/15, 11:01:40.078, 3813162468, vstest.console.dll, AssemblyMetadataProvider.GetFrameworkName: Determined framework:'.NETCoreApp,Version=v6.0' for source: 'C:\Users\Student3\Desktop\DevOps\08-Exercise-CI-CD-GitHub-Actions-Resources\08-Exercise-CI-CD-GitHub-Actions-Resources\06-SeleniumWebDriver\TestProject3\bin\Debug\net6.0\fine-code-coverage\build-output\TestProject3.dll'
TpTrace Information: 0 : 4628, 1, 2025/10/15, 11:01:40.078, 3813163585, vstest.console.dll, Determined framework for all sources: .NETCoreApp,Version=v6.0
TpTrace Verbose: 0 : 4628, 1, 2025/10/15, 11:01:40.078, 3813165244, vstest.console.dll, TestRequestManager.UpdateRunSettingsIfRequired: Default architecture: X64 IsDefaultTargetArchitecture: True, Current process architecture: X64 OperatingSystem: Windows.
TpTrace Information: 0 : 4628, 1, 2025/10/15, 11:01:40.079, 3813175294, vstest.console.dll, AssemblyMetadataProvider.GetArchitecture: Determined architecture:AnyCPU info for assembly: C:\Users\Student3\Desktop\DevOps\08-Exercise-CI-CD-GitHub-Actions-Resources\08-Exercise-CI-CD-GitHub-Actions-Resources\06-SeleniumWebDriver\TestProject3\bin\Debug\net6.0\fine-code-coverage\build-output\TestProject3.dll
TpTrace Information: 0 : 4628, 1, 2025/10/15, 11:01:40.079, 3813175985, vstest.console.dll, Determined platform for source 'C:\Users\Student3\Desktop\DevOps\08-Exercise-CI-CD-GitHub-Actions-Resources\08-Exercise-CI-CD-GitHub-Actions-Resources\06-SeleniumWebDriver\TestProject3\bin\Debug\net6.0\fine-code-coverage\build-output\TestProject3.dll' was AnyCPU and it will use the default plaform X64.
TpTrace Information: 0 : 4628, 1, 2025/10/15, 11:01:40.079, 3813176150, vstest.console.dll, None of the sources provided any runnable platform, using the default platform: X64
TpTrace Information: 0 : 4628, 1, 2025/10/15, 11:01:40.079, 3813176646, vstest.console.dll, Platform was updated to 'X64'.
TpTrace Information: 0 : 4628, 1, 2025/10/15, 11:01:40.081, 3813193579, vstest.console.dll, InferRunSettingsHelper.IsTestSettingsEnabled: Unable to navigate to RunSettings/MSTest. Current node: RunSettings
TpTrace Information: 0 : 4628, 1, 2025/10/15, 11:01:40.081, 3813197278, vstest.console.dll, AssemblyResolver.OnResolve: Microsoft.VisualStudio.TestPlatform.Fakes: Resolving assembly.
TpTrace Information: 0 : 4628, 1, 2025/10/15, 11:01:40.081, 3813197650, vstest.console.dll, AssemblyResolver.OnResolve: Microsoft.VisualStudio.TestPlatform.Fakes: Searching in: 'C:\Program Files\dotnet\sdk\8.0.403\Extensions'.
TpTrace Information: 0 : 4628, 1, 2025/10/15, 11:01:40.082, 3813198142, vstest.console.dll, AssemblyResolver.OnResolve: Microsoft.VisualStudio.TestPlatform.Fakes: Assembly path does not exist: 'C:\Program Files\dotnet\sdk\8.0.403\Extensions\Microsoft.VisualStudio.TestPlatform.Fakes.dll', returning.
TpTrace Information: 0 : 4628, 1, 2025/10/15, 11:01:40.082, 3813198387, vstest.console.dll, AssemblyResolver.OnResolve: Microsoft.VisualStudio.TestPlatform.Fakes: Assembly path does not exist: 'C:\Program Files\dotnet\sdk\8.0.403\Extensions\Microsoft.VisualStudio.TestPlatform.Fakes.exe', returning.
TpTrace Information: 0 : 4628, 1, 2025/10/15, 11:01:40.082, 3813198525, vstest.console.dll, AssemblyResolver.OnResolve: Microsoft.VisualStudio.TestPlatform.Fakes: Searching in: 'C:\Program Files\dotnet\sdk\8.0.403'.
TpTrace Information: 0 : 4628, 1, 2025/10/15, 11:01:40.082, 3813198784, vstest.console.dll, AssemblyResolver.OnResolve: Microsoft.VisualStudio.TestPlatform.Fakes: Assembly path does not exist: 'C:\Program Files\dotnet\sdk\8.0.403\Microsoft.VisualStudio.TestPlatform.Fakes.dll', returning.
TpTrace Information: 0 : 4628, 1, 2025/10/15, 11:01:40.082, 3813199030, vstest.console.dll, AssemblyResolver.OnResolve: Microsoft.VisualStudio.TestPlatform.Fakes: Assembly path does not exist: 'C:\Program Files\dotnet\sdk\8.0.403\Microsoft.VisualStudio.TestPlatform.Fakes.exe', returning.
TpTrace Information: 0 : 4628, 1, 2025/10/15, 11:01:40.082, 3813199132, vstest.console.dll, AssemblyResolver.OnResolve: Microsoft.VisualStudio.TestPlatform.Fakes: Failed to load assembly.
TpTrace Information: 0 : 4628, 1, 2025/10/15, 11:01:40.082, 3813200481, vstest.console.dll, Failed to load assembly Microsoft.VisualStudio.TestPlatform.Fakes, Version=17.0.0.0, Culture=neutral. Reason:System.IO.FileNotFoundException: Could not load file or assembly 'Microsoft.VisualStudio.TestPlatform.Fakes, Version=17.0.0.0, Culture=neutral, PublicKeyToken=null'. The system cannot find the file specified.
File name: 'Microsoft.VisualStudio.TestPlatform.Fakes, Version=17.0.0.0, Culture=neutral, PublicKeyToken=null'
   at System.Reflection.RuntimeAssembly.InternalLoad(AssemblyName assemblyName, StackCrawlMark& stackMark, AssemblyLoadContext assemblyLoadContext, RuntimeAssembly requestingAssembly, Boolean throwOnFileNotFound)
   at System.Reflection.Assembly.Load(AssemblyName assemblyRef)
   at Microsoft.VisualStudio.TestPlatform.Common.Utilities.FakesUtilities.LoadTestPlatformAssembly() in /_/src/Microsoft.TestPlatform.Common/Utilities/FakesUtilities.cs:line 272
TpTrace Verbose: 0 : 4628, 1, 2025/10/15, 11:01:40.084, 3813218376, vstest.console.dll, TestPluginCache.DiscoverTestExtensions: finding test extensions in assemblies ends with: TestLogger.dll TPluginInfo: Microsoft.VisualStudio.TestPlatform.Common.ExtensionFramework.Utilities.TestLoggerPluginInformation TExtension: Microsoft.VisualStudio.TestPlatform.ObjectModel.Client.ITestLogger
TpTrace Verbose: 0 : 4628, 1, 2025/10/15, 11:01:40.084, 3813218926, vstest.console.dll, TestPluginCache.GetExtensionPaths: Filtered extension paths: 
TpTrace Verbose: 0 : 4628, 1, 2025/10/15, 11:01:40.084, 3813219070, vstest.console.dll, TestPluginCache.GetExtensionPaths: Added default extension paths: C:\Program Files\dotnet\sdk\8.0.403\Extensions\Microsoft.Diagnostics.NETCore.Client.dll
C:\Program Files\dotnet\sdk\8.0.403\Extensions\Microsoft.TestPlatform.Extensions.BlameDataCollector.dll
C:\Program Files\dotnet\sdk\8.0.403\Extensions\Microsoft.TestPlatform.Extensions.EventLogCollector.dll
C:\Program Files\dotnet\sdk\8.0.403\Extensions\Microsoft.TestPlatform.TestHostRuntimeProvider.dll
C:\Program Files\dotnet\sdk\8.0.403\Extensions\Microsoft.VisualStudio.TestPlatform.Extensions.Html.TestLogger.dll
C:\Program Files\dotnet\sdk\8.0.403\Extensions\Microsoft.VisualStudio.TestPlatform.Extensions.Trx.TestLogger.dll
TpTrace Verbose: 0 : 4628, 1, 2025/10/15, 11:01:40.084, 3813219192, vstest.console.dll, TestPluginCache.GetExtensionPaths: Added unfilterableExtensionPaths: 
TpTrace Information: 0 : 4628, 1, 2025/10/15, 11:01:40.084, 3813219845, vstest.console.dll, AssemblyResolver.AddSearchDirectories: Adding more searchDirectories C:\Program Files\dotnet\sdk\8.0.403\Extensions,C:\Program Files\dotnet\sdk\8.0.403
TpTrace Verbose: 0 : 4628, 1, 2025/10/15, 11:01:40.084, 3813220028, vstest.console.dll, TestPluginCache.DiscoverTestExtensions: Discovering the extensions using extension path.
TpTrace Verbose: 0 : 4628, 1, 2025/10/15, 11:01:40.084, 3813220165, vstest.console.dll, TestPluginCache.GetExtensionPaths: Filtered extension paths: 
TpTrace Verbose: 0 : 4628, 1, 2025/10/15, 11:01:40.084, 3813220280, vstest.console.dll, TestPluginCache.GetExtensionPaths: Added default extension paths: C:\Program Files\dotnet\sdk\8.0.403\Extensions\Microsoft.Diagnostics.NETCore.Client.dll
C:\Program Files\dotnet\sdk\8.0.403\Extensions\Microsoft.TestPlatform.Extensions.BlameDataCollector.dll
C:\Program Files\dotnet\sdk\8.0.403\Extensions\Microsoft.TestPlatform.Extensions.EventLogCollector.dll
C:\Program Files\dotnet\sdk\8.0.403\Extensions\Microsoft.TestPlatform.TestHostRuntimeProvider.dll
C:\Program Files\dotnet\sdk\8.0.403\Extensions\Microsoft.VisualStudio.TestPlatform.Extensions.Html.TestLogger.dll
C:\Program Files\dotnet\sdk\8.0.403\Extensions\Microsoft.VisualStudio.TestPlatform.Extensions.Trx.TestLogger.dll
TpTrace Verbose: 0 : 4628, 1, 2025/10/15, 11:01:40.084, 3813220387, vstest.console.dll, TestPluginCache.GetExtensionPaths: Added unfilterableExtensionPaths: 
TpTrace Verbose: 0 : 4628, 1, 2025/10/15, 11:01:40.084, 3813220526, vstest.console.dll, TestPluginCache.DiscoverTestExtensions: Discovering the extensions using allExtensionPaths: C:\Program Files\dotnet\sdk\8.0.403\Extensions\Microsoft.Diagnostics.NETCore.Client.dll
C:\Program Files\dotnet\sdk\8.0.403\Extensions\Microsoft.TestPlatform.Extensions.BlameDataCollector.dll
C:\Program Files\dotnet\sdk\8.0.403\Extensions\Microsoft.TestPlatform.Extensions.EventLogCollector.dll
C:\Program Files\dotnet\sdk\8.0.403\Extensions\Microsoft.TestPlatform.TestHostRuntimeProvider.dll
C:\Program Files\dotnet\sdk\8.0.403\Extensions\Microsoft.VisualStudio.TestPlatform.Extensions.Html.TestLogger.dll
C:\Program Files\dotnet\sdk\8.0.403\Extensions\Microsoft.VisualStudio.TestPlatform.Extensions.Trx.TestLogger.dll
TpTrace Information: 0 : 4628, 1, 2025/10/15, 11:01:40.084, 3813220710, vstest.console.dll, AssemblyResolver.AddSearchDirectories: Adding more searchDirectories C:\Program Files\dotnet\sdk\8.0.403\Extensions,C:\Program Files\dotnet\sdk\8.0.403
TpTrace Information: 0 : 4628, 1, 2025/10/15, 11:01:40.084, 3813220878, vstest.console.dll, AssemblyResolver.AddSearchDirectories: Adding more searchDirectories C:\Program Files\dotnet\sdk\8.0.403\Extensions,C:\Program Files\dotnet\sdk\8.0.403
TpTrace Information: 0 : 4628, 1, 2025/10/15, 11:01:40.084, 3813220987, vstest.console.dll, AssemblyResolver.AddSearchDirectories: Adding more searchDirectories C:\Program Files\dotnet\sdk\8.0.403\Extensions,C:\Program Files\dotnet\sdk\8.0.403
TpTrace Information: 0 : 4628, 1, 2025/10/15, 11:01:40.084, 3813221093, vstest.console.dll, AssemblyResolver.AddSearchDirectories: Adding more searchDirectories C:\Program Files\dotnet\sdk\8.0.403\Extensions,C:\Program Files\dotnet\sdk\8.0.403
TpTrace Information: 0 : 4628, 1, 2025/10/15, 11:01:40.084, 3813221234, vstest.console.dll, AssemblyResolver.AddSearchDirectories: Adding more searchDirectories C:\Program Files\dotnet\sdk\8.0.403\Extensions,C:\Program Files\dotnet\sdk\8.0.403
TpTrace Information: 0 : 4628, 1, 2025/10/15, 11:01:40.084, 3813221341, vstest.console.dll, AssemblyResolver.AddSearchDirectories: Adding more searchDirectories C:\Program Files\dotnet\sdk\8.0.403\Extensions,C:\Program Files\dotnet\sdk\8.0.403
TpTrace Verbose: 0 : 4628, 1, 2025/10/15, 11:01:40.084, 3813221890, vstest.console.dll, MetadataReaderExtensionsHelper: Discovering extensions inside assembly 'Microsoft.Diagnostics.NETCore.Client, Version=0.2.10.30701, Culture=neutral, PublicKeyToken=31bf3856ad364e35' file path 'C:\Program Files\dotnet\sdk\8.0.403\Extensions\Microsoft.Diagnostics.NETCore.Client.dll'
TpTrace Information: 0 : 4628, 1, 2025/10/15, 11:01:40.084, 3813225771, vstest.console.dll, AssemblyResolver.OnResolve: Microsoft.Bcl.AsyncInterfaces: Resolving assembly.
TpTrace Information: 0 : 4628, 1, 2025/10/15, 11:01:40.084, 3813226190, vstest.console.dll, AssemblyResolver.OnResolve: Microsoft.Bcl.AsyncInterfaces: Resolved from cache.
TpTrace Verbose: 0 : 4628, 1, 2025/10/15, 11:01:40.084, 3813226340, vstest.console.dll, CurrentDomainAssemblyResolve: Resolving assembly 'Microsoft.Bcl.AsyncInterfaces'.
TpTrace Information: 0 : 4628, 1, 2025/10/15, 11:01:40.084, 3813226550, vstest.console.dll, AssemblyResolver.OnResolve: Microsoft.Bcl.AsyncInterfaces: Resolving assembly.
TpTrace Information: 0 : 4628, 1, 2025/10/15, 11:01:40.084, 3813226680, vstest.console.dll, AssemblyResolver.OnResolve: Microsoft.Bcl.AsyncInterfaces: Resolved from cache.
TpTrace Verbose: 0 : 4628, 1, 2025/10/15, 11:01:40.084, 3813226781, vstest.console.dll, CurrentDomainAssemblyResolve: Resolving assembly 'Microsoft.Bcl.AsyncInterfaces'.
TpTrace Verbose: 0 : 4628, 1, 2025/10/15, 11:01:40.084, 3813226881, vstest.console.dll, CurrentDomainAssemblyResolve: Failed to resolve assembly 'Microsoft.Bcl.AsyncInterfaces'.
TpTrace Verbose: 0 : 4628, 1, 2025/10/15, 11:01:40.084, 3813227545, vstest.console.dll, CurrentDomainAssemblyResolve: Failed to resolve assembly 'Microsoft.Bcl.AsyncInterfaces'.
TpTrace Warning: 0 : 4628, 1, 2025/10/15, 11:01:40.085, 3813229301, vstest.console.dll, TestPluginDiscoverer: Failed to get types from assembly 'Microsoft.Diagnostics.NETCore.Client, Version=0.2.10.30701, Culture=neutral, PublicKeyToken=31bf3856ad364e35'. Error: System.Reflection.ReflectionTypeLoadException: Unable to load one or more of the requested types.
Could not load file or assembly 'Microsoft.Bcl.AsyncInterfaces, Version=6.0.0.0, Culture=neutral, PublicKeyToken=cc7b13ffcd2ddd51'. The system cannot find the file specified.
   at System.Reflection.RuntimeModule.GetTypes(RuntimeModule module)
   at System.Reflection.RuntimeModule.GetTypes()
   at Microsoft.VisualStudio.TestPlatform.Common.ExtensionFramework.TestPluginDiscoverer.GetTestExtensionsFromAssembly[TPluginInfo,TExtension](Assembly assembly, Dictionary`2 pluginInfos, String filePath) in /_/src/Microsoft.TestPlatform.Common/ExtensionFramework/TestPluginDiscoverer.cs:line 158
System.IO.FileNotFoundException: Could not load file or assembly 'Microsoft.Bcl.AsyncInterfaces, Version=6.0.0.0, Culture=neutral, PublicKeyToken=cc7b13ffcd2ddd51'. The system cannot find the file specified.
File name: 'Microsoft.Bcl.AsyncInterfaces, Version=6.0.0.0, Culture=neutral, PublicKeyToken=cc7b13ffcd2ddd51'
 ---> System.IO.FileNotFoundException: Could not load file or assembly 'Microsoft.Bcl.AsyncInterfaces, Culture=neutral, PublicKeyToken=null'. The system cannot find the file specified.
File name: 'Microsoft.Bcl.AsyncInterfaces, Culture=neutral, PublicKeyToken=null'
   at System.Reflection.RuntimeAssembly.InternalLoad(AssemblyName assemblyName, StackCrawlMark& stackMark, AssemblyLoadContext assemblyLoadContext, RuntimeAssembly requestingAssembly, Boolean throwOnFileNotFound)
   at System.Reflection.Assembly.Load(AssemblyName assemblyRef)
   at Microsoft.VisualStudio.TestPlatform.Common.ExtensionFramework.TestPluginCache.CurrentDomainAssemblyResolve(Object sender, AssemblyResolveEventArgs args) in /_/src/Microsoft.TestPlatform.Common/ExtensionFramework/TestPluginCache.cs:line 513
   at System.Runtime.Loader.AssemblyLoadContext.GetFirstResolvedAssemblyFromResolvingEvent(AssemblyName assemblyName)
   at System.Runtime.Loader.AssemblyLoadContext.ResolveUsingEvent(AssemblyName assemblyName)
   at System.Runtime.Loader.AssemblyLoadContext.ResolveUsingResolvingEvent(IntPtr gchManagedAssemblyLoadContext, AssemblyName assemblyName)
TpTrace Warning: 0 : 4628, 1, 2025/10/15, 11:01:40.085, 3813230008, vstest.console.dll, LoaderExceptions: System.IO.FileNotFoundException: Could not load file or assembly 'Microsoft.Bcl.AsyncInterfaces, Version=6.0.0.0, Culture=neutral, PublicKeyToken=cc7b13ffcd2ddd51'. The system cannot find the file specified.
File name: 'Microsoft.Bcl.AsyncInterfaces, Version=6.0.0.0, Culture=neutral, PublicKeyToken=cc7b13ffcd2ddd51'
 ---> System.IO.FileNotFoundException: Could not load file or assembly 'Microsoft.Bcl.AsyncInterfaces, Culture=neutral, PublicKeyToken=null'. The system cannot find the file specified.
File name: 'Microsoft.Bcl.AsyncInterfaces, Culture=neutral, PublicKeyToken=null'
   at System.Reflection.RuntimeAssembly.InternalLoad(AssemblyName assemblyName, StackCrawlMark& stackMark, AssemblyLoadContext assemblyLoadContext, RuntimeAssembly requestingAssembly, Boolean throwOnFileNotFound)
   at System.Reflection.Assembly.Load(AssemblyName assemblyRef)
   at Microsoft.VisualStudio.TestPlatform.Common.ExtensionFramework.TestPluginCache.CurrentDomainAssemblyResolve(Object sender, AssemblyResolveEventArgs args) in /_/src/Microsoft.TestPlatform.Common/ExtensionFramework/TestPluginCache.cs:line 513
   at System.Runtime.Loader.AssemblyLoadContext.GetFirstResolvedAssemblyFromResolvingEvent(AssemblyName assemblyName)
   at System.Runtime.Loader.AssemblyLoadContext.ResolveUsingEvent(AssemblyName assemblyName)
   at System.Runtime.Loader.AssemblyLoadContext.ResolveUsingResolvingEvent(IntPtr gchManagedAssemblyLoadContext, AssemblyName assemblyName)
TpTrace Verbose: 0 : 4628, 1, 2025/10/15, 11:01:40.085, 3813230415, vstest.console.dll, MetadataReaderExtensionsHelper: Discovering extensions inside assembly 'Microsoft.TestPlatform.Extensions.BlameDataCollector, Version=15.0.0.0, Culture=neutral, PublicKeyToken=b03f5f7f11d50a3a' file path 'C:\Program Files\dotnet\sdk\8.0.403\Extensions\Microsoft.TestPlatform.Extensions.BlameDataCollector.dll'
TpTrace Information: 0 : 4628, 1, 2025/10/15, 11:01:40.085, 3813233040, vstest.console.dll, GetTestExtensionFromType: Register extension with identifier data 'logger://Microsoft/TestPlatform/Extensions/Blame/v1' and type 'Microsoft.TestPlatform.Extensions.BlameDataCollector.BlameLogger, Microsoft.TestPlatform.Extensions.BlameDataCollector, Version=15.0.0.0, Culture=neutral, PublicKeyToken=b03f5f7f11d50a3a' inside file 'C:\Program Files\dotnet\sdk\8.0.403\Extensions\Microsoft.TestPlatform.Extensions.BlameDataCollector.dll'
TpTrace Verbose: 0 : 4628, 1, 2025/10/15, 11:01:40.085, 3813233440, vstest.console.dll, MetadataReaderExtensionsHelper: Discovering extensions inside assembly 'Microsoft.TestPlatform.Extensions.EventLogCollector, Version=15.0.0.0, Culture=neutral, PublicKeyToken=b03f5f7f11d50a3a' file path 'C:\Program Files\dotnet\sdk\8.0.403\Extensions\Microsoft.TestPlatform.Extensions.EventLogCollector.dll'
TpTrace Verbose: 0 : 4628, 1, 2025/10/15, 11:01:40.085, 3813235116, vstest.console.dll, MetadataReaderExtensionsHelper: Discovering extensions inside assembly 'Microsoft.TestPlatform.TestHostRuntimeProvider, Version=15.0.0.0, Culture=neutral, PublicKeyToken=b03f5f7f11d50a3a' file path 'C:\Program Files\dotnet\sdk\8.0.403\Extensions\Microsoft.TestPlatform.TestHostRuntimeProvider.dll'
TpTrace Verbose: 0 : 4628, 1, 2025/10/15, 11:01:40.085, 3813237117, vstest.console.dll, MetadataReaderExtensionsHelper: Discovering extensions inside assembly 'Microsoft.VisualStudio.TestPlatform.Extensions.Html.TestLogger, Version=15.0.0.0, Culture=neutral, PublicKeyToken=b03f5f7f11d50a3a' file path 'C:\Program Files\dotnet\sdk\8.0.403\Extensions\Microsoft.VisualStudio.TestPlatform.Extensions.Html.TestLogger.dll'
TpTrace Information: 0 : 4628, 1, 2025/10/15, 11:01:40.086, 3813239800, vstest.console.dll, GetTestExtensionFromType: Register extension with identifier data 'logger://Microsoft/TestPlatform/HtmlLogger/v1' and type 'Microsoft.VisualStudio.TestPlatform.Extensions.HtmlLogger.HtmlLogger, Microsoft.VisualStudio.TestPlatform.Extensions.Html.TestLogger, Version=15.0.0.0, Culture=neutral, PublicKeyToken=b03f5f7f11d50a3a' inside file 'C:\Program Files\dotnet\sdk\8.0.403\Extensions\Microsoft.VisualStudio.TestPlatform.Extensions.Html.TestLogger.dll'
TpTrace Verbose: 0 : 4628, 1, 2025/10/15, 11:01:40.086, 3813240179, vstest.console.dll, MetadataReaderExtensionsHelper: Discovering extensions inside assembly 'Microsoft.VisualStudio.TestPlatform.Extensions.Trx.TestLogger, Version=15.0.0.0, Culture=neutral, PublicKeyToken=b03f5f7f11d50a3a' file path 'C:\Program Files\dotnet\sdk\8.0.403\Extensions\Microsoft.VisualStudio.TestPlatform.Extensions.Trx.TestLogger.dll'
TpTrace Information: 0 : 4628, 1, 2025/10/15, 11:01:40.086, 3813242359, vstest.console.dll, GetTestExtensionFromType: Register extension with identifier data 'logger://Microsoft/TestPlatform/TrxLogger/v1' and type 'Microsoft.VisualStudio.TestPlatform.Extensions.TrxLogger.TrxLogger, Microsoft.VisualStudio.TestPlatform.Extensions.Trx.TestLogger, Version=15.0.0.0, Culture=neutral, PublicKeyToken=b03f5f7f11d50a3a' inside file 'C:\Program Files\dotnet\sdk\8.0.403\Extensions\Microsoft.VisualStudio.TestPlatform.Extensions.Trx.TestLogger.dll'
TpTrace Verbose: 0 : 4628, 1, 2025/10/15, 11:01:40.086, 3813242676, vstest.console.dll, TestPluginCache: Discovered the extensions using extension path ''.
TpTrace Verbose: 0 : 4628, 1, 2025/10/15, 11:01:40.086, 3813242796, vstest.console.dll, TestPluginCache: Discoverers are ''.
TpTrace Verbose: 0 : 4628, 1, 2025/10/15, 11:01:40.086, 3813242895, vstest.console.dll, TestPluginCache: Executors are ''.
TpTrace Verbose: 0 : 4628, 1, 2025/10/15, 11:01:40.086, 3813242991, vstest.console.dll, TestPluginCache: Executors2 are ''.
TpTrace Verbose: 0 : 4628, 1, 2025/10/15, 11:01:40.086, 3813243086, vstest.console.dll, TestPluginCache: Setting providers are ''.
TpTrace Verbose: 0 : 4628, 1, 2025/10/15, 11:01:40.086, 3813243448, vstest.console.dll, TestPluginCache: Loggers are 'logger://Microsoft/TestPlatform/Extensions/Blame/v1,logger://Microsoft/TestPlatform/HtmlLogger/v1,logger://Microsoft/TestPlatform/TrxLogger/v1'.
TpTrace Verbose: 0 : 4628, 1, 2025/10/15, 11:01:40.086, 3813243626, vstest.console.dll, TestPluginCache: TestHosts are 'HostProvider://DefaultTestHost,HostProvider://DotnetTestHost'.
TpTrace Verbose: 0 : 4628, 1, 2025/10/15, 11:01:40.086, 3813243736, vstest.console.dll, TestPluginCache: DataCollectors are ''.
TpTrace Information: 0 : 4628, 1, 2025/10/15, 11:01:40.086, 3813247998, vstest.console.dll, TestPluginManager.CreateTestExtension: Attempting to load test extension: Microsoft.TestPlatform.Extensions.BlameDataCollector.BlameLogger
TpTrace Verbose: 0 : 4628, 1, 2025/10/15, 11:01:40.090, 3813284187, vstest.console.dll, TestEngine: Initializing Parallel Execution as MaxCpuCount is set to: 1
TpTrace Information: 0 : 4628, 1, 2025/10/15, 11:01:40.091, 3813291464, vstest.console.dll, TestPluginManager.CreateTestExtension: Attempting to load test extension: Microsoft.VisualStudio.TestPlatform.CrossPlatEngine.Hosting.DefaultTestHostManager
TpTrace Information: 0 : 4628, 1, 2025/10/15, 11:01:40.091, 3813295439, vstest.console.dll, TestPluginManager.CreateTestExtension: Attempting to load test extension: Microsoft.VisualStudio.TestPlatform.CrossPlatEngine.Hosting.DotnetTestHostManager
TpTrace Verbose: 0 : 4628, 1, 2025/10/15, 11:01:40.091, 3813296812, vstest.console.dll, TestHostManagerCallbacks.ctor: Forwarding output is enabled.
TpTrace Information: 0 : 4628, 1, 2025/10/15, 11:01:40.092, 3813298853, vstest.console.dll, InferRunSettingsHelper.IsTestSettingsEnabled: Unable to navigate to RunSettings/MSTest. Current node: RunSettings
TpTrace Verbose: 0 : 4628, 1, 2025/10/15, 11:01:40.092, 3813301571, vstest.console.dll, ParallelOperationManager.ClearSlots: Clearing all slots. Slots should accept more work: True
TpTrace Verbose: 0 : 4628, 1, 2025/10/15, 11:01:40.092, 3813304599, vstest.console.dll, ParallelOperationManager.SetOccupiedSlotCount: Setting slot counts AvailableSlotCount = 1, OccupiedSlotCount = 0.
TpTrace Verbose: 0 : 4628, 1, 2025/10/15, 11:01:40.092, 3813306223, vstest.console.dll, Occupied slots:

TpTrace Verbose: 0 : 4628, 1, 2025/10/15, 11:01:40.094, 3813323836, vstest.console.dll, TestEngine.GetExecutionManager: Chosen execution manager 'Microsoft.VisualStudio.TestPlatform.CrossPlatEngine.Client.Parallel.ParallelProxyExecutionManager, Microsoft.TestPlatform.CrossPlatEngine, Version=15.0.0.0, Culture=neutral, PublicKeyToken=b03f5f7f11d50a3a' ParallelLevel '1'.
TpTrace Verbose: 0 : 4628, 1, 2025/10/15, 11:01:40.094, 3813324801, vstest.console.dll, TestPlatform.GetSkipDefaultAdapters: Not skipping default adapters SkipDefaultAdapters was false.
TpTrace Verbose: 0 : 4628, 1, 2025/10/15, 11:01:40.094, 3813325210, vstest.console.dll, TestRunRequest.ExecuteAsync: Creating test run request.
TpTrace Verbose: 0 : 4628, 1, 2025/10/15, 11:01:40.094, 3813326346, vstest.console.dll, TestRunRequest.ExecuteAsync: Starting.
TpTrace Information: 0 : 4628, 1, 2025/10/15, 11:01:40.095, 3813332165, vstest.console.dll, TestRunRequest.ExecuteAsync: Starting run with settings:TestRunCriteria:
   KeepAlive=False,FrequencyOfRunStatsChangeEvent=10,RunStatsChangeEventTimeout=00:00:01.5000000,TestCaseFilter=,TestExecutorLauncher=
   Settingsxml=<RunSettings>
  <RunConfiguration>
    <ResultsDirectory>C:\Users\Student3\Desktop\DevOps\08-Exercise-CI-CD-GitHub-Actions-Resources\08-Exercise-CI-CD-GitHub-Actions-Resources\06-SeleniumWebDriver\TestProject3\bin\Debug\net6.0\fine-code-coverage\coverage-tool-output</ResultsDirectory>
    <TargetPlatform>X64</TargetPlatform>
    <TargetFrameworkVersion>.NETCoreApp,Version=v6.0</TargetFrameworkVersion>
    <DesignMode>False</DesignMode>
    <CollectSourceInformation>False</CollectSourceInformation>
  </RunConfiguration>
  <LoggerRunSettings>
    <Loggers>
      <Logger friendlyName="blame" enabled="True" />
      <Logger friendlyName="Console" uri="logger://microsoft/TestPlatform/ConsoleLogger/v1" assemblyQualifiedName="Microsoft.VisualStudio.TestPlatform.CommandLine.Internal.ConsoleLogger, vstest.console, Version=15.0.0.0, Culture=neutral, PublicKeyToken=b03f5f7f11d50a3a" codeBase="C:\Program Files\dotnet\sdk\8.0.403\vstest.console.dll" enabled="True" />
    </Loggers>
  </LoggerRunSettings>
  <DataCollectionRunSettings>
    <DataCollectors>
      <DataCollector friendlyName="blame" enabled="True">
        <Configuration>
          <ResultsDirectory>C:\Users\Student3\Desktop\DevOps\08-Exercise-CI-CD-GitHub-Actions-Resources\08-Exercise-CI-CD-GitHub-Actions-Resources\06-SeleniumWebDriver\TestProject3\bin\Debug\net6.0\fine-code-coverage\coverage-tool-output</ResultsDirectory>
        </Configuration>
      </DataCollector>
    </DataCollectors>
  </DataCollectionRunSettings>
</RunSettings>

TpTrace Verbose: 0 : 4628, 1, 2025/10/15, 11:01:40.095, 3813332483, vstest.console.dll, TestRunRequest.ExecuteAsync: Wait for the first run request is over.
TpTrace Verbose: 0 : 4628, 1, 2025/10/15, 11:01:40.095, 3813333787, vstest.console.dll, MulticastDelegateUtilities.SafeInvoke: TestRun.TestRunStart: Invoking callbacks was skipped because there are no subscribers.
TpTrace Verbose: 0 : 4628, 4, 2025/10/15, 11:01:40.095, 3813335210, vstest.console.dll, MulticastDelegateUtilities.SafeInvoke: InternalTestLoggerEvents.SendTestRunStart: Invoking callback 1/1 for Microsoft.VisualStudio.TestPlatform.CommandLine.Internal.ConsoleLogger., took 0 ms.
TpTrace Verbose: 0 : 4628, 1, 2025/10/15, 11:01:40.096, 3813340253, vstest.console.dll, ParallelProxyExecutionManager: Start execution. Total sources: 1
TpTrace Verbose: 0 : 4628, 1, 2025/10/15, 11:01:40.096, 3813342222, vstest.console.dll, ParallelOperationManager.StartWork: Starting adding 1 workloads.
TpTrace Verbose: 0 : 4628, 1, 2025/10/15, 11:01:40.096, 3813342574, vstest.console.dll, ParallelOperationManager.ClearSlots: Clearing all slots. Slots should accept more work: True
TpTrace Verbose: 0 : 4628, 1, 2025/10/15, 11:01:40.096, 3813342953, vstest.console.dll, ParallelOperationManager.SetOccupiedSlotCount: Setting slot counts AvailableSlotCount = 1, OccupiedSlotCount = 0.
TpTrace Verbose: 0 : 4628, 1, 2025/10/15, 11:01:40.096, 3813343108, vstest.console.dll, Occupied slots:

TpTrace Verbose: 0 : 4628, 1, 2025/10/15, 11:01:40.097, 3813349959, vstest.console.dll, TestHostManagerCallbacks.ctor: Forwarding output is enabled.
TpTrace Verbose: 0 : 4628, 1, 2025/10/15, 11:01:40.097, 3813351383, vstest.console.dll, TestRequestSender is acting as server.
TpTrace Verbose: 0 : 4628, 1, 2025/10/15, 11:01:40.097, 3813356915, vstest.console.dll, ParallelOperationManager.RunWorkInParallel: Adding 1 workload to slot, remaining workloads 0.
TpTrace Verbose: 0 : 4628, 1, 2025/10/15, 11:01:40.097, 3813357281, vstest.console.dll, ParallelOperationManager.SetOccupiedSlotCount: Setting slot counts AvailableSlotCount = 0, OccupiedSlotCount = 1.
TpTrace Verbose: 0 : 4628, 1, 2025/10/15, 11:01:40.097, 3813357790, vstest.console.dll, Occupied slots:
0: C:\Users\Student3\Desktop\DevOps\08-Exercise-CI-CD-GitHub-Actions-Resources\08-Exercise-CI-CD-GitHub-Actions-Resources\06-SeleniumWebDriver\TestProject3\bin\Debug\net6.0\fine-code-coverage\build-output\TestProject3.dll
TpTrace Verbose: 0 : 4628, 1, 2025/10/15, 11:01:40.098, 3813362901, vstest.console.dll, ParallelOperationManager.RunWorkInParallel: Started host in slot number 0 for work (source): C:\Users\Student3\Desktop\DevOps\08-Exercise-CI-CD-GitHub-Actions-Resources\08-Exercise-CI-CD-GitHub-Actions-Resources\06-SeleniumWebDriver\TestProject3\bin\Debug\net6.0\fine-code-coverage\build-output\TestProject3.dll.
TpTrace Verbose: 0 : 4628, 1, 2025/10/15, 11:01:40.099, 3813370664, vstest.console.dll, ParallelOperationManager.RunWorkInParallel: We started 1 work items, which is the max parallel level. Won't start more work.
TpTrace Verbose: 0 : 4628, 1, 2025/10/15, 11:01:40.099, 3813371094, vstest.console.dll, ParallelOperationManager.RunWorkInParallel: We started 1 work items in here, returning True.
TpTrace Information: 0 : 4628, 1, 2025/10/15, 11:01:40.099, 3813371247, vstest.console.dll, TestRunRequest.ExecuteAsync: Started.
TpTrace Verbose: 0 : 4628, 5, 2025/10/15, 11:01:40.099, 3813371526, vstest.console.dll, ParallelProxyExecutionManager.StartTestRunOnConcurrentManager: Initializing uninitialized client. Started clients: 0
TpTrace Verbose: 0 : 4628, 5, 2025/10/15, 11:01:40.099, 3813373412, vstest.console.dll, DataCollectionRequestSender.InitializeCommunication : Initialize communication. 
TpTrace Verbose: 0 : 4628, 1, 2025/10/15, 11:01:40.099, 3813374229, vstest.console.dll, TestRunRequest.WaitForCompletion: Waiting with timeout -1.
TpTrace Information: 0 : 4628, 5, 2025/10/15, 11:01:40.104, 3813418875, vstest.console.dll, Listening on Endpoint : 127.0.0.1:56512
TpTrace Verbose: 0 : 4628, 5, 2025/10/15, 11:01:40.107, 3813450011, vstest.console.dll, DotnetDataCollectionLauncher: Adding  --runtimeconfig "C:\Program Files\dotnet\sdk\8.0.403\datacollector.runtimeconfig.json" in args
TpTrace Verbose: 0 : 4628, 5, 2025/10/15, 11:01:40.107, 3813450591, vstest.console.dll, DotnetDataCollectionLauncher: Adding  --depsfile "C:\Program Files\dotnet\sdk\8.0.403\datacollector.deps.json" in args
TpTrace Verbose: 0 : 4628, 5, 2025/10/15, 11:01:40.107, 3813451505, vstest.console.dll, DotnetDataCollectionLauncher: Full path of dotnet.exe is C:\Program Files\dotnet\dotnet.exe
TpTrace Information: 0 : 4628, 5, 2025/10/15, 11:01:40.205, 3814433825, vstest.console.dll, ProxyDataCollectionManager.Initialize: Launched datacollector processId: 7212 port: 56512
TpTrace Information: 0 : 4628, 5, 2025/10/15, 11:01:40.205, 3814435275, vstest.console.dll, ProxyDataCollectionManager.Initialize: waiting for connection with timeout: 90 seconds
TpTrace Verbose: 0 : 4628, 5, 2025/10/15, 11:01:40.205, 3814435981, vstest.console.dll, DataCollectionRequestSender.WaitForRequestHandlerConnection : Waiting for connection with timeout: 90000
TpTrace Information: 0 : 4628, 7, 2025/10/15, 11:01:40.286, 3815241875, vstest.console.dll, Using the buffer size of 16384 bytes
TpTrace Verbose: 0 : 4628, 5, 2025/10/15, 11:01:40.286, 3815242173, vstest.console.dll, SocketCommunicationManager.WaitForClientConnection took: 80 ms, with 90000 ms timeout, and finished with True.
TpTrace Information: 0 : 4628, 7, 2025/10/15, 11:01:40.286, 3815242818, vstest.console.dll, Accepted Client request and set the flag
TpTrace Verbose: 0 : 4628, 5, 2025/10/15, 11:01:40.286, 3815243084, vstest.console.dll, ProxyDataCollectionManager.InvokeDataCollectionServiceAction: Starting.
TpTrace Information: 0 : 4628, 5, 2025/10/15, 11:01:40.286, 3815243517, vstest.console.dll, ProxyDataCollectionManager.BeforeTestRunStart: Get environment variable and port for datacollector processId: 7212 port: 56512
TpTrace Verbose: 0 : 4628, 5, 2025/10/15, 11:01:40.286, 3815244032, vstest.console.dll, DataCollectionRequestSender.SendBeforeTestRunStartAndGetResult: Send BeforeTestRunStart message with settingsXml <RunSettings><RunConfiguration><ResultsDirectory>C:\Users\Student3\Desktop\DevOps\08-Exercise-CI-CD-GitHub-Actions-Resources\08-Exercise-CI-CD-GitHub-Actions-Resources\06-SeleniumWebDriver\TestProject3\bin\Debug\net6.0\fine-code-coverage\coverage-tool-output</ResultsDirectory><TargetPlatform>X64</TargetPlatform><TargetFrameworkVersion>.NETCoreApp,Version=v6.0</TargetFrameworkVersion><DesignMode>False</DesignMode><CollectSourceInformation>False</CollectSourceInformation><TestAdaptersPaths>C:\Program Files\dotnet\sdk\8.0.403\Extensions</TestAdaptersPaths></RunConfiguration><LoggerRunSettings><Loggers><Logger friendlyName="blame" enabled="True" /><Logger friendlyName="Console" uri="logger://microsoft/TestPlatform/ConsoleLogger/v1" assemblyQualifiedName="Microsoft.VisualStudio.TestPlatform.CommandLine.Internal.ConsoleLogger, vstest.console, Version=15.0.0.0, Culture=neutral, PublicKeyToken=b03f5f7f11d50a3a" codeBase="C:\Program Files\dotnet\sdk\8.0.403\vstest.console.dll" enabled="True" /></Loggers></LoggerRunSettings><DataCollectionRunSettings><DataCollectors><DataCollector friendlyName="blame" enabled="True"><Configuration><ResultsDirectory>C:\Users\Student3\Desktop\DevOps\08-Exercise-CI-CD-GitHub-Actions-Resources\08-Exercise-CI-CD-GitHub-Actions-Resources\06-SeleniumWebDriver\TestProject3\bin\Debug\net6.0\fine-code-coverage\coverage-tool-output</ResultsDirectory></Configuration></DataCollector></DataCollectors></DataCollectionRunSettings></RunSettings> and sources System.Collections.Generic.List`1[System.String]: 
TpTrace Verbose: 0 : 4628, 5, 2025/10/15, 11:01:40.312, 3815498323, vstest.console.dll, DataCollectionRequestSender.SendBeforeTestRunStartAndGetResult: Received message: (DataCollection.SendMessage) -> {"MessageType":"DataCollection.SendMessage","Payload":{"FriendlyName":null,"Uri":null,"TestCaseId":"00000000-0000-0000-0000-000000000000","Message":"Logging DataCollector Diagnostics in file: C:\\Users\\Student3\\Desktop\\DevOps\\08-Exercise-CI-CD-GitHub-Actions-Resources\\08-Exercise-CI-CD-GitHub-Actions-Resources\\06-SeleniumWebDriver\\TestProject3\\bin\\Debug\\net6.0\\fine-code-coverage\\coverage-tool-output\\diagnostics.datacollector.25-10-15_11-01-40_10707_5.log","Level":0}}
TpTrace Verbose: 0 : 4628, 5, 2025/10/15, 11:01:40.352, 3815899720, vstest.console.dll, DataCollectionRequestSender.SendBeforeTestRunStartAndGetResult: Received message: (DataCollection.BeforeTestRunStartResult) -> {"MessageType":"DataCollection.BeforeTestRunStartResult","Payload":{"EnvironmentVariables":{},"DataCollectionEventsPort":56514}}
TpTrace Information: 0 : 4628, 5, 2025/10/15, 11:01:40.354, 3815924824, vstest.console.dll, ProxyDataCollectionManager.BeforeTestRunStart: SendBeforeTestRunStartAndGetResult successful, env variable from datacollector:   and testhost port: 56514
TpTrace Information: 0 : 4628, 5, 2025/10/15, 11:01:40.354, 3815925305, vstest.console.dll, ProxyDataCollectionManager.InvokeDataCollectionServiceAction: Completed.
TpTrace Verbose: 0 : 4628, 5, 2025/10/15, 11:01:40.354, 3815925506, vstest.console.dll, ParallelProxyExecutionManager.StartTestRunOnConcurrentManager: Initializing test run. Started clients: 0
TpTrace Verbose: 0 : 4628, 5, 2025/10/15, 11:01:40.354, 3815925911, vstest.console.dll, ProxyExecutionManager: Test host is always Lazy initialize.
TpTrace Verbose: 0 : 4628, 5, 2025/10/15, 11:01:40.354, 3815926943, vstest.console.dll, TestRequestSender.InitializeCommunication: initialize communication. 
TpTrace Information: 0 : 4628, 5, 2025/10/15, 11:01:40.355, 3815929508, vstest.console.dll, SocketServer.Start: Listening on endpoint : 127.0.0.1:56515
TpTrace Verbose: 0 : 4628, 5, 2025/10/15, 11:01:40.355, 3815933345, vstest.console.dll, DotnetTestHostmanager.GetTestHostProcessStartInfo: Platform environment 'X64' target architecture 'X64' framework '.NETCoreApp,Version=v6.0' OS 'Windows'
TpTrace Verbose: 0 : 4628, 5, 2025/10/15, 11:01:40.355, 3815934425, vstest.console.dll, DotnetTestHostmanager: Adding  --runtimeconfig "C:\Users\Student3\Desktop\DevOps\08-Exercise-CI-CD-GitHub-Actions-Resources\08-Exercise-CI-CD-GitHub-Actions-Resources\06-SeleniumWebDriver\TestProject3\bin\Debug\net6.0\fine-code-coverage\build-output\TestProject3.runtimeconfig.json" in args
TpTrace Verbose: 0 : 4628, 5, 2025/10/15, 11:01:40.355, 3815934863, vstest.console.dll, DotnetTestHostmanager: Adding  --depsfile "C:\Users\Student3\Desktop\DevOps\08-Exercise-CI-CD-GitHub-Actions-Resources\08-Exercise-CI-CD-GitHub-Actions-Resources\06-SeleniumWebDriver\TestProject3\bin\Debug\net6.0\fine-code-coverage\build-output\TestProject3.deps.json" in args
TpTrace Verbose: 0 : 4628, 5, 2025/10/15, 11:01:40.355, 3815935911, vstest.console.dll, DotnetTestHostmanager.IsWinOnArm: Current PROCESSOR_ARCHITECTURE from environment variable 'AMD64'
TpTrace Verbose: 0 : 4628, 5, 2025/10/15, 11:01:40.355, 3815936216, vstest.console.dll, DotnetTestHostmanager.IsWinOnArm: Is Windows on ARM 'False'
TpTrace Verbose: 0 : 4628, 5, 2025/10/15, 11:01:40.355, 3815936681, vstest.console.dll, DotnetTestHostManager: testhost.exe found at path: C:\Users\Student3\Desktop\DevOps\08-Exercise-CI-CD-GitHub-Actions-Resources\08-Exercise-CI-CD-GitHub-Actions-Resources\06-SeleniumWebDriver\TestProject3\bin\Debug\net6.0\fine-code-coverage\build-output\testhost.exe
TpTrace Verbose: 0 : 4628, 5, 2025/10/15, 11:01:40.355, 3815936872, vstest.console.dll, DotnetTestHostmanager: Full path of host exe is C:\Users\Student3\Desktop\DevOps\08-Exercise-CI-CD-GitHub-Actions-Resources\08-Exercise-CI-CD-GitHub-Actions-Resources\06-SeleniumWebDriver\TestProject3\bin\Debug\net6.0\fine-code-coverage\build-output\testhost.exe
TpTrace Verbose: 0 : 4628, 5, 2025/10/15, 11:01:40.355, 3815937538, vstest.console.dll, DotnetTestHostmanager.LaunchTestHostAsync: Found 'VSTEST_WINAPPHOST_DOTNET_ROOT' in env variables, value 'C:\Program Files\dotnet', forwarding to 'DOTNET_ROOT'
TpTrace Verbose: 0 : 4628, 5, 2025/10/15, 11:01:40.356, 3815938149, vstest.console.dll, DotnetTestHostManager: Starting process 'C:\Users\Student3\Desktop\DevOps\08-Exercise-CI-CD-GitHub-Actions-Resources\08-Exercise-CI-CD-GitHub-Actions-Resources\06-SeleniumWebDriver\TestProject3\bin\Debug\net6.0\fine-code-coverage\build-output\testhost.exe' with command line ' --runtimeconfig "C:\Users\Student3\Desktop\DevOps\08-Exercise-CI-CD-GitHub-Actions-Resources\08-Exercise-CI-CD-GitHub-Actions-Resources\06-SeleniumWebDriver\TestProject3\bin\Debug\net6.0\fine-code-coverage\build-output\TestProject3.runtimeconfig.json" --depsfile "C:\Users\Student3\Desktop\DevOps\08-Exercise-CI-CD-GitHub-Actions-Resources\08-Exercise-CI-CD-GitHub-Actions-Resources\06-SeleniumWebDriver\TestProject3\bin\Debug\net6.0\fine-code-coverage\build-output\TestProject3.deps.json" --port 56515 --endpoint 127.0.0.1:056515 --role client --parentprocessid 4628 --diag "C:\Users\Student3\Desktop\DevOps\08-Exercise-CI-CD-GitHub-Actions-Resources\08-Exercise-CI-CD-GitHub-Actions-Resources\06-SeleniumWebDriver\TestProject3\bin\Debug\net6.0\fine-code-coverage\coverage-tool-output\diagnostics.host.25-10-15_11-01-40_35533_5.log" --tracelevel 4 --datacollectionport 56514 --telemetryoptedin false'
TpTrace Verbose: 0 : 4628, 5, 2025/10/15, 11:01:40.509, 3817476904, vstest.console.dll, MulticastDelegateUtilities.SafeInvoke: HostProviderEvents.OnHostLaunched: Invoking callback 1/2 for Microsoft.VisualStudio.TestPlatform.CrossPlatEngine.Client.ProxyExecutionManagerWithDataCollection., took 0 ms.
TpTrace Verbose: 0 : 4628, 5, 2025/10/15, 11:01:40.510, 3817478714, vstest.console.dll, Test Runtime launched
TpTrace Verbose: 0 : 4628, 5, 2025/10/15, 11:01:40.510, 3817479040, vstest.console.dll, MulticastDelegateUtilities.SafeInvoke: HostProviderEvents.OnHostLaunched: Invoking callback 2/2 for Microsoft.VisualStudio.TestPlatform.CrossPlatEngine.Client.ProxyOperationManager., took 0 ms.
TpTrace Verbose: 0 : 4628, 5, 2025/10/15, 11:01:40.510, 3817479707, vstest.console.dll, TestRequestSender.WaitForRequestHandlerConnection: waiting for connection with timeout: 90000.
TpTrace Verbose: 0 : 4628, 12, 2025/10/15, 11:01:40.606, 3818444934, vstest.console.dll, MulticastDelegateUtilities.SafeInvoke: SocketServer: ClientConnected: Invoking callback 1/1 for Microsoft.VisualStudio.TestPlatform.CommunicationUtilities.TestRequestSender., took 0 ms.
TpTrace Verbose: 0 : 4628, 5, 2025/10/15, 11:01:40.606, 3818444934, vstest.console.dll, TestRequestSender.WaitForRequestHandlerConnection: waiting took 96 ms, with timeout 90000 ms, and result 0, which is success.
TpTrace Verbose: 0 : 4628, 5, 2025/10/15, 11:01:40.607, 3818450146, vstest.console.dll, TestRequestSender.CheckVersionWithTestHost: Sending check version message: {"MessageType":"ProtocolVersion","Payload":7}
TpTrace Verbose: 0 : 4628, 12, 2025/10/15, 11:01:40.606, 3818445582, vstest.console.dll, SocketServer.OnClientConnected: Client connected for endPoint: 127.0.0.1:56515, starting MessageLoopAsync:
TpTrace Verbose: 0 : 4628, 12, 2025/10/15, 11:01:40.607, 3818453811, vstest.console.dll, TcpClientExtensions.MessageLoopAsync: Polling on remoteEndPoint: 127.0.0.1:56516 localEndPoint: 127.0.0.1:56515 after 0 ms
TpTrace Verbose: 0 : 4628, 12, 2025/10/15, 11:01:40.689, 3819274158, vstest.console.dll, TcpClientExtensions.MessageLoopAsync: NotifyDataAvailable remoteEndPoint: 127.0.0.1:56516 localEndPoint: 127.0.0.1:56515
TpTrace Verbose: 0 : 4628, 12, 2025/10/15, 11:01:40.689, 3819275842, vstest.console.dll, TestRequestSender.CheckVersionWithTestHost: onMessageReceived received message: (ProtocolVersion) -> {"MessageType":"ProtocolVersion","Payload":5}
TpTrace Verbose: 0 : 4628, 12, 2025/10/15, 11:01:40.690, 3819279289, vstest.console.dll, MulticastDelegateUtilities.SafeInvoke: LengthPrefixCommunicationChannel: MessageReceived: Invoking callback 1/1 for Microsoft.VisualStudio.TestPlatform.CommunicationUtilities.TestRequestSender+<>c__DisplayClass29_0., took 0 ms.
TpTrace Verbose: 0 : 4628, 12, 2025/10/15, 11:01:40.690, 3819279838, vstest.console.dll, TcpClientExtensions.MessageLoopAsync: Polling on remoteEndPoint: 127.0.0.1:56516 localEndPoint: 127.0.0.1:56515 after 82 ms
TpTrace Verbose: 0 : 4628, 5, 2025/10/15, 11:01:40.690, 3819281412, vstest.console.dll, TestPluginCache.GetExtensionPaths: Filtered extension paths: 
TpTrace Verbose: 0 : 4628, 5, 2025/10/15, 11:01:40.690, 3819281830, vstest.console.dll, TestPluginCache.GetExtensionPaths: Added default extension paths: C:\Program Files\dotnet\sdk\8.0.403\Extensions\Microsoft.Diagnostics.NETCore.Client.dll
C:\Program Files\dotnet\sdk\8.0.403\Extensions\Microsoft.TestPlatform.Extensions.BlameDataCollector.dll
C:\Program Files\dotnet\sdk\8.0.403\Extensions\Microsoft.TestPlatform.Extensions.EventLogCollector.dll
C:\Program Files\dotnet\sdk\8.0.403\Extensions\Microsoft.TestPlatform.TestHostRuntimeProvider.dll
C:\Program Files\dotnet\sdk\8.0.403\Extensions\Microsoft.VisualStudio.TestPlatform.Extensions.Html.TestLogger.dll
C:\Program Files\dotnet\sdk\8.0.403\Extensions\Microsoft.VisualStudio.TestPlatform.Extensions.Trx.TestLogger.dll
TpTrace Verbose: 0 : 4628, 5, 2025/10/15, 11:01:40.690, 3819281971, vstest.console.dll, TestPluginCache.GetExtensionPaths: Added unfilterableExtensionPaths: 
TpTrace Verbose: 0 : 4628, 5, 2025/10/15, 11:01:40.691, 3819295558, vstest.console.dll, TestRequestSender.InitializeExecution: Sending initialize execution with message: {"Version":5,"MessageType":"TestExecution.Initialize","Payload":["C:\\Users\\Student3\\Desktop\\DevOps\\08-Exercise-CI-CD-GitHub-Actions-Resources\\08-Exercise-CI-CD-GitHub-Actions-Resources\\06-SeleniumWebDriver\\TestProject3\\bin\\Debug\\net6.0\\fine-code-coverage\\build-output\\NUnit3.TestAdapter.dll"]}
TpTrace Verbose: 0 : 4628, 5, 2025/10/15, 11:01:40.691, 3819296536, vstest.console.dll, ParallelProxyExecutionManager.StartTestRunOnConcurrentManager: Execution starting. Started clients: 1
TpTrace Verbose: 0 : 4628, 5, 2025/10/15, 11:01:40.691, 3819297942, vstest.console.dll, TestRunRequest:SendTestRunMessage: Starting.
TpTrace Verbose: 0 : 4628, 5, 2025/10/15, 11:01:40.692, 3819298771, vstest.console.dll, MulticastDelegateUtilities.SafeInvoke: TestRun.LogMessages: Invoking callback 1/1 for Microsoft.VisualStudio.TestPlatform.CommandLine.TestRunResultAggregator., took 0 ms.
TpTrace Information: 0 : 4628, 5, 2025/10/15, 11:01:40.692, 3819298957, vstest.console.dll, TestRunRequest:SendTestRunMessage: Completed.
TpTrace Verbose: 0 : 4628, 4, 2025/10/15, 11:01:40.692, 3819301074, vstest.console.dll, MulticastDelegateUtilities.SafeInvoke: InternalTestLoggerEvents.SendTestRunMessage: Invoking callback 1/1 for Microsoft.VisualStudio.TestPlatform.CommandLine.Internal.ConsoleLogger., took 0 ms.
TpTrace Warning: 0 : 4628, 5, 2025/10/15, 11:01:40.692, 3819301128, vstest.console.dll, InferRunSettingsHelper.MakeRunsettingsCompatible: Removing the following settings: TargetPlatform from RunSettings file. To use those settings please move to latest version of Microsoft.NET.Test.Sdk
TpTrace Verbose: 0 : 4628, 5, 2025/10/15, 11:01:40.695, 3819328760, vstest.console.dll, TestRequestSender.StartTestRun: Sending test run with message: {"Version":5,"MessageType":"TestExecution.StartWithSources","Payload":{"AdapterSourceMap":{"_none_":["C:\\Users\\Student3\\Desktop\\DevOps\\08-Exercise-CI-CD-GitHub-Actions-Resources\\08-Exercise-CI-CD-GitHub-Actions-Resources\\06-SeleniumWebDriver\\TestProject3\\bin\\Debug\\net6.0\\fine-code-coverage\\build-output\\TestProject3.dll"]},"RunSettings":"<RunSettings>\r\n  <RunConfiguration>\r\n    <ResultsDirectory>C:\\Users\\Student3\\Desktop\\DevOps\\08-Exercise-CI-CD-GitHub-Actions-Resources\\08-Exercise-CI-CD-GitHub-Actions-Resources\\06-SeleniumWebDriver\\TestProject3\\bin\\Debug\\net6.0\\fine-code-coverage\\coverage-tool-output</ResultsDirectory>\r\n    <TargetFrameworkVersion>.NETCoreApp,Version=v6.0</TargetFrameworkVersion>\r\n    <DesignMode>False</DesignMode>\r\n    <CollectSourceInformation>False</CollectSourceInformation>\r\n  </RunConfiguration>\r\n  <LoggerRunSettings>\r\n    <Loggers>\r\n      <Logger friendlyName=\"blame\" enabled=\"True\" />\r\n      <Logger friendlyName=\"Console\" uri=\"logger://microsoft/TestPlatform/ConsoleLogger/v1\" assemblyQualifiedName=\"Microsoft.VisualStudio.TestPlatform.CommandLine.Internal.ConsoleLogger, vstest.console, Version=15.0.0.0, Culture=neutral, PublicKeyToken=b03f5f7f11d50a3a\" codeBase=\"C:\\Program Files\\dotnet\\sdk\\8.0.403\\vstest.console.dll\" enabled=\"True\" />\r\n    </Loggers>\r\n  </LoggerRunSettings>\r\n  <DataCollectionRunSettings>\r\n    <DataCollectors>\r\n      <DataCollector friendlyName=\"blame\" enabled=\"True\">\r\n        <Configuration>\r\n          <ResultsDirectory>C:\\Users\\Student3\\Desktop\\DevOps\\08-Exercise-CI-CD-GitHub-Actions-Resources\\08-Exercise-CI-CD-GitHub-Actions-Resources\\06-SeleniumWebDriver\\TestProject3\\bin\\Debug\\net6.0\\fine-code-coverage\\coverage-tool-output</ResultsDirectory>\r\n        </Configuration>\r\n      </DataCollector>\r\n    </DataCollectors>\r\n  </DataCollectionRunSettings>\r\n</RunSettings>","TestExecutionContext":{"FrequencyOfRunStatsChangeEvent":10,"RunStatsChangeEventTimeout":"00:00:01.5000000","InIsolation":false,"KeepAlive":false,"AreTestCaseLevelEventsRequired":false,"IsDebug":false,"TestCaseFilter":null,"FilterOptions":null},"Package":null}}
TpTrace Verbose: 0 : 4628, 5, 2025/10/15, 11:01:40.695, 3819329608, vstest.console.dll, ParallelProxyExecutionManager.StartTestRunOnConcurrentManager: Execution started. Started clients: 1
TpTrace Verbose: 0 : 4628, 12, 2025/10/15, 11:01:40.695, 3819329836, vstest.console.dll, TcpClientExtensions.MessageLoopAsync: NotifyDataAvailable remoteEndPoint: 127.0.0.1:56516 localEndPoint: 127.0.0.1:56515
TpTrace Verbose: 0 : 4628, 12, 2025/10/15, 11:01:40.695, 3819331642, vstest.console.dll, TestRequestSender.OnExecutionMessageReceived: Received message: {"Version":5,"MessageType":"TestSession.Message","Payload":{"MessageLevel":0,"Message":"Logging TestHost Diagnostics in file: C:\\Users\\Student3\\Desktop\\DevOps\\08-Exercise-CI-CD-GitHub-Actions-Resources\\08-Exercise-CI-CD-GitHub-Actions-Resources\\06-SeleniumWebDriver\\TestProject3\\bin\\Debug\\net6.0\\fine-code-coverage\\coverage-tool-output\\diagnostics.host.25-10-15_11-01-40_35533_5.log"}}
TpTrace Verbose: 0 : 4628, 12, 2025/10/15, 11:01:40.696, 3819344041, vstest.console.dll, TestRunRequest:SendTestRunMessage: Starting.
TpTrace Verbose: 0 : 4628, 12, 2025/10/15, 11:01:40.696, 3819344651, vstest.console.dll, MulticastDelegateUtilities.SafeInvoke: TestRun.LogMessages: Invoking callback 1/1 for Microsoft.VisualStudio.TestPlatform.CommandLine.TestRunResultAggregator., took 0 ms.
TpTrace Information: 0 : 4628, 12, 2025/10/15, 11:01:40.696, 3819344830, vstest.console.dll, TestRunRequest:SendTestRunMessage: Completed.
TpTrace Verbose: 0 : 4628, 12, 2025/10/15, 11:01:40.696, 3819344991, vstest.console.dll, MulticastDelegateUtilities.SafeInvoke: LengthPrefixCommunicationChannel: MessageReceived: Invoking callback 1/1 for Microsoft.VisualStudio.TestPlatform.CommunicationUtilities.TestRequestSender+<>c__DisplayClass34_0., took 1 ms.
TpTrace Verbose: 0 : 4628, 12, 2025/10/15, 11:01:40.696, 3819345109, vstest.console.dll, TcpClientExtensions.MessageLoopAsync: Polling on remoteEndPoint: 127.0.0.1:56516 localEndPoint: 127.0.0.1:56515 after 6 ms
TpTrace Verbose: 0 : 4628, 4, 2025/10/15, 11:01:40.696, 3819345841, vstest.console.dll, MulticastDelegateUtilities.SafeInvoke: InternalTestLoggerEvents.SendTestRunMessage: Invoking callback 1/1 for Microsoft.VisualStudio.TestPlatform.CommandLine.Internal.ConsoleLogger., took 0 ms.
TpTrace Verbose: 0 : 4628, 12, 2025/10/15, 11:01:40.788, 3820262030, vstest.console.dll, TcpClientExtensions.MessageLoopAsync: NotifyDataAvailable remoteEndPoint: 127.0.0.1:56516 localEndPoint: 127.0.0.1:56515
TpTrace Verbose: 0 : 4628, 12, 2025/10/15, 11:01:40.788, 3820263301, vstest.console.dll, TestRequestSender.OnExecutionMessageReceived: Received message: {"Version":5,"MessageType":"TestSession.Message","Payload":{"MessageLevel":0,"Message":"NUnit Adapter 4.2.0.0: Test execution started"}}
TpTrace Verbose: 0 : 4628, 12, 2025/10/15, 11:01:40.788, 3820264498, vstest.console.dll, TestRunRequest:SendTestRunMessage: Starting.
TpTrace Verbose: 0 : 4628, 12, 2025/10/15, 11:01:40.788, 3820264892, vstest.console.dll, MulticastDelegateUtilities.SafeInvoke: TestRun.LogMessages: Invoking callback 1/1 for Microsoft.VisualStudio.TestPlatform.CommandLine.TestRunResultAggregator., took 0 ms.
TpTrace Information: 0 : 4628, 12, 2025/10/15, 11:01:40.788, 3820265042, vstest.console.dll, TestRunRequest:SendTestRunMessage: Completed.
TpTrace Verbose: 0 : 4628, 12, 2025/10/15, 11:01:40.788, 3820265157, vstest.console.dll, MulticastDelegateUtilities.SafeInvoke: LengthPrefixCommunicationChannel: MessageReceived: Invoking callback 1/1 for Microsoft.VisualStudio.TestPlatform.CommunicationUtilities.TestRequestSender+<>c__DisplayClass34_0., took 0 ms.
TpTrace Verbose: 0 : 4628, 12, 2025/10/15, 11:01:40.788, 3820265293, vstest.console.dll, TcpClientExtensions.MessageLoopAsync: Polling on remoteEndPoint: 127.0.0.1:56516 localEndPoint: 127.0.0.1:56515 after 92 ms
TpTrace Verbose: 0 : 4628, 4, 2025/10/15, 11:01:40.788, 3820266166, vstest.console.dll, MulticastDelegateUtilities.SafeInvoke: InternalTestLoggerEvents.SendTestRunMessage: Invoking callback 1/1 for Microsoft.VisualStudio.TestPlatform.CommandLine.Internal.ConsoleLogger., took 0 ms.
TpTrace Verbose: 0 : 4628, 12, 2025/10/15, 11:01:40.807, 3820456457, vstest.console.dll, TcpClientExtensions.MessageLoopAsync: NotifyDataAvailable remoteEndPoint: 127.0.0.1:56516 localEndPoint: 127.0.0.1:56515
TpTrace Verbose: 0 : 4628, 12, 2025/10/15, 11:01:40.807, 3820457564, vstest.console.dll, TestRequestSender.OnExecutionMessageReceived: Received message: {"Version":5,"MessageType":"TestSession.Message","Payload":{"MessageLevel":0,"Message":"Running all tests in C:\\Users\\Student3\\Desktop\\DevOps\\08-Exercise-CI-CD-GitHub-Actions-Resources\\08-Exercise-CI-CD-GitHub-Actions-Resources\\06-SeleniumWebDriver\\TestProject3\\bin\\Debug\\net6.0\\fine-code-coverage\\build-output\\TestProject3.dll"}}
TpTrace Verbose: 0 : 4628, 12, 2025/10/15, 11:01:40.808, 3820458298, vstest.console.dll, TestRunRequest:SendTestRunMessage: Starting.
TpTrace Verbose: 0 : 4628, 12, 2025/10/15, 11:01:40.808, 3820458559, vstest.console.dll, MulticastDelegateUtilities.SafeInvoke: TestRun.LogMessages: Invoking callback 1/1 for Microsoft.VisualStudio.TestPlatform.CommandLine.TestRunResultAggregator., took 0 ms.
TpTrace Information: 0 : 4628, 12, 2025/10/15, 11:01:40.808, 3820458672, vstest.console.dll, TestRunRequest:SendTestRunMessage: Completed.
TpTrace Verbose: 0 : 4628, 12, 2025/10/15, 11:01:40.808, 3820458786, vstest.console.dll, MulticastDelegateUtilities.SafeInvoke: LengthPrefixCommunicationChannel: MessageReceived: Invoking callback 1/1 for Microsoft.VisualStudio.TestPlatform.CommunicationUtilities.TestRequestSender+<>c__DisplayClass34_0., took 0 ms.
TpTrace Verbose: 0 : 4628, 12, 2025/10/15, 11:01:40.808, 3820458936, vstest.console.dll, TcpClientExtensions.MessageLoopAsync: Polling on remoteEndPoint: 127.0.0.1:56516 localEndPoint: 127.0.0.1:56515 after 19 ms
TpTrace Verbose: 0 : 4628, 4, 2025/10/15, 11:01:40.808, 3820458875, vstest.console.dll, MulticastDelegateUtilities.SafeInvoke: InternalTestLoggerEvents.SendTestRunMessage: Invoking callback 1/1 for Microsoft.VisualStudio.TestPlatform.CommandLine.Internal.ConsoleLogger., took 0 ms.
TpTrace Verbose: 0 : 4628, 12, 2025/10/15, 11:01:40.883, 3821218009, vstest.console.dll, TcpClientExtensions.MessageLoopAsync: NotifyDataAvailable remoteEndPoint: 127.0.0.1:56516 localEndPoint: 127.0.0.1:56515
TpTrace Verbose: 0 : 4628, 12, 2025/10/15, 11:01:40.884, 3821219568, vstest.console.dll, TestRequestSender.OnExecutionMessageReceived: Received message: {"Version":5,"MessageType":"TestSession.Message","Payload":{"MessageLevel":0,"Message":"   NUnit3TestExecutor discovered 1 of 1 NUnit test cases using Current Discovery mode, Non-Explicit run"}}
TpTrace Verbose: 0 : 4628, 12, 2025/10/15, 11:01:40.884, 3821220593, vstest.console.dll, TestRunRequest:SendTestRunMessage: Starting.
TpTrace Verbose: 0 : 4628, 12, 2025/10/15, 11:01:40.884, 3821220900, vstest.console.dll, MulticastDelegateUtilities.SafeInvoke: TestRun.LogMessages: Invoking callback 1/1 for Microsoft.VisualStudio.TestPlatform.CommandLine.TestRunResultAggregator., took 0 ms.
TpTrace Information: 0 : 4628, 12, 2025/10/15, 11:01:40.884, 3821221028, vstest.console.dll, TestRunRequest:SendTestRunMessage: Completed.
TpTrace Verbose: 0 : 4628, 12, 2025/10/15, 11:01:40.884, 3821221212, vstest.console.dll, MulticastDelegateUtilities.SafeInvoke: LengthPrefixCommunicationChannel: MessageReceived: Invoking callback 1/1 for Microsoft.VisualStudio.TestPlatform.CommunicationUtilities.TestRequestSender+<>c__DisplayClass34_0., took 0 ms.
TpTrace Verbose: 0 : 4628, 12, 2025/10/15, 11:01:40.884, 3821221363, vstest.console.dll, TcpClientExtensions.MessageLoopAsync: Polling on remoteEndPoint: 127.0.0.1:56516 localEndPoint: 127.0.0.1:56515 after 76 ms
TpTrace Verbose: 0 : 4628, 4, 2025/10/15, 11:01:40.884, 3821221770, vstest.console.dll, MulticastDelegateUtilities.SafeInvoke: InternalTestLoggerEvents.SendTestRunMessage: Invoking callback 1/1 for Microsoft.VisualStudio.TestPlatform.CommandLine.Internal.ConsoleLogger., took 0 ms.
TpTrace Verbose: 0 : 4628, 12, 2025/10/15, 11:01:41.891, 3831288195, vstest.console.dll, TcpClientExtensions.MessageLoopAsync: Polling on remoteEndPoint: 127.0.0.1:56516 localEndPoint: 127.0.0.1:56515 after 1006 ms
TpTrace Verbose: 0 : 4628, 12, 2025/10/15, 11:01:42.254, 3834925958, vstest.console.dll, TcpClientExtensions.MessageLoopAsync: NotifyDataAvailable remoteEndPoint: 127.0.0.1:56516 localEndPoint: 127.0.0.1:56515
TpTrace Verbose: 0 : 4628, 12, 2025/10/15, 11:01:42.254, 3834928000, vstest.console.dll, TestRequestSender.OnExecutionMessageReceived: Received message: {"Version":5,"MessageType":"TestExecution.StatsChange","Payload":{"NewTestResults":[],"TestRunStatistics":{"ExecutedTests":0,"Stats":{}},"ActiveTests":[{"Id":"baf31619-d4b3-543a-7e37-c04c563785f1","FullyQualifiedName":"TestProject3.WorkingWithDropDown.TestSelectFromDropDown","DisplayName":"TestSelectFromDropDown","ExecutorUri":"executor://NUnit3TestExecutor","Source":"C:\\Users\\Student3\\Desktop\\DevOps\\08-Exercise-CI-CD-GitHub-Actions-Resources\\08-Exercise-CI-CD-GitHub-Actions-Resources\\06-SeleniumWebDriver\\TestProject3\\bin\\Debug\\net6.0\\fine-code-coverage\\build-output\\TestProject3.dll","CodeFilePath":null,"LineNumber":0,"Properties":[{"Key":{"Id":"NUnit.Seed","Label":"Seed","Category":"","Description":"","Attributes":0,"ValueType":"System.String"},"Value":"1204309046"}]}]}}
TpTrace Verbose: 0 : 4628, 12, 2025/10/15, 11:01:42.264, 3835025160, vstest.console.dll, TestRunRequest:SendTestRunStatsChange: Starting.
TpTrace Verbose: 0 : 4628, 12, 2025/10/15, 11:01:42.264, 3835026234, vstest.console.dll, InProgress is TestSelectFromDropDown
TpTrace Verbose: 0 : 4628, 12, 2025/10/15, 11:01:42.264, 3835026748, vstest.console.dll, MulticastDelegateUtilities.SafeInvoke: TestRun.RunStatsChanged: Invoking callbacks was skipped because there are no subscribers.
TpTrace Information: 0 : 4628, 12, 2025/10/15, 11:01:42.264, 3835026923, vstest.console.dll, TestRunRequest:SendTestRunStatsChange: Completed.
TpTrace Verbose: 0 : 4628, 12, 2025/10/15, 11:01:42.264, 3835027135, vstest.console.dll, MulticastDelegateUtilities.SafeInvoke: LengthPrefixCommunicationChannel: MessageReceived: Invoking callback 1/1 for Microsoft.VisualStudio.TestPlatform.CommunicationUtilities.TestRequestSender+<>c__DisplayClass34_0., took 9 ms.
TpTrace Verbose: 0 : 4628, 12, 2025/10/15, 11:01:42.264, 3835027408, vstest.console.dll, TcpClientExtensions.MessageLoopAsync: Polling on remoteEndPoint: 127.0.0.1:56516 localEndPoint: 127.0.0.1:56515 after 373 ms
TpTrace Verbose: 0 : 4628, 12, 2025/10/15, 11:01:43.266, 3845040023, vstest.console.dll, TcpClientExtensions.MessageLoopAsync: Polling on remoteEndPoint: 127.0.0.1:56516 localEndPoint: 127.0.0.1:56515 after 1001 ms
TpTrace Verbose: 0 : 4628, 13, 2025/10/15, 11:01:43.699, 3849375704, vstest.console.dll, TestHostManagerCallbacks.StandardOutputReceivedCallback Test host standard output line: Starting ChromeDriver 141.0.7390.78 (2b53b0e231fc1be9d07dd91143c7eae0ffbfcab5-refs/branch-heads/7390_65@{#5}) on port 56518
TpTrace Verbose: 0 : 4628, 13, 2025/10/15, 11:01:43.699, 3849377544, vstest.console.dll, MulticastDelegateUtilities.SafeInvoke: TestRunMessageLoggerProxy.SendMessage: Invoking callback 1/1 for Microsoft.VisualStudio.TestPlatform.Common.Logging.InternalTestLoggerEvents., took 0 ms.
TpTrace Verbose: 0 : 4628, 13, 2025/10/15, 11:01:43.699, 3849377938, vstest.console.dll, TestHostManagerCallbacks.StandardOutputReceivedCallback Test host standard output line: Only local connections are allowed.
TpTrace Verbose: 0 : 4628, 13, 2025/10/15, 11:01:43.700, 3849378245, vstest.console.dll, MulticastDelegateUtilities.SafeInvoke: TestRunMessageLoggerProxy.SendMessage: Invoking callback 1/1 for Microsoft.VisualStudio.TestPlatform.Common.Logging.InternalTestLoggerEvents., took 0 ms.
TpTrace Verbose: 0 : 4628, 13, 2025/10/15, 11:01:43.700, 3849378372, vstest.console.dll, TestHostManagerCallbacks.StandardOutputReceivedCallback Test host standard output line: Please see https://chromedriver.chromium.org/security-considerations for suggestions on keeping ChromeDriver safe.
TpTrace Verbose: 0 : 4628, 4, 2025/10/15, 11:01:43.700, 3849378458, vstest.console.dll, MulticastDelegateUtilities.SafeInvoke: InternalTestLoggerEvents.SendMessage: Invoking callback 1/1 for Microsoft.VisualStudio.TestPlatform.CommandLine.Internal.ConsoleLogger., took 0 ms.
TpTrace Verbose: 0 : 4628, 13, 2025/10/15, 11:01:43.700, 3849378605, vstest.console.dll, MulticastDelegateUtilities.SafeInvoke: TestRunMessageLoggerProxy.SendMessage: Invoking callback 1/1 for Microsoft.VisualStudio.TestPlatform.Common.Logging.InternalTestLoggerEvents., took 0 ms.
TpTrace Verbose: 0 : 4628, 4, 2025/10/15, 11:01:43.700, 3849379100, vstest.console.dll, MulticastDelegateUtilities.SafeInvoke: InternalTestLoggerEvents.SendMessage: Invoking callback 1/1 for Microsoft.VisualStudio.TestPlatform.CommandLine.Internal.ConsoleLogger., took 0 ms.
TpTrace Verbose: 0 : 4628, 4, 2025/10/15, 11:01:43.700, 3849379770, vstest.console.dll, MulticastDelegateUtilities.SafeInvoke: InternalTestLoggerEvents.SendMessage: Invoking callback 1/1 for Microsoft.VisualStudio.TestPlatform.CommandLine.Internal.ConsoleLogger., took 0 ms.
TpTrace Verbose: 0 : 4628, 13, 2025/10/15, 11:01:43.705, 3849436593, vstest.console.dll, TestHostManagerCallbacks.StandardOutputReceivedCallback Test host standard output line: ChromeDriver was started successfully on port 56518.
TpTrace Verbose: 0 : 4628, 13, 2025/10/15, 11:01:43.705, 3849437209, vstest.console.dll, MulticastDelegateUtilities.SafeInvoke: TestRunMessageLoggerProxy.SendMessage: Invoking callback 1/1 for Microsoft.VisualStudio.TestPlatform.Common.Logging.InternalTestLoggerEvents., took 0 ms.
TpTrace Verbose: 0 : 4628, 4, 2025/10/15, 11:01:43.706, 3849438124, vstest.console.dll, MulticastDelegateUtilities.SafeInvoke: InternalTestLoggerEvents.SendMessage: Invoking callback 1/1 for Microsoft.VisualStudio.TestPlatform.CommandLine.Internal.ConsoleLogger., took 0 ms.
TpTrace Verbose: 0 : 4628, 12, 2025/10/15, 11:01:44.273, 3855110296, vstest.console.dll, TcpClientExtensions.MessageLoopAsync: Polling on remoteEndPoint: 127.0.0.1:56516 localEndPoint: 127.0.0.1:56515 after 1006 ms
TpTrace Verbose: 0 : 4628, 12, 2025/10/15, 11:01:45.274, 3865123190, vstest.console.dll, TcpClientExtensions.MessageLoopAsync: Polling on remoteEndPoint: 127.0.0.1:56516 localEndPoint: 127.0.0.1:56515 after 1001 ms
TpTrace Verbose: 0 : 4628, 12, 2025/10/15, 11:01:46.280, 3875184808, vstest.console.dll, TcpClientExtensions.MessageLoopAsync: Polling on remoteEndPoint: 127.0.0.1:56516 localEndPoint: 127.0.0.1:56515 after 1005 ms
